-- The C compiler identification is GNU 11.3.0
-- The CXX compiler identification is GNU 11.3.0
-- Detecting C compiler ABI info
-- Detecting C compiler ABI info - done
-- Check for working C compiler: /usr/bin/cc - skipped
-- Detecting C compile features
-- Detecting C compile features - done
-- Detecting CXX compiler ABI info
-- Detecting CXX compiler ABI info - done
-- Check for working CXX compiler: /usr/bin/c++ - skipped
-- Detecting CXX compile features
-- Detecting CXX compile features - done
-- Found ament_cmake: 1.3.2 (/opt/ros/humble/share/ament_cmake/cmake)
-- Found Python3: /usr/bin/python3.10 (found version "3.10.6") found components: Interpreter 
-- Found rclcpp: 16.0.1 (/opt/ros/humble/share/rclcpp/cmake)
-- Found rosidl_generator_c: 3.1.3 (/opt/ros/humble/share/rosidl_generator_c/cmake)
-- Found rosidl_adapter: 3.1.3 (/opt/ros/humble/share/rosidl_adapter/cmake)
-- Found rosidl_generator_cpp: 3.1.3 (/opt/ros/humble/share/rosidl_generator_cpp/cmake)
-- Using all available rosidl_typesupport_c: rosidl_typesupport_fastrtps_c;rosidl_typesupport_introspection_c
-- Using all available rosidl_typesupport_cpp: rosidl_typesupport_fastrtps_cpp;rosidl_typesupport_introspection_cpp
-- Found rmw_implementation_cmake: 6.1.0 (/opt/ros/humble/share/rmw_implementation_cmake/cmake)
-- Found rmw_fastrtps_cpp: 6.2.1 (/opt/ros/humble/share/rmw_fastrtps_cpp/cmake)
-- Found OpenSSL: /usr/lib/x86_64-linux-gnu/libcrypto.so (found version "3.0.2")  
-- Found FastRTPS: /opt/ros/humble/include  
-- Using RMW implementation 'rmw_fastrtps_cpp' as default
-- Found ament_lint_auto: 0.12.4 (/opt/ros/humble/share/ament_lint_auto/cmake)
-- Added test 'cppcheck' to perform static code analysis on C / C++ code
-- Configured cppcheck include dirs: $<BUILD_INTERFACE:/home/zzw/ws01_plumbing/src/cpp05_names/include>
-- Configured cppcheck exclude dirs and/or files: 
-- Added test 'flake8' to check Python code syntax and style conventions
-- Added test 'lint_cmake' to check CMake code style
-- Added test 'pep257' to check Python code against some of the docstring style conventions in PEP 257
-- Added test 'uncrustify' to check C / C++ code style
-- Configured uncrustify additional arguments: 
-- Added test 'xmllint' to check XML markup files
-- Configuring done
-- Generating done
-- Build files have been written to: /home/zzw/ws01_plumbing/build/cpp05_names
[ 50%] [32mBuilding CXX object CMakeFiles/demo01_names.dir/src/demo01_names.cpp.o[0m
[100%] [32m[1mLinking CXX executable demo01_names[0m
[100%] Built target demo01_names
-- Install configuration: ""
-- Installing: /home/zzw/ws01_plumbing/install/cpp05_names/lib/cpp05_names/demo01_names
-- Set runtime path of "/home/zzw/ws01_plumbing/install/cpp05_names/lib/cpp05_names/demo01_names" to ""
-- Installing: /home/zzw/ws01_plumbing/install/cpp05_names/share/cpp05_names/launch
-- Installing: /home/zzw/ws01_plumbing/install/cpp05_names/share/cpp05_names/launch/demo03_names_launch.yaml
-- Installing: /home/zzw/ws01_plumbing/install/cpp05_names/share/cpp05_names/launch/demo02_names_launch.xml
-- Installing: /home/zzw/ws01_plumbing/install/cpp05_names/share/cpp05_names/launch/demo01_names_launch.py
-- Installing: /home/zzw/ws01_plumbing/install/cpp05_names/share/ament_index/resource_index/package_run_dependencies/cpp05_names
-- Installing: /home/zzw/ws01_plumbing/install/cpp05_names/share/ament_index/resource_index/parent_prefix_path/cpp05_names
-- Installing: /home/zzw/ws01_plumbing/install/cpp05_names/share/cpp05_names/environment/ament_prefix_path.sh
-- Installing: /home/zzw/ws01_plumbing/install/cpp05_names/share/cpp05_names/environment/ament_prefix_path.dsv
-- Installing: /home/zzw/ws01_plumbing/install/cpp05_names/share/cpp05_names/environment/path.sh
-- Installing: /home/zzw/ws01_plumbing/install/cpp05_names/share/cpp05_names/environment/path.dsv
-- Installing: /home/zzw/ws01_plumbing/install/cpp05_names/share/cpp05_names/local_setup.bash
-- Installing: /home/zzw/ws01_plumbing/install/cpp05_names/share/cpp05_names/local_setup.sh
-- Installing: /home/zzw/ws01_plumbing/install/cpp05_names/share/cpp05_names/local_setup.zsh
-- Installing: /home/zzw/ws01_plumbing/install/cpp05_names/share/cpp05_names/local_setup.dsv
-- Installing: /home/zzw/ws01_plumbing/install/cpp05_names/share/cpp05_names/package.dsv
-- Installing: /home/zzw/ws01_plumbing/install/cpp05_names/share/ament_index/resource_index/packages/cpp05_names
-- Installing: /home/zzw/ws01_plumbing/install/cpp05_names/share/cpp05_names/cmake/cpp05_namesConfig.cmake
-- Installing: /home/zzw/ws01_plumbing/install/cpp05_names/share/cpp05_names/cmake/cpp05_namesConfig-version.cmake
-- Installing: /home/zzw/ws01_plumbing/install/cpp05_names/share/cpp05_names/package.xml
