[0.617s] Invoking command in '/home/zzw/ws01_plumbing/build/cpp05_names': CMAKE_PREFIX_PATH=/opt/ros/humble /usr/bin/cmake --build /home/zzw/ws01_plumbing/build/cpp05_names -- -j8 -l8
[1.804s] [35m[1mConsolidate compiler generated dependencies of target demo01_names[0m
[3.206s] [100%] Built target demo01_names
[3.220s] Invoked command in '/home/zzw/ws01_plumbing/build/cpp05_names' returned '0': CMAKE_PREFIX_PATH=/opt/ros/humble /usr/bin/cmake --build /home/zzw/ws01_plumbing/build/cpp05_names -- -j8 -l8
[3.255s] Invoking command in '/home/zzw/ws01_plumbing/build/cpp05_names': CMAKE_PREFIX_PATH=/opt/ros/humble /usr/bin/cmake --install /home/zzw/ws01_plumbing/build/cpp05_names
[3.295s] -- Install configuration: ""
[3.369s] -- Up-to-date: /home/zzw/ws01_plumbing/install/cpp05_names/lib/cpp05_names/demo01_names
[3.370s] -- Up-to-date: /home/zzw/ws01_plumbing/install/cpp05_names/share/cpp05_names/launch
[3.370s] -- Up-to-date: /home/zzw/ws01_plumbing/install/cpp05_names/share/cpp05_names/launch/demo03_names_launch.yaml
[3.371s] -- Up-to-date: /home/zzw/ws01_plumbing/install/cpp05_names/share/cpp05_names/launch/demo02_names_launch.xml
[3.371s] -- Up-to-date: /home/zzw/ws01_plumbing/install/cpp05_names/share/cpp05_names/launch/demo01_names_launch.py
[3.371s] -- Up-to-date: /home/zzw/ws01_plumbing/install/cpp05_names/share/ament_index/resource_index/package_run_dependencies/cpp05_names
[3.371s] -- Up-to-date: /home/zzw/ws01_plumbing/install/cpp05_names/share/ament_index/resource_index/parent_prefix_path/cpp05_names
[3.371s] -- Up-to-date: /home/zzw/ws01_plumbing/install/cpp05_names/share/cpp05_names/environment/ament_prefix_path.sh
[3.372s] -- Up-to-date: /home/zzw/ws01_plumbing/install/cpp05_names/share/cpp05_names/environment/ament_prefix_path.dsv
[3.372s] -- Up-to-date: /home/zzw/ws01_plumbing/install/cpp05_names/share/cpp05_names/environment/path.sh
[3.372s] -- Up-to-date: /home/zzw/ws01_plumbing/install/cpp05_names/share/cpp05_names/environment/path.dsv
[3.372s] -- Up-to-date: /home/zzw/ws01_plumbing/install/cpp05_names/share/cpp05_names/local_setup.bash
[3.372s] -- Up-to-date: /home/zzw/ws01_plumbing/install/cpp05_names/share/cpp05_names/local_setup.sh
[3.372s] -- Up-to-date: /home/zzw/ws01_plumbing/install/cpp05_names/share/cpp05_names/local_setup.zsh
[3.372s] -- Up-to-date: /home/zzw/ws01_plumbing/install/cpp05_names/share/cpp05_names/local_setup.dsv
[3.372s] -- Installing: /home/zzw/ws01_plumbing/install/cpp05_names/share/cpp05_names/package.dsv
[3.381s] -- Up-to-date: /home/zzw/ws01_plumbing/install/cpp05_names/share/ament_index/resource_index/packages/cpp05_names
[3.381s] -- Up-to-date: /home/zzw/ws01_plumbing/install/cpp05_names/share/cpp05_names/cmake/cpp05_namesConfig.cmake
[3.381s] -- Up-to-date: /home/zzw/ws01_plumbing/install/cpp05_names/share/cpp05_names/cmake/cpp05_namesConfig-version.cmake
[3.381s] -- Up-to-date: /home/zzw/ws01_plumbing/install/cpp05_names/share/cpp05_names/package.xml
[3.827s] Invoked command in '/home/zzw/ws01_plumbing/build/cpp05_names' returned '0': CMAKE_PREFIX_PATH=/opt/ros/humble /usr/bin/cmake --install /home/zzw/ws01_plumbing/build/cpp05_names
