-- The C compiler identification is GNU 11.3.0
-- The CXX compiler identification is GNU 11.3.0
-- Detecting C compiler ABI info
-- Detecting C compiler ABI info - done
-- Check for working C compiler: /usr/bin/cc - skipped
-- Detecting C compile features
-- Detecting C compile features - done
-- Detecting CXX compiler ABI info
-- Detecting CXX compiler ABI info - done
-- Check for working CXX compiler: /usr/bin/c++ - skipped
-- Detecting CXX compile features
-- Detecting CXX compile features - done
-- Found ament_cmake: 1.3.2 (/opt/ros/humble/share/ament_cmake/cmake)
-- Found Python3: /usr/bin/python3.10 (found version "3.10.6") found components: Interpreter 
-- Found rclcpp: 16.0.1 (/opt/ros/humble/share/rclcpp/cmake)
-- Found rosidl_generator_c: 3.1.3 (/opt/ros/humble/share/rosidl_generator_c/cmake)
-- Found rosidl_adapter: 3.1.3 (/opt/ros/humble/share/rosidl_adapter/cmake)
-- Found rosidl_generator_cpp: 3.1.3 (/opt/ros/humble/share/rosidl_generator_cpp/cmake)
-- Using all available rosidl_typesupport_c: rosidl_typesupport_fastrtps_c;rosidl_typesupport_introspection_c
-- Using all available rosidl_typesupport_cpp: rosidl_typesupport_fastrtps_cpp;rosidl_typesupport_introspection_cpp
-- Found rmw_implementation_cmake: 6.1.0 (/opt/ros/humble/share/rmw_implementation_cmake/cmake)
-- Found rmw_fastrtps_cpp: 6.2.1 (/opt/ros/humble/share/rmw_fastrtps_cpp/cmake)
-- Found OpenSSL: /usr/lib/x86_64-linux-gnu/libcrypto.so (found version "3.0.2")  
-- Found FastRTPS: /opt/ros/humble/include  
-- Using RMW implementation 'rmw_fastrtps_cpp' as default
-- Found ament_lint_auto: 0.12.4 (/opt/ros/humble/share/ament_lint_auto/cmake)
-- Added test 'cppcheck' to perform static code analysis on C / C++ code
-- Configured cppcheck include dirs: $<BUILD_INTERFACE:/home/zzw/ws01_plumbing/src/cpp04_param/include>
-- Configured cppcheck exclude dirs and/or files: 
-- Added test 'lint_cmake' to check CMake code style
-- Added test 'uncrustify' to check C / C++ code style
-- Configured uncrustify additional arguments: 
-- Added test 'xmllint' to check XML markup files
-- Configuring done
-- Generating done
-- Build files have been written to: /home/zzw/ws01_plumbing/build/cpp04_param
[ 33%] [32mBuilding CXX object CMakeFiles/demo02_param_client.dir/src/demo02_param_client.cpp.o[0m
[ 33%] [32mBuilding CXX object CMakeFiles/demo00_param.dir/src/demo00_param.cpp.o[0m
[ 50%] [32mBuilding CXX object CMakeFiles/demo01_param_server.dir/src/demo01_param_server.cpp.o[0m
[ 66%] [32m[1mLinking CXX executable demo00_param[0m
[ 83%] [32m[1mLinking CXX executable demo01_param_server[0m
[100%] [32m[1mLinking CXX executable demo02_param_client[0m
[100%] Built target demo00_param
[100%] Built target demo01_param_server
[100%] Built target demo02_param_client
-- Install configuration: ""
-- Installing: /home/zzw/ws01_plumbing/install/cpp04_param/lib/cpp04_param/demo00_param
-- Set runtime path of "/home/zzw/ws01_plumbing/install/cpp04_param/lib/cpp04_param/demo00_param" to ""
-- Installing: /home/zzw/ws01_plumbing/install/cpp04_param/lib/cpp04_param/demo01_param_server
-- Set runtime path of "/home/zzw/ws01_plumbing/install/cpp04_param/lib/cpp04_param/demo01_param_server" to ""
-- Installing: /home/zzw/ws01_plumbing/install/cpp04_param/lib/cpp04_param/demo02_param_client
-- Set runtime path of "/home/zzw/ws01_plumbing/install/cpp04_param/lib/cpp04_param/demo02_param_client" to ""
-- Installing: /home/zzw/ws01_plumbing/install/cpp04_param/share/ament_index/resource_index/package_run_dependencies/cpp04_param
-- Installing: /home/zzw/ws01_plumbing/install/cpp04_param/share/ament_index/resource_index/parent_prefix_path/cpp04_param
-- Installing: /home/zzw/ws01_plumbing/install/cpp04_param/share/cpp04_param/environment/ament_prefix_path.sh
-- Installing: /home/zzw/ws01_plumbing/install/cpp04_param/share/cpp04_param/environment/ament_prefix_path.dsv
-- Installing: /home/zzw/ws01_plumbing/install/cpp04_param/share/cpp04_param/environment/path.sh
-- Installing: /home/zzw/ws01_plumbing/install/cpp04_param/share/cpp04_param/environment/path.dsv
-- Installing: /home/zzw/ws01_plumbing/install/cpp04_param/share/cpp04_param/local_setup.bash
-- Installing: /home/zzw/ws01_plumbing/install/cpp04_param/share/cpp04_param/local_setup.sh
-- Installing: /home/zzw/ws01_plumbing/install/cpp04_param/share/cpp04_param/local_setup.zsh
-- Installing: /home/zzw/ws01_plumbing/install/cpp04_param/share/cpp04_param/local_setup.dsv
-- Installing: /home/zzw/ws01_plumbing/install/cpp04_param/share/cpp04_param/package.dsv
-- Installing: /home/zzw/ws01_plumbing/install/cpp04_param/share/ament_index/resource_index/packages/cpp04_param
-- Installing: /home/zzw/ws01_plumbing/install/cpp04_param/share/cpp04_param/cmake/cpp04_paramConfig.cmake
-- Installing: /home/zzw/ws01_plumbing/install/cpp04_param/share/cpp04_param/cmake/cpp04_paramConfig-version.cmake
-- Installing: /home/zzw/ws01_plumbing/install/cpp04_param/share/cpp04_param/package.xml
