[0.623s] Invoking command in '/home/zzw/ws01_plumbing/build/cpp06_time': CMAKE_PREFIX_PATH=/opt/ros/humble /usr/bin/cmake --build /home/zzw/ws01_plumbing/build/cpp06_time -- -j8 -l8
[1.796s] [35m[1mConsolidate compiler generated dependencies of target demo01_time[0m
[3.061s] [100%] Built target demo01_time
[3.081s] Invoked command in '/home/zzw/ws01_plumbing/build/cpp06_time' returned '0': CMAKE_PREFIX_PATH=/opt/ros/humble /usr/bin/cmake --build /home/zzw/ws01_plumbing/build/cpp06_time -- -j8 -l8
[3.124s] Invoking command in '/home/zzw/ws01_plumbing/build/cpp06_time': CMAKE_PREFIX_PATH=/opt/ros/humble /usr/bin/cmake --install /home/zzw/ws01_plumbing/build/cpp06_time
[3.196s] -- Install configuration: ""
[3.250s] -- Up-to-date: /home/zzw/ws01_plumbing/install/cpp06_time/lib/cpp06_time/demo01_time
[3.251s] -- Up-to-date: /home/zzw/ws01_plumbing/install/cpp06_time/share/ament_index/resource_index/package_run_dependencies/cpp06_time
[3.251s] -- Up-to-date: /home/zzw/ws01_plumbing/install/cpp06_time/share/ament_index/resource_index/parent_prefix_path/cpp06_time
[3.251s] -- Up-to-date: /home/zzw/ws01_plumbing/install/cpp06_time/share/cpp06_time/environment/ament_prefix_path.sh
[3.252s] -- Up-to-date: /home/zzw/ws01_plumbing/install/cpp06_time/share/cpp06_time/environment/ament_prefix_path.dsv
[3.252s] -- Up-to-date: /home/zzw/ws01_plumbing/install/cpp06_time/share/cpp06_time/environment/path.sh
[3.252s] -- Up-to-date: /home/zzw/ws01_plumbing/install/cpp06_time/share/cpp06_time/environment/path.dsv
[3.252s] -- Up-to-date: /home/zzw/ws01_plumbing/install/cpp06_time/share/cpp06_time/local_setup.bash
[3.252s] -- Up-to-date: /home/zzw/ws01_plumbing/install/cpp06_time/share/cpp06_time/local_setup.sh
[3.252s] -- Up-to-date: /home/zzw/ws01_plumbing/install/cpp06_time/share/cpp06_time/local_setup.zsh
[3.252s] -- Up-to-date: /home/zzw/ws01_plumbing/install/cpp06_time/share/cpp06_time/local_setup.dsv
[3.253s] -- Installing: /home/zzw/ws01_plumbing/install/cpp06_time/share/cpp06_time/package.dsv
[3.281s] -- Up-to-date: /home/zzw/ws01_plumbing/install/cpp06_time/share/ament_index/resource_index/packages/cpp06_time
[3.281s] -- Up-to-date: /home/zzw/ws01_plumbing/install/cpp06_time/share/cpp06_time/cmake/cpp06_timeConfig.cmake
[3.281s] -- Up-to-date: /home/zzw/ws01_plumbing/install/cpp06_time/share/cpp06_time/cmake/cpp06_timeConfig-version.cmake
[3.281s] -- Up-to-date: /home/zzw/ws01_plumbing/install/cpp06_time/share/cpp06_time/package.xml
[3.284s] Invoked command in '/home/zzw/ws01_plumbing/build/cpp06_time' returned '0': CMAKE_PREFIX_PATH=/opt/ros/humble /usr/bin/cmake --install /home/zzw/ws01_plumbing/build/cpp06_time
