[4.583s] Invoking command in '/home/zzw/ws01_plumbing/src/py01_topic': AMENT_PREFIX_PATH=/home/zzw/ws01_plumbing/install/base_interfaces_demo:${AMENT_PREFIX_PATH} CMAKE_PREFIX_PATH=/home/zzw/ws01_plumbing/install/base_interfaces_demo LD_LIBRARY_PATH=/home/zzw/ws01_plumbing/install/base_interfaces_demo/lib:${LD_LIBRARY_PATH} PYTHONPATH=/home/zzw/ws01_plumbing/build/py01_topic/prefix_override:/home/zzw/ws01_plumbing/install/py01_topic/lib/python3.10/site-packages:/home/zzw/ws01_plumbing/install/base_interfaces_demo/local/lib/python3.10/dist-packages:${PYTHONPATH} /usr/bin/python3 setup.py egg_info --egg-base ../../build/py01_topic build --build-base /home/zzw/ws01_plumbing/build/py01_topic/build install --record /home/zzw/ws01_plumbing/build/py01_topic/install.log --single-version-externally-managed
[5.117s] running egg_info
[5.119s] writing ../../build/py01_topic/py01_topic.egg-info/PKG-INFO
[5.120s] writing dependency_links to ../../build/py01_topic/py01_topic.egg-info/dependency_links.txt
[5.121s] writing entry points to ../../build/py01_topic/py01_topic.egg-info/entry_points.txt
[5.121s] writing requirements to ../../build/py01_topic/py01_topic.egg-info/requires.txt
[5.122s] writing top-level names to ../../build/py01_topic/py01_topic.egg-info/top_level.txt
[5.129s] reading manifest file '../../build/py01_topic/py01_topic.egg-info/SOURCES.txt'
[5.132s] writing manifest file '../../build/py01_topic/py01_topic.egg-info/SOURCES.txt'
[5.133s] running build
[5.133s] running build_py
[5.134s] running install
[5.135s] /usr/lib/python3/dist-packages/setuptools/command/install.py:34: SetuptoolsDeprecationWarning: setup.py install is deprecated. Use build and pip and other standards-based tools.
[5.135s]   warnings.warn(
[5.136s] running install_lib
[5.138s] running install_data
[5.140s] running install_egg_info
[5.143s] removing '/home/zzw/ws01_plumbing/install/py01_topic/lib/python3.10/site-packages/py01_topic-0.0.0-py3.10.egg-info' (and everything under it)
[5.144s] Copying ../../build/py01_topic/py01_topic.egg-info to /home/zzw/ws01_plumbing/install/py01_topic/lib/python3.10/site-packages/py01_topic-0.0.0-py3.10.egg-info
[5.148s] running install_scripts
[5.191s] Installing demo01_talker_str_py script to /home/zzw/ws01_plumbing/install/py01_topic/lib/py01_topic
[5.192s] Installing demo02_listener_str_py script to /home/zzw/ws01_plumbing/install/py01_topic/lib/py01_topic
[5.193s] Installing demo03_talker_stu_py script to /home/zzw/ws01_plumbing/install/py01_topic/lib/py01_topic
[5.193s] Installing demo04_listener_stu_py script to /home/zzw/ws01_plumbing/install/py01_topic/lib/py01_topic
[5.194s] writing list of installed files to '/home/zzw/ws01_plumbing/build/py01_topic/install.log'
[5.255s] Invoked command in '/home/zzw/ws01_plumbing/src/py01_topic' returned '0': AMENT_PREFIX_PATH=/home/zzw/ws01_plumbing/install/base_interfaces_demo:${AMENT_PREFIX_PATH} CMAKE_PREFIX_PATH=/home/zzw/ws01_plumbing/install/base_interfaces_demo LD_LIBRARY_PATH=/home/zzw/ws01_plumbing/install/base_interfaces_demo/lib:${LD_LIBRARY_PATH} PYTHONPATH=/home/zzw/ws01_plumbing/build/py01_topic/prefix_override:/home/zzw/ws01_plumbing/install/py01_topic/lib/python3.10/site-packages:/home/zzw/ws01_plumbing/install/base_interfaces_demo/local/lib/python3.10/dist-packages:${PYTHONPATH} /usr/bin/python3 setup.py egg_info --egg-base ../../build/py01_topic build --build-base /home/zzw/ws01_plumbing/build/py01_topic/build install --record /home/zzw/ws01_plumbing/build/py01_topic/install.log --single-version-externally-managed
