[0.099s] Invoking command in '/home/zzw/ws01_plumbing/build/base_interfaces_demo': CMAKE_PREFIX_PATH=/opt/ros/humble /usr/bin/cmake --build /home/zzw/ws01_plumbing/build/base_interfaces_demo -- -j8 -l8
[0.519s] [  1%] Built target base_interfaces_demo__cpp
[0.628s] [35m[1mConsolidate compiler generated dependencies of target base_interfaces_demo__rosidl_generator_c[0m
[0.654s] [ 12%] Built target base_interfaces_demo__rosidl_generator_c
[0.783s] [35m[1mConsolidate compiler generated dependencies of target base_interfaces_demo__rosidl_typesupport_cpp[0m
[0.797s] [35m[1mConsolidate compiler generated dependencies of target base_interfaces_demo__rosidl_typesupport_introspection_c[0m
[0.812s] [35m[1mConsolidate compiler generated dependencies of target base_interfaces_demo__rosidl_typesupport_fastrtps_c[0m
[0.823s] [35m[1mConsolidate compiler generated dependencies of target base_interfaces_demo__rosidl_typesupport_introspection_cpp[0m
[0.824s] [ 23%] Built target base_interfaces_demo__rosidl_typesupport_cpp
[0.843s] [35m[1mConsolidate compiler generated dependencies of target base_interfaces_demo__rosidl_typesupport_fastrtps_cpp[0m
[0.868s] [ 34%] Built target base_interfaces_demo__rosidl_typesupport_introspection_c
[0.871s] [ 46%] Built target base_interfaces_demo__rosidl_typesupport_introspection_cpp
[0.924s] [35m[1mConsolidate compiler generated dependencies of target base_interfaces_demo__rosidl_typesupport_c[0m
[0.930s] [ 60%] Built target base_interfaces_demo__rosidl_typesupport_fastrtps_c
[0.935s] [ 66%] Built target ament_cmake_python_copy_base_interfaces_demo
[0.935s] [ 68%] Built target base_interfaces_demo__rosidl_typesupport_fastrtps_cpp
[0.955s] [ 79%] Built target base_interfaces_demo__rosidl_typesupport_c
[0.997s] [ 79%] Built target base_interfaces_demo
[1.035s] [ 80%] Built target base_interfaces_demo__py
[1.066s] [35m[1mConsolidate compiler generated dependencies of target base_interfaces_demo__rosidl_generator_py[0m
[1.136s] [ 90%] Built target base_interfaces_demo__rosidl_generator_py
[1.188s] [35m[1mConsolidate compiler generated dependencies of target base_interfaces_demo__rosidl_typesupport_fastrtps_c__pyext[0m
[1.189s] [35m[1mConsolidate compiler generated dependencies of target base_interfaces_demo__rosidl_typesupport_introspection_c__pyext[0m
[1.189s] [35m[1mConsolidate compiler generated dependencies of target base_interfaces_demo__rosidl_typesupport_c__pyext[0m
[1.222s] [100%] Built target base_interfaces_demo__rosidl_typesupport_fastrtps_c__pyext
[1.222s] [100%] Built target base_interfaces_demo__rosidl_typesupport_introspection_c__pyext
[1.222s] [100%] Built target base_interfaces_demo__rosidl_typesupport_c__pyext
[1.535s] running egg_info
[1.537s] writing base_interfaces_demo.egg-info/PKG-INFO
[1.538s] writing dependency_links to base_interfaces_demo.egg-info/dependency_links.txt
[1.539s] writing top-level names to base_interfaces_demo.egg-info/top_level.txt
[1.548s] reading manifest file 'base_interfaces_demo.egg-info/SOURCES.txt'
[1.550s] writing manifest file 'base_interfaces_demo.egg-info/SOURCES.txt'
[1.595s] [100%] Built target ament_cmake_python_build_base_interfaces_demo_egg
[1.611s] Invoked command in '/home/zzw/ws01_plumbing/build/base_interfaces_demo' returned '0': CMAKE_PREFIX_PATH=/opt/ros/humble /usr/bin/cmake --build /home/zzw/ws01_plumbing/build/base_interfaces_demo -- -j8 -l8
[1.788s] Invoking command in '/home/zzw/ws01_plumbing/build/base_interfaces_demo': CMAKE_PREFIX_PATH=/opt/ros/humble /usr/bin/cmake --install /home/zzw/ws01_plumbing/build/base_interfaces_demo
[1.808s] -- Install configuration: ""
[1.825s] -- Up-to-date: /home/zzw/ws01_plumbing/install/base_interfaces_demo/share/ament_index/resource_index/rosidl_interfaces/base_interfaces_demo
[1.826s] -- Up-to-date: /home/zzw/ws01_plumbing/install/base_interfaces_demo/include/base_interfaces_demo/base_interfaces_demo
[1.827s] -- Up-to-date: /home/zzw/ws01_plumbing/install/base_interfaces_demo/include/base_interfaces_demo/base_interfaces_demo/srv
[1.828s] -- Up-to-date: /home/zzw/ws01_plumbing/install/base_interfaces_demo/include/base_interfaces_demo/base_interfaces_demo/srv/add_ints.h
[1.829s] -- Up-to-date: /home/zzw/ws01_plumbing/install/base_interfaces_demo/include/base_interfaces_demo/base_interfaces_demo/srv/distance.h
[1.829s] -- Up-to-date: /home/zzw/ws01_plumbing/install/base_interfaces_demo/include/base_interfaces_demo/base_interfaces_demo/srv/detail
[1.829s] -- Up-to-date: /home/zzw/ws01_plumbing/install/base_interfaces_demo/include/base_interfaces_demo/base_interfaces_demo/srv/detail/distance__functions.c
[1.829s] -- Up-to-date: /home/zzw/ws01_plumbing/install/base_interfaces_demo/include/base_interfaces_demo/base_interfaces_demo/srv/detail/distance__struct.h
[1.830s] -- Up-to-date: /home/zzw/ws01_plumbing/install/base_interfaces_demo/include/base_interfaces_demo/base_interfaces_demo/srv/detail/distance__functions.h
[1.830s] -- Up-to-date: /home/zzw/ws01_plumbing/install/base_interfaces_demo/include/base_interfaces_demo/base_interfaces_demo/srv/detail/distance__type_support.h
[1.830s] -- Up-to-date: /home/zzw/ws01_plumbing/install/base_interfaces_demo/include/base_interfaces_demo/base_interfaces_demo/srv/detail/add_ints__functions.c
[1.831s] -- Up-to-date: /home/zzw/ws01_plumbing/install/base_interfaces_demo/include/base_interfaces_demo/base_interfaces_demo/srv/detail/add_ints__struct.h
[1.831s] -- Up-to-date: /home/zzw/ws01_plumbing/install/base_interfaces_demo/include/base_interfaces_demo/base_interfaces_demo/srv/detail/add_ints__functions.h
[1.831s] -- Up-to-date: /home/zzw/ws01_plumbing/install/base_interfaces_demo/include/base_interfaces_demo/base_interfaces_demo/srv/detail/add_ints__type_support.h
[1.831s] -- Up-to-date: /home/zzw/ws01_plumbing/install/base_interfaces_demo/include/base_interfaces_demo/base_interfaces_demo/msg
[1.851s] -- Up-to-date: /home/zzw/ws01_plumbing/install/base_interfaces_demo/include/base_interfaces_demo/base_interfaces_demo/msg/student.h
[1.852s] -- Up-to-date: /home/zzw/ws01_plumbing/install/base_interfaces_demo/include/base_interfaces_demo/base_interfaces_demo/msg/rosidl_generator_c__visibility_control.h
[1.853s] -- Up-to-date: /home/zzw/ws01_plumbing/install/base_interfaces_demo/include/base_interfaces_demo/base_interfaces_demo/msg/detail
[1.853s] -- Up-to-date: /home/zzw/ws01_plumbing/install/base_interfaces_demo/include/base_interfaces_demo/base_interfaces_demo/msg/detail/student__struct.h
[1.854s] -- Up-to-date: /home/zzw/ws01_plumbing/install/base_interfaces_demo/include/base_interfaces_demo/base_interfaces_demo/msg/detail/student__functions.c
[1.854s] -- Up-to-date: /home/zzw/ws01_plumbing/install/base_interfaces_demo/include/base_interfaces_demo/base_interfaces_demo/msg/detail/student__type_support.h
[1.855s] -- Up-to-date: /home/zzw/ws01_plumbing/install/base_interfaces_demo/include/base_interfaces_demo/base_interfaces_demo/msg/detail/student__functions.h
[1.855s] -- Up-to-date: /home/zzw/ws01_plumbing/install/base_interfaces_demo/include/base_interfaces_demo/base_interfaces_demo/action
[1.856s] -- Up-to-date: /home/zzw/ws01_plumbing/install/base_interfaces_demo/include/base_interfaces_demo/base_interfaces_demo/action/progress.h
[1.856s] -- Up-to-date: /home/zzw/ws01_plumbing/install/base_interfaces_demo/include/base_interfaces_demo/base_interfaces_demo/action/nav.h
[1.856s] -- Up-to-date: /home/zzw/ws01_plumbing/install/base_interfaces_demo/include/base_interfaces_demo/base_interfaces_demo/action/detail
[1.857s] -- Up-to-date: /home/zzw/ws01_plumbing/install/base_interfaces_demo/include/base_interfaces_demo/base_interfaces_demo/action/detail/nav__struct.h
[1.857s] -- Up-to-date: /home/zzw/ws01_plumbing/install/base_interfaces_demo/include/base_interfaces_demo/base_interfaces_demo/action/detail/nav__functions.c
[1.857s] -- Up-to-date: /home/zzw/ws01_plumbing/install/base_interfaces_demo/include/base_interfaces_demo/base_interfaces_demo/action/detail/progress__functions.h
[1.858s] -- Up-to-date: /home/zzw/ws01_plumbing/install/base_interfaces_demo/include/base_interfaces_demo/base_interfaces_demo/action/detail/nav__type_support.h
[1.860s] -- Up-to-date: /home/zzw/ws01_plumbing/install/base_interfaces_demo/include/base_interfaces_demo/base_interfaces_demo/action/detail/progress__type_support.h
[1.860s] -- Up-to-date: /home/zzw/ws01_plumbing/install/base_interfaces_demo/include/base_interfaces_demo/base_interfaces_demo/action/detail/nav__functions.h
[1.861s] -- Up-to-date: /home/zzw/ws01_plumbing/install/base_interfaces_demo/include/base_interfaces_demo/base_interfaces_demo/action/detail/progress__struct.h
[1.862s] -- Up-to-date: /home/zzw/ws01_plumbing/install/base_interfaces_demo/include/base_interfaces_demo/base_interfaces_demo/action/detail/progress__functions.c
[1.863s] -- Up-to-date: /home/zzw/ws01_plumbing/install/base_interfaces_demo/share/base_interfaces_demo/environment/library_path.sh
[1.863s] -- Up-to-date: /home/zzw/ws01_plumbing/install/base_interfaces_demo/share/base_interfaces_demo/environment/library_path.dsv
[1.863s] -- Up-to-date: /home/zzw/ws01_plumbing/install/base_interfaces_demo/lib/libbase_interfaces_demo__rosidl_generator_c.so
[1.864s] -- Up-to-date: /home/zzw/ws01_plumbing/install/base_interfaces_demo/include/base_interfaces_demo/base_interfaces_demo
[1.864s] -- Up-to-date: /home/zzw/ws01_plumbing/install/base_interfaces_demo/include/base_interfaces_demo/base_interfaces_demo/srv
[1.864s] -- Up-to-date: /home/zzw/ws01_plumbing/install/base_interfaces_demo/include/base_interfaces_demo/base_interfaces_demo/srv/detail
[1.864s] -- Up-to-date: /home/zzw/ws01_plumbing/install/base_interfaces_demo/include/base_interfaces_demo/base_interfaces_demo/srv/detail/add_ints__rosidl_typesupport_fastrtps_c.h
[1.865s] -- Up-to-date: /home/zzw/ws01_plumbing/install/base_interfaces_demo/include/base_interfaces_demo/base_interfaces_demo/srv/detail/distance__rosidl_typesupport_fastrtps_c.h
[1.865s] -- Up-to-date: /home/zzw/ws01_plumbing/install/base_interfaces_demo/include/base_interfaces_demo/base_interfaces_demo/msg
[1.865s] -- Up-to-date: /home/zzw/ws01_plumbing/install/base_interfaces_demo/include/base_interfaces_demo/base_interfaces_demo/msg/rosidl_typesupport_fastrtps_c__visibility_control.h
[1.865s] -- Up-to-date: /home/zzw/ws01_plumbing/install/base_interfaces_demo/include/base_interfaces_demo/base_interfaces_demo/msg/detail
[1.866s] -- Up-to-date: /home/zzw/ws01_plumbing/install/base_interfaces_demo/include/base_interfaces_demo/base_interfaces_demo/msg/detail/student__rosidl_typesupport_fastrtps_c.h
[1.867s] -- Up-to-date: /home/zzw/ws01_plumbing/install/base_interfaces_demo/include/base_interfaces_demo/base_interfaces_demo/action
[1.867s] -- Up-to-date: /home/zzw/ws01_plumbing/install/base_interfaces_demo/include/base_interfaces_demo/base_interfaces_demo/action/detail
[1.870s] -- Up-to-date: /home/zzw/ws01_plumbing/install/base_interfaces_demo/include/base_interfaces_demo/base_interfaces_demo/action/detail/progress__rosidl_typesupport_fastrtps_c.h
[1.870s] -- Up-to-date: /home/zzw/ws01_plumbing/install/base_interfaces_demo/include/base_interfaces_demo/base_interfaces_demo/action/detail/nav__rosidl_typesupport_fastrtps_c.h
[1.870s] -- Up-to-date: /home/zzw/ws01_plumbing/install/base_interfaces_demo/lib/libbase_interfaces_demo__rosidl_typesupport_fastrtps_c.so
[1.870s] -- Up-to-date: /home/zzw/ws01_plumbing/install/base_interfaces_demo/include/base_interfaces_demo/base_interfaces_demo
[1.871s] -- Up-to-date: /home/zzw/ws01_plumbing/install/base_interfaces_demo/include/base_interfaces_demo/base_interfaces_demo/srv
[1.871s] -- Up-to-date: /home/zzw/ws01_plumbing/install/base_interfaces_demo/include/base_interfaces_demo/base_interfaces_demo/srv/detail
[1.871s] -- Up-to-date: /home/zzw/ws01_plumbing/install/base_interfaces_demo/include/base_interfaces_demo/base_interfaces_demo/srv/detail/distance__rosidl_typesupport_introspection_c.h
[1.872s] -- Up-to-date: /home/zzw/ws01_plumbing/install/base_interfaces_demo/include/base_interfaces_demo/base_interfaces_demo/srv/detail/add_ints__type_support.c
[1.872s] -- Up-to-date: /home/zzw/ws01_plumbing/install/base_interfaces_demo/include/base_interfaces_demo/base_interfaces_demo/srv/detail/add_ints__rosidl_typesupport_introspection_c.h
[1.872s] -- Up-to-date: /home/zzw/ws01_plumbing/install/base_interfaces_demo/include/base_interfaces_demo/base_interfaces_demo/srv/detail/distance__type_support.c
[1.872s] -- Up-to-date: /home/zzw/ws01_plumbing/install/base_interfaces_demo/include/base_interfaces_demo/base_interfaces_demo/msg
[1.873s] -- Up-to-date: /home/zzw/ws01_plumbing/install/base_interfaces_demo/include/base_interfaces_demo/base_interfaces_demo/msg/rosidl_typesupport_introspection_c__visibility_control.h
[1.873s] -- Up-to-date: /home/zzw/ws01_plumbing/install/base_interfaces_demo/include/base_interfaces_demo/base_interfaces_demo/msg/detail
[1.873s] -- Up-to-date: /home/zzw/ws01_plumbing/install/base_interfaces_demo/include/base_interfaces_demo/base_interfaces_demo/msg/detail/student__rosidl_typesupport_introspection_c.h
[1.873s] -- Up-to-date: /home/zzw/ws01_plumbing/install/base_interfaces_demo/include/base_interfaces_demo/base_interfaces_demo/msg/detail/student__type_support.c
[1.873s] -- Up-to-date: /home/zzw/ws01_plumbing/install/base_interfaces_demo/include/base_interfaces_demo/base_interfaces_demo/action
[1.874s] -- Up-to-date: /home/zzw/ws01_plumbing/install/base_interfaces_demo/include/base_interfaces_demo/base_interfaces_demo/action/detail
[1.874s] -- Up-to-date: /home/zzw/ws01_plumbing/install/base_interfaces_demo/include/base_interfaces_demo/base_interfaces_demo/action/detail/nav__type_support.c
[1.874s] -- Up-to-date: /home/zzw/ws01_plumbing/install/base_interfaces_demo/include/base_interfaces_demo/base_interfaces_demo/action/detail/progress__type_support.c
[1.874s] -- Up-to-date: /home/zzw/ws01_plumbing/install/base_interfaces_demo/include/base_interfaces_demo/base_interfaces_demo/action/detail/nav__rosidl_typesupport_introspection_c.h
[1.874s] -- Up-to-date: /home/zzw/ws01_plumbing/install/base_interfaces_demo/include/base_interfaces_demo/base_interfaces_demo/action/detail/progress__rosidl_typesupport_introspection_c.h
[1.874s] -- Up-to-date: /home/zzw/ws01_plumbing/install/base_interfaces_demo/lib/libbase_interfaces_demo__rosidl_typesupport_introspection_c.so
[1.874s] -- Up-to-date: /home/zzw/ws01_plumbing/install/base_interfaces_demo/lib/libbase_interfaces_demo__rosidl_typesupport_c.so
[1.875s] -- Up-to-date: /home/zzw/ws01_plumbing/install/base_interfaces_demo/include/base_interfaces_demo/base_interfaces_demo
[1.875s] -- Up-to-date: /home/zzw/ws01_plumbing/install/base_interfaces_demo/include/base_interfaces_demo/base_interfaces_demo/srv
[1.876s] -- Up-to-date: /home/zzw/ws01_plumbing/install/base_interfaces_demo/include/base_interfaces_demo/base_interfaces_demo/srv/add_ints.hpp
[1.877s] -- Up-to-date: /home/zzw/ws01_plumbing/install/base_interfaces_demo/include/base_interfaces_demo/base_interfaces_demo/srv/distance.hpp
[1.877s] -- Up-to-date: /home/zzw/ws01_plumbing/install/base_interfaces_demo/include/base_interfaces_demo/base_interfaces_demo/srv/detail
[1.877s] -- Up-to-date: /home/zzw/ws01_plumbing/install/base_interfaces_demo/include/base_interfaces_demo/base_interfaces_demo/srv/detail/add_ints__traits.hpp
[1.877s] -- Up-to-date: /home/zzw/ws01_plumbing/install/base_interfaces_demo/include/base_interfaces_demo/base_interfaces_demo/srv/detail/distance__struct.hpp
[1.878s] -- Up-to-date: /home/zzw/ws01_plumbing/install/base_interfaces_demo/include/base_interfaces_demo/base_interfaces_demo/srv/detail/add_ints__struct.hpp
[1.878s] -- Up-to-date: /home/zzw/ws01_plumbing/install/base_interfaces_demo/include/base_interfaces_demo/base_interfaces_demo/srv/detail/distance__traits.hpp
[1.879s] -- Up-to-date: /home/zzw/ws01_plumbing/install/base_interfaces_demo/include/base_interfaces_demo/base_interfaces_demo/srv/detail/distance__builder.hpp
[1.879s] -- Up-to-date: /home/zzw/ws01_plumbing/install/base_interfaces_demo/include/base_interfaces_demo/base_interfaces_demo/srv/detail/add_ints__builder.hpp
[1.879s] -- Up-to-date: /home/zzw/ws01_plumbing/install/base_interfaces_demo/include/base_interfaces_demo/base_interfaces_demo/msg
[1.879s] -- Up-to-date: /home/zzw/ws01_plumbing/install/base_interfaces_demo/include/base_interfaces_demo/base_interfaces_demo/msg/student.hpp
[1.880s] -- Up-to-date: /home/zzw/ws01_plumbing/install/base_interfaces_demo/include/base_interfaces_demo/base_interfaces_demo/msg/detail
[1.880s] -- Up-to-date: /home/zzw/ws01_plumbing/install/base_interfaces_demo/include/base_interfaces_demo/base_interfaces_demo/msg/detail/student__struct.hpp
[1.880s] -- Up-to-date: /home/zzw/ws01_plumbing/install/base_interfaces_demo/include/base_interfaces_demo/base_interfaces_demo/msg/detail/student__traits.hpp
[1.880s] -- Up-to-date: /home/zzw/ws01_plumbing/install/base_interfaces_demo/include/base_interfaces_demo/base_interfaces_demo/msg/detail/student__builder.hpp
[1.880s] -- Up-to-date: /home/zzw/ws01_plumbing/install/base_interfaces_demo/include/base_interfaces_demo/base_interfaces_demo/action
[1.881s] -- Up-to-date: /home/zzw/ws01_plumbing/install/base_interfaces_demo/include/base_interfaces_demo/base_interfaces_demo/action/progress.hpp
[1.881s] -- Up-to-date: /home/zzw/ws01_plumbing/install/base_interfaces_demo/include/base_interfaces_demo/base_interfaces_demo/action/detail
[1.881s] -- Up-to-date: /home/zzw/ws01_plumbing/install/base_interfaces_demo/include/base_interfaces_demo/base_interfaces_demo/action/detail/progress__builder.hpp
[1.881s] -- Up-to-date: /home/zzw/ws01_plumbing/install/base_interfaces_demo/include/base_interfaces_demo/base_interfaces_demo/action/detail/nav__builder.hpp
[1.881s] -- Up-to-date: /home/zzw/ws01_plumbing/install/base_interfaces_demo/include/base_interfaces_demo/base_interfaces_demo/action/detail/progress__traits.hpp
[1.881s] -- Up-to-date: /home/zzw/ws01_plumbing/install/base_interfaces_demo/include/base_interfaces_demo/base_interfaces_demo/action/detail/nav__traits.hpp
[1.881s] -- Up-to-date: /home/zzw/ws01_plumbing/install/base_interfaces_demo/include/base_interfaces_demo/base_interfaces_demo/action/detail/nav__struct.hpp
[1.882s] -- Up-to-date: /home/zzw/ws01_plumbing/install/base_interfaces_demo/include/base_interfaces_demo/base_interfaces_demo/action/detail/progress__struct.hpp
[1.882s] -- Up-to-date: /home/zzw/ws01_plumbing/install/base_interfaces_demo/include/base_interfaces_demo/base_interfaces_demo/action/nav.hpp
[1.882s] -- Up-to-date: /home/zzw/ws01_plumbing/install/base_interfaces_demo/include/base_interfaces_demo/base_interfaces_demo
[1.882s] -- Up-to-date: /home/zzw/ws01_plumbing/install/base_interfaces_demo/include/base_interfaces_demo/base_interfaces_demo/srv
[1.882s] -- Up-to-date: /home/zzw/ws01_plumbing/install/base_interfaces_demo/include/base_interfaces_demo/base_interfaces_demo/srv/detail
[1.882s] -- Up-to-date: /home/zzw/ws01_plumbing/install/base_interfaces_demo/include/base_interfaces_demo/base_interfaces_demo/srv/detail/add_ints__rosidl_typesupport_fastrtps_cpp.hpp
[1.883s] -- Up-to-date: /home/zzw/ws01_plumbing/install/base_interfaces_demo/include/base_interfaces_demo/base_interfaces_demo/srv/detail/dds_fastrtps
[1.883s] -- Up-to-date: /home/zzw/ws01_plumbing/install/base_interfaces_demo/include/base_interfaces_demo/base_interfaces_demo/srv/detail/distance__rosidl_typesupport_fastrtps_cpp.hpp
[1.883s] -- Up-to-date: /home/zzw/ws01_plumbing/install/base_interfaces_demo/include/base_interfaces_demo/base_interfaces_demo/msg
[1.883s] -- Up-to-date: /home/zzw/ws01_plumbing/install/base_interfaces_demo/include/base_interfaces_demo/base_interfaces_demo/msg/detail
[1.883s] -- Up-to-date: /home/zzw/ws01_plumbing/install/base_interfaces_demo/include/base_interfaces_demo/base_interfaces_demo/msg/detail/dds_fastrtps
[1.883s] -- Up-to-date: /home/zzw/ws01_plumbing/install/base_interfaces_demo/include/base_interfaces_demo/base_interfaces_demo/msg/detail/student__rosidl_typesupport_fastrtps_cpp.hpp
[1.883s] -- Up-to-date: /home/zzw/ws01_plumbing/install/base_interfaces_demo/include/base_interfaces_demo/base_interfaces_demo/msg/rosidl_typesupport_fastrtps_cpp__visibility_control.h
[1.884s] -- Up-to-date: /home/zzw/ws01_plumbing/install/base_interfaces_demo/include/base_interfaces_demo/base_interfaces_demo/action
[1.884s] -- Up-to-date: /home/zzw/ws01_plumbing/install/base_interfaces_demo/include/base_interfaces_demo/base_interfaces_demo/action/detail
[1.884s] -- Up-to-date: /home/zzw/ws01_plumbing/install/base_interfaces_demo/include/base_interfaces_demo/base_interfaces_demo/action/detail/nav__rosidl_typesupport_fastrtps_cpp.hpp
[1.884s] -- Up-to-date: /home/zzw/ws01_plumbing/install/base_interfaces_demo/include/base_interfaces_demo/base_interfaces_demo/action/detail/dds_fastrtps
[1.884s] -- Up-to-date: /home/zzw/ws01_plumbing/install/base_interfaces_demo/include/base_interfaces_demo/base_interfaces_demo/action/detail/progress__rosidl_typesupport_fastrtps_cpp.hpp
[1.884s] -- Up-to-date: /home/zzw/ws01_plumbing/install/base_interfaces_demo/lib/libbase_interfaces_demo__rosidl_typesupport_fastrtps_cpp.so
[1.884s] -- Up-to-date: /home/zzw/ws01_plumbing/install/base_interfaces_demo/include/base_interfaces_demo/base_interfaces_demo
[1.884s] -- Up-to-date: /home/zzw/ws01_plumbing/install/base_interfaces_demo/include/base_interfaces_demo/base_interfaces_demo/srv
[1.884s] -- Up-to-date: /home/zzw/ws01_plumbing/install/base_interfaces_demo/include/base_interfaces_demo/base_interfaces_demo/srv/detail
[1.884s] -- Up-to-date: /home/zzw/ws01_plumbing/install/base_interfaces_demo/include/base_interfaces_demo/base_interfaces_demo/srv/detail/add_ints__rosidl_typesupport_introspection_cpp.hpp
[1.884s] -- Up-to-date: /home/zzw/ws01_plumbing/install/base_interfaces_demo/include/base_interfaces_demo/base_interfaces_demo/srv/detail/add_ints__type_support.cpp
[1.885s] -- Up-to-date: /home/zzw/ws01_plumbing/install/base_interfaces_demo/include/base_interfaces_demo/base_interfaces_demo/srv/detail/distance__type_support.cpp
[1.885s] -- Up-to-date: /home/zzw/ws01_plumbing/install/base_interfaces_demo/include/base_interfaces_demo/base_interfaces_demo/srv/detail/distance__rosidl_typesupport_introspection_cpp.hpp
[1.885s] -- Up-to-date: /home/zzw/ws01_plumbing/install/base_interfaces_demo/include/base_interfaces_demo/base_interfaces_demo/msg
[1.885s] -- Up-to-date: /home/zzw/ws01_plumbing/install/base_interfaces_demo/include/base_interfaces_demo/base_interfaces_demo/msg/detail
[1.885s] -- Up-to-date: /home/zzw/ws01_plumbing/install/base_interfaces_demo/include/base_interfaces_demo/base_interfaces_demo/msg/detail/student__rosidl_typesupport_introspection_cpp.hpp
[1.885s] -- Up-to-date: /home/zzw/ws01_plumbing/install/base_interfaces_demo/include/base_interfaces_demo/base_interfaces_demo/msg/detail/student__type_support.cpp
[1.885s] -- Up-to-date: /home/zzw/ws01_plumbing/install/base_interfaces_demo/include/base_interfaces_demo/base_interfaces_demo/action
[1.885s] -- Up-to-date: /home/zzw/ws01_plumbing/install/base_interfaces_demo/include/base_interfaces_demo/base_interfaces_demo/action/detail
[1.885s] -- Up-to-date: /home/zzw/ws01_plumbing/install/base_interfaces_demo/include/base_interfaces_demo/base_interfaces_demo/action/detail/progress__type_support.cpp
[1.886s] -- Up-to-date: /home/zzw/ws01_plumbing/install/base_interfaces_demo/include/base_interfaces_demo/base_interfaces_demo/action/detail/nav__rosidl_typesupport_introspection_cpp.hpp
[1.886s] -- Up-to-date: /home/zzw/ws01_plumbing/install/base_interfaces_demo/include/base_interfaces_demo/base_interfaces_demo/action/detail/nav__type_support.cpp
[1.886s] -- Up-to-date: /home/zzw/ws01_plumbing/install/base_interfaces_demo/include/base_interfaces_demo/base_interfaces_demo/action/detail/progress__rosidl_typesupport_introspection_cpp.hpp
[1.886s] -- Up-to-date: /home/zzw/ws01_plumbing/install/base_interfaces_demo/lib/libbase_interfaces_demo__rosidl_typesupport_introspection_cpp.so
[1.886s] -- Up-to-date: /home/zzw/ws01_plumbing/install/base_interfaces_demo/lib/libbase_interfaces_demo__rosidl_typesupport_cpp.so
[1.886s] -- Up-to-date: /home/zzw/ws01_plumbing/install/base_interfaces_demo/share/base_interfaces_demo/environment/pythonpath.sh
[1.887s] -- Up-to-date: /home/zzw/ws01_plumbing/install/base_interfaces_demo/share/base_interfaces_demo/environment/pythonpath.dsv
[1.887s] -- Up-to-date: /home/zzw/ws01_plumbing/install/base_interfaces_demo/local/lib/python3.10/dist-packages/base_interfaces_demo-0.0.0-py3.10.egg-info
[1.887s] -- Installing: /home/zzw/ws01_plumbing/install/base_interfaces_demo/local/lib/python3.10/dist-packages/base_interfaces_demo-0.0.0-py3.10.egg-info/SOURCES.txt
[1.887s] -- Installing: /home/zzw/ws01_plumbing/install/base_interfaces_demo/local/lib/python3.10/dist-packages/base_interfaces_demo-0.0.0-py3.10.egg-info/top_level.txt
[1.887s] -- Installing: /home/zzw/ws01_plumbing/install/base_interfaces_demo/local/lib/python3.10/dist-packages/base_interfaces_demo-0.0.0-py3.10.egg-info/PKG-INFO
[1.887s] -- Installing: /home/zzw/ws01_plumbing/install/base_interfaces_demo/local/lib/python3.10/dist-packages/base_interfaces_demo-0.0.0-py3.10.egg-info/dependency_links.txt
[1.887s] -- Up-to-date: /home/zzw/ws01_plumbing/install/base_interfaces_demo/local/lib/python3.10/dist-packages/base_interfaces_demo
[1.894s] -- Up-to-date: /home/zzw/ws01_plumbing/install/base_interfaces_demo/local/lib/python3.10/dist-packages/base_interfaces_demo/_base_interfaces_demo_s.ep.rosidl_typesupport_introspection_c.c
[1.895s] -- Up-to-date: /home/zzw/ws01_plumbing/install/base_interfaces_demo/local/lib/python3.10/dist-packages/base_interfaces_demo/srv
[1.915s] -- Up-to-date: /home/zzw/ws01_plumbing/install/base_interfaces_demo/local/lib/python3.10/dist-packages/base_interfaces_demo/srv/_add_ints.py
[1.915s] -- Up-to-date: /home/zzw/ws01_plumbing/install/base_interfaces_demo/local/lib/python3.10/dist-packages/base_interfaces_demo/srv/_distance_s.c
[1.916s] -- Up-to-date: /home/zzw/ws01_plumbing/install/base_interfaces_demo/local/lib/python3.10/dist-packages/base_interfaces_demo/srv/_distance.py
[1.916s] -- Up-to-date: /home/zzw/ws01_plumbing/install/base_interfaces_demo/local/lib/python3.10/dist-packages/base_interfaces_demo/srv/_add_ints_s.c
[1.917s] -- Up-to-date: /home/zzw/ws01_plumbing/install/base_interfaces_demo/local/lib/python3.10/dist-packages/base_interfaces_demo/srv/__init__.py
[1.917s] -- Up-to-date: /home/zzw/ws01_plumbing/install/base_interfaces_demo/local/lib/python3.10/dist-packages/base_interfaces_demo/msg
[1.927s] -- Up-to-date: /home/zzw/ws01_plumbing/install/base_interfaces_demo/local/lib/python3.10/dist-packages/base_interfaces_demo/msg/__init__.py
[1.929s] -- Up-to-date: /home/zzw/ws01_plumbing/install/base_interfaces_demo/local/lib/python3.10/dist-packages/base_interfaces_demo/msg/_student_s.c
[1.930s] -- Up-to-date: /home/zzw/ws01_plumbing/install/base_interfaces_demo/local/lib/python3.10/dist-packages/base_interfaces_demo/msg/_student.py
[1.931s] -- Up-to-date: /home/zzw/ws01_plumbing/install/base_interfaces_demo/local/lib/python3.10/dist-packages/base_interfaces_demo/base_interfaces_demo_s__rosidl_typesupport_c.cpython-310-x86_64-linux-gnu.so
[1.932s] -- Up-to-date: /home/zzw/ws01_plumbing/install/base_interfaces_demo/local/lib/python3.10/dist-packages/base_interfaces_demo/__init__.py
[1.933s] -- Up-to-date: /home/zzw/ws01_plumbing/install/base_interfaces_demo/local/lib/python3.10/dist-packages/base_interfaces_demo/base_interfaces_demo_s__rosidl_typesupport_fastrtps_c.cpython-310-x86_64-linux-gnu.so
[1.935s] -- Up-to-date: /home/zzw/ws01_plumbing/install/base_interfaces_demo/local/lib/python3.10/dist-packages/base_interfaces_demo/_base_interfaces_demo_s.ep.rosidl_typesupport_c.c
[1.936s] -- Up-to-date: /home/zzw/ws01_plumbing/install/base_interfaces_demo/local/lib/python3.10/dist-packages/base_interfaces_demo/base_interfaces_demo_s__rosidl_typesupport_introspection_c.cpython-310-x86_64-linux-gnu.so
[1.937s] -- Up-to-date: /home/zzw/ws01_plumbing/install/base_interfaces_demo/local/lib/python3.10/dist-packages/base_interfaces_demo/libbase_interfaces_demo__rosidl_generator_py.so
[1.939s] -- Up-to-date: /home/zzw/ws01_plumbing/install/base_interfaces_demo/local/lib/python3.10/dist-packages/base_interfaces_demo/action
[1.940s] -- Up-to-date: /home/zzw/ws01_plumbing/install/base_interfaces_demo/local/lib/python3.10/dist-packages/base_interfaces_demo/action/_nav_s.c
[1.940s] -- Up-to-date: /home/zzw/ws01_plumbing/install/base_interfaces_demo/local/lib/python3.10/dist-packages/base_interfaces_demo/action/_progress.py
[1.942s] -- Up-to-date: /home/zzw/ws01_plumbing/install/base_interfaces_demo/local/lib/python3.10/dist-packages/base_interfaces_demo/action/__init__.py
[1.942s] -- Up-to-date: /home/zzw/ws01_plumbing/install/base_interfaces_demo/local/lib/python3.10/dist-packages/base_interfaces_demo/action/_progress_s.c
[1.943s] -- Up-to-date: /home/zzw/ws01_plumbing/install/base_interfaces_demo/local/lib/python3.10/dist-packages/base_interfaces_demo/action/_nav.py
[1.943s] -- Up-to-date: /home/zzw/ws01_plumbing/install/base_interfaces_demo/local/lib/python3.10/dist-packages/base_interfaces_demo/_base_interfaces_demo_s.ep.rosidl_typesupport_fastrtps_c.c
[2.114s] Listing '/home/zzw/ws01_plumbing/install/base_interfaces_demo/local/lib/python3.10/dist-packages/base_interfaces_demo'...
[2.115s] Listing '/home/zzw/ws01_plumbing/install/base_interfaces_demo/local/lib/python3.10/dist-packages/base_interfaces_demo/action'...
[2.115s] Listing '/home/zzw/ws01_plumbing/install/base_interfaces_demo/local/lib/python3.10/dist-packages/base_interfaces_demo/msg'...
[2.115s] Listing '/home/zzw/ws01_plumbing/install/base_interfaces_demo/local/lib/python3.10/dist-packages/base_interfaces_demo/srv'...
[2.156s] -- Up-to-date: /home/zzw/ws01_plumbing/install/base_interfaces_demo/local/lib/python3.10/dist-packages/base_interfaces_demo/base_interfaces_demo_s__rosidl_typesupport_fastrtps_c.cpython-310-x86_64-linux-gnu.so
[2.173s] -- Up-to-date: /home/zzw/ws01_plumbing/install/base_interfaces_demo/local/lib/python3.10/dist-packages/base_interfaces_demo/base_interfaces_demo_s__rosidl_typesupport_introspection_c.cpython-310-x86_64-linux-gnu.so
[2.184s] -- Up-to-date: /home/zzw/ws01_plumbing/install/base_interfaces_demo/local/lib/python3.10/dist-packages/base_interfaces_demo/base_interfaces_demo_s__rosidl_typesupport_c.cpython-310-x86_64-linux-gnu.so
[2.199s] -- Up-to-date: /home/zzw/ws01_plumbing/install/base_interfaces_demo/lib/libbase_interfaces_demo__rosidl_generator_py.so
[2.200s] -- Up-to-date: /home/zzw/ws01_plumbing/install/base_interfaces_demo/share/base_interfaces_demo/msg/Student.idl
[2.200s] -- Up-to-date: /home/zzw/ws01_plumbing/install/base_interfaces_demo/share/base_interfaces_demo/srv/AddInts.idl
[2.201s] -- Up-to-date: /home/zzw/ws01_plumbing/install/base_interfaces_demo/share/base_interfaces_demo/srv/Distance.idl
[2.201s] -- Up-to-date: /home/zzw/ws01_plumbing/install/base_interfaces_demo/share/base_interfaces_demo/action/Progress.idl
[2.202s] -- Up-to-date: /home/zzw/ws01_plumbing/install/base_interfaces_demo/share/base_interfaces_demo/action/Nav.idl
[2.202s] -- Up-to-date: /home/zzw/ws01_plumbing/install/base_interfaces_demo/share/base_interfaces_demo/msg/Student.msg
[2.203s] -- Up-to-date: /home/zzw/ws01_plumbing/install/base_interfaces_demo/share/base_interfaces_demo/srv/AddInts.srv
[2.203s] -- Up-to-date: /home/zzw/ws01_plumbing/install/base_interfaces_demo/share/base_interfaces_demo/srv/AddInts_Request.msg
[2.203s] -- Up-to-date: /home/zzw/ws01_plumbing/install/base_interfaces_demo/share/base_interfaces_demo/srv/AddInts_Response.msg
[2.203s] -- Up-to-date: /home/zzw/ws01_plumbing/install/base_interfaces_demo/share/base_interfaces_demo/srv/Distance.srv
[2.203s] -- Up-to-date: /home/zzw/ws01_plumbing/install/base_interfaces_demo/share/base_interfaces_demo/srv/Distance_Request.msg
[2.204s] -- Up-to-date: /home/zzw/ws01_plumbing/install/base_interfaces_demo/share/base_interfaces_demo/srv/Distance_Response.msg
[2.204s] -- Up-to-date: /home/zzw/ws01_plumbing/install/base_interfaces_demo/share/base_interfaces_demo/action/Progress.action
[2.204s] -- Up-to-date: /home/zzw/ws01_plumbing/install/base_interfaces_demo/share/base_interfaces_demo/action/Nav.action
[2.204s] -- Up-to-date: /home/zzw/ws01_plumbing/install/base_interfaces_demo/share/ament_index/resource_index/package_run_dependencies/base_interfaces_demo
[2.208s] -- Up-to-date: /home/zzw/ws01_plumbing/install/base_interfaces_demo/share/ament_index/resource_index/parent_prefix_path/base_interfaces_demo
[2.209s] -- Up-to-date: /home/zzw/ws01_plumbing/install/base_interfaces_demo/share/base_interfaces_demo/environment/ament_prefix_path.sh
[2.209s] -- Up-to-date: /home/zzw/ws01_plumbing/install/base_interfaces_demo/share/base_interfaces_demo/environment/ament_prefix_path.dsv
[2.210s] -- Up-to-date: /home/zzw/ws01_plumbing/install/base_interfaces_demo/share/base_interfaces_demo/environment/path.sh
[2.210s] -- Up-to-date: /home/zzw/ws01_plumbing/install/base_interfaces_demo/share/base_interfaces_demo/environment/path.dsv
[2.210s] -- Up-to-date: /home/zzw/ws01_plumbing/install/base_interfaces_demo/share/base_interfaces_demo/local_setup.bash
[2.210s] -- Up-to-date: /home/zzw/ws01_plumbing/install/base_interfaces_demo/share/base_interfaces_demo/local_setup.sh
[2.210s] -- Up-to-date: /home/zzw/ws01_plumbing/install/base_interfaces_demo/share/base_interfaces_demo/local_setup.zsh
[2.210s] -- Up-to-date: /home/zzw/ws01_plumbing/install/base_interfaces_demo/share/base_interfaces_demo/local_setup.dsv
[2.210s] -- Installing: /home/zzw/ws01_plumbing/install/base_interfaces_demo/share/base_interfaces_demo/package.dsv
[2.234s] -- Up-to-date: /home/zzw/ws01_plumbing/install/base_interfaces_demo/share/ament_index/resource_index/packages/base_interfaces_demo
[2.255s] -- Up-to-date: /home/zzw/ws01_plumbing/install/base_interfaces_demo/share/base_interfaces_demo/cmake/export_base_interfaces_demo__rosidl_generator_cExport.cmake
[2.256s] -- Up-to-date: /home/zzw/ws01_plumbing/install/base_interfaces_demo/share/base_interfaces_demo/cmake/export_base_interfaces_demo__rosidl_generator_cExport-noconfig.cmake
[2.269s] -- Up-to-date: /home/zzw/ws01_plumbing/install/base_interfaces_demo/share/base_interfaces_demo/cmake/export_base_interfaces_demo__rosidl_typesupport_fastrtps_cExport.cmake
[2.270s] -- Up-to-date: /home/zzw/ws01_plumbing/install/base_interfaces_demo/share/base_interfaces_demo/cmake/export_base_interfaces_demo__rosidl_typesupport_fastrtps_cExport-noconfig.cmake
[2.271s] -- Up-to-date: /home/zzw/ws01_plumbing/install/base_interfaces_demo/share/base_interfaces_demo/cmake/base_interfaces_demo__rosidl_typesupport_introspection_cExport.cmake
[2.271s] -- Up-to-date: /home/zzw/ws01_plumbing/install/base_interfaces_demo/share/base_interfaces_demo/cmake/base_interfaces_demo__rosidl_typesupport_introspection_cExport-noconfig.cmake
[2.273s] -- Up-to-date: /home/zzw/ws01_plumbing/install/base_interfaces_demo/share/base_interfaces_demo/cmake/base_interfaces_demo__rosidl_typesupport_cExport.cmake
[2.274s] -- Up-to-date: /home/zzw/ws01_plumbing/install/base_interfaces_demo/share/base_interfaces_demo/cmake/base_interfaces_demo__rosidl_typesupport_cExport-noconfig.cmake
[2.274s] -- Up-to-date: /home/zzw/ws01_plumbing/install/base_interfaces_demo/share/base_interfaces_demo/cmake/export_base_interfaces_demo__rosidl_generator_cppExport.cmake
[2.283s] -- Up-to-date: /home/zzw/ws01_plumbing/install/base_interfaces_demo/share/base_interfaces_demo/cmake/export_base_interfaces_demo__rosidl_typesupport_fastrtps_cppExport.cmake
[2.284s] -- Up-to-date: /home/zzw/ws01_plumbing/install/base_interfaces_demo/share/base_interfaces_demo/cmake/export_base_interfaces_demo__rosidl_typesupport_fastrtps_cppExport-noconfig.cmake
[2.285s] -- Up-to-date: /home/zzw/ws01_plumbing/install/base_interfaces_demo/share/base_interfaces_demo/cmake/base_interfaces_demo__rosidl_typesupport_introspection_cppExport.cmake
[2.285s] -- Up-to-date: /home/zzw/ws01_plumbing/install/base_interfaces_demo/share/base_interfaces_demo/cmake/base_interfaces_demo__rosidl_typesupport_introspection_cppExport-noconfig.cmake
[2.287s] -- Up-to-date: /home/zzw/ws01_plumbing/install/base_interfaces_demo/share/base_interfaces_demo/cmake/base_interfaces_demo__rosidl_typesupport_cppExport.cmake
[2.287s] -- Up-to-date: /home/zzw/ws01_plumbing/install/base_interfaces_demo/share/base_interfaces_demo/cmake/base_interfaces_demo__rosidl_typesupport_cppExport-noconfig.cmake
[2.288s] -- Up-to-date: /home/zzw/ws01_plumbing/install/base_interfaces_demo/share/base_interfaces_demo/cmake/export_base_interfaces_demo__rosidl_generator_pyExport.cmake
[2.289s] -- Up-to-date: /home/zzw/ws01_plumbing/install/base_interfaces_demo/share/base_interfaces_demo/cmake/export_base_interfaces_demo__rosidl_generator_pyExport-noconfig.cmake
[2.289s] -- Up-to-date: /home/zzw/ws01_plumbing/install/base_interfaces_demo/share/base_interfaces_demo/cmake/rosidl_cmake-extras.cmake
[2.289s] -- Up-to-date: /home/zzw/ws01_plumbing/install/base_interfaces_demo/share/base_interfaces_demo/cmake/ament_cmake_export_dependencies-extras.cmake
[2.290s] -- Up-to-date: /home/zzw/ws01_plumbing/install/base_interfaces_demo/share/base_interfaces_demo/cmake/ament_cmake_export_include_directories-extras.cmake
[2.290s] -- Up-to-date: /home/zzw/ws01_plumbing/install/base_interfaces_demo/share/base_interfaces_demo/cmake/ament_cmake_export_libraries-extras.cmake
[2.290s] -- Up-to-date: /home/zzw/ws01_plumbing/install/base_interfaces_demo/share/base_interfaces_demo/cmake/ament_cmake_export_targets-extras.cmake
[2.291s] -- Up-to-date: /home/zzw/ws01_plumbing/install/base_interfaces_demo/share/base_interfaces_demo/cmake/rosidl_cmake_export_typesupport_targets-extras.cmake
[2.291s] -- Up-to-date: /home/zzw/ws01_plumbing/install/base_interfaces_demo/share/base_interfaces_demo/cmake/rosidl_cmake_export_typesupport_libraries-extras.cmake
[2.291s] -- Up-to-date: /home/zzw/ws01_plumbing/install/base_interfaces_demo/share/base_interfaces_demo/cmake/base_interfaces_demoConfig.cmake
[2.291s] -- Up-to-date: /home/zzw/ws01_plumbing/install/base_interfaces_demo/share/base_interfaces_demo/cmake/base_interfaces_demoConfig-version.cmake
[2.291s] -- Up-to-date: /home/zzw/ws01_plumbing/install/base_interfaces_demo/share/base_interfaces_demo/package.xml
[2.306s] Invoked command in '/home/zzw/ws01_plumbing/build/base_interfaces_demo' returned '0': CMAKE_PREFIX_PATH=/opt/ros/humble /usr/bin/cmake --install /home/zzw/ws01_plumbing/build/base_interfaces_demo
