running egg_info
creating ../../build/py05_names/py05_names.egg-info
writing ../../build/py05_names/py05_names.egg-info/PKG-INFO
writing dependency_links to ../../build/py05_names/py05_names.egg-info/dependency_links.txt
writing entry points to ../../build/py05_names/py05_names.egg-info/entry_points.txt
writing requirements to ../../build/py05_names/py05_names.egg-info/requires.txt
writing top-level names to ../../build/py05_names/py05_names.egg-info/top_level.txt
writing manifest file '../../build/py05_names/py05_names.egg-info/SOURCES.txt'
reading manifest file '../../build/py05_names/py05_names.egg-info/SOURCES.txt'
writing manifest file '../../build/py05_names/py05_names.egg-info/SOURCES.txt'
running build
running build_py
creating /home/zzw/ws01_plumbing/build/py05_names/build
creating /home/zzw/ws01_plumbing/build/py05_names/build/lib
creating /home/zzw/ws01_plumbing/build/py05_names/build/lib/py05_names
copying py05_names/__init__.py -> /home/zzw/ws01_plumbing/build/py05_names/build/lib/py05_names
copying py05_names/demo01_names_py.py -> /home/zzw/ws01_plumbing/build/py05_names/build/lib/py05_names
running install
/usr/lib/python3/dist-packages/setuptools/command/install.py:34: SetuptoolsDeprecationWarning: setup.py install is deprecated. Use build and pip and other standards-based tools.
  warnings.warn(
running install_lib
creating /home/zzw/ws01_plumbing/install/py05_names/lib/python3.10/site-packages/py05_names
copying /home/zzw/ws01_plumbing/build/py05_names/build/lib/py05_names/__init__.py -> /home/zzw/ws01_plumbing/install/py05_names/lib/python3.10/site-packages/py05_names
copying /home/zzw/ws01_plumbing/build/py05_names/build/lib/py05_names/demo01_names_py.py -> /home/zzw/ws01_plumbing/install/py05_names/lib/python3.10/site-packages/py05_names
byte-compiling /home/zzw/ws01_plumbing/install/py05_names/lib/python3.10/site-packages/py05_names/__init__.py to __init__.cpython-310.pyc
byte-compiling /home/zzw/ws01_plumbing/install/py05_names/lib/python3.10/site-packages/py05_names/demo01_names_py.py to demo01_names_py.cpython-310.pyc
running install_data
creating /home/zzw/ws01_plumbing/install/py05_names/share/ament_index
creating /home/zzw/ws01_plumbing/install/py05_names/share/ament_index/resource_index
creating /home/zzw/ws01_plumbing/install/py05_names/share/ament_index/resource_index/packages
copying resource/py05_names -> /home/zzw/ws01_plumbing/install/py05_names/share/ament_index/resource_index/packages
copying package.xml -> /home/zzw/ws01_plumbing/install/py05_names/share/py05_names
running install_egg_info
Copying ../../build/py05_names/py05_names.egg-info to /home/zzw/ws01_plumbing/install/py05_names/lib/python3.10/site-packages/py05_names-0.0.0-py3.10.egg-info
running install_scripts
Installing demo01_names_py script to /home/zzw/ws01_plumbing/install/py05_names/lib/py05_names
writing list of installed files to '/home/zzw/ws01_plumbing/build/py05_names/install.log'
