[7.212s] Invoking command in '/home/zzw/ws01_plumbing/build/cpp07_exercise': AMENT_PREFIX_PATH=/home/zzw/ws01_plumbing/install/base_interfaces_demo:${AMENT_PREFIX_PATH} CMAKE_PREFIX_PATH=/home/zzw/ws01_plumbing/install/base_interfaces_demo:/opt/ros/humble LD_LIBRARY_PATH=/home/zzw/ws01_plumbing/install/base_interfaces_demo/lib:${LD_LIBRARY_PATH} PYTHONPATH=/home/zzw/ws01_plumbing/install/base_interfaces_demo/local/lib/python3.10/dist-packages:${PYTHONPATH} /usr/bin/cmake /home/zzw/ws01_plumbing/src/cpp07_exercise -DCMAKE_INSTALL_PREFIX=/home/zzw/ws01_plumbing/install/cpp07_exercise
[7.306s] -- The C compiler identification is GNU 11.3.0
[7.464s] -- The CXX compiler identification is GNU 11.3.0
[7.480s] -- Detecting C compiler ABI info
[7.801s] -- Detecting C compiler ABI info - done
[7.841s] -- Check for working C compiler: /usr/bin/cc - skipped
[7.843s] -- Detecting C compile features
[7.845s] -- Detecting C compile features - done
[7.853s] -- Detecting CXX compiler ABI info
[8.063s] -- Detecting CXX compiler ABI info - done
[8.073s] -- Check for working CXX compiler: /usr/bin/c++ - skipped
[8.073s] -- Detecting CXX compile features
[8.074s] -- Detecting CXX compile features - done
[8.076s] -- Found ament_cmake: 1.3.2 (/opt/ros/humble/share/ament_cmake/cmake)
[8.296s] -- Found Python3: /usr/bin/python3.10 (found version "3.10.6") found components: Interpreter 
[8.428s] -- Found rclcpp: 16.0.1 (/opt/ros/humble/share/rclcpp/cmake)
[8.488s] -- Found rosidl_generator_c: 3.1.3 (/opt/ros/humble/share/rosidl_generator_c/cmake)
[8.493s] -- Found rosidl_adapter: 3.1.3 (/opt/ros/humble/share/rosidl_adapter/cmake)
[8.503s] -- Found rosidl_generator_cpp: 3.1.3 (/opt/ros/humble/share/rosidl_generator_cpp/cmake)
[8.520s] -- Using all available rosidl_typesupport_c: rosidl_typesupport_fastrtps_c;rosidl_typesupport_introspection_c
[8.544s] -- Using all available rosidl_typesupport_cpp: rosidl_typesupport_fastrtps_cpp;rosidl_typesupport_introspection_cpp
[8.657s] -- Found rmw_implementation_cmake: 6.1.0 (/opt/ros/humble/share/rmw_implementation_cmake/cmake)
[8.661s] -- Found rmw_fastrtps_cpp: 6.2.1 (/opt/ros/humble/share/rmw_fastrtps_cpp/cmake)
[8.871s] -- Found OpenSSL: /usr/lib/x86_64-linux-gnu/libcrypto.so (found version "3.0.2")  
[8.921s] -- Found FastRTPS: /opt/ros/humble/include  
[9.100s] -- Using RMW implementation 'rmw_fastrtps_cpp' as default
[10.348s] -- Found turtlesim: 1.4.2 (/opt/ros/humble/share/turtlesim/cmake)
[11.194s] -- Found base_interfaces_demo: 0.0.0 (/home/zzw/ws01_plumbing/install/base_interfaces_demo/share/base_interfaces_demo/cmake)
[11.763s] -- Found geometry_msgs: 4.2.2 (/opt/ros/humble/share/geometry_msgs/cmake)
[12.269s] -- Found rclcpp_action: 16.0.1 (/opt/ros/humble/share/rclcpp_action/cmake)
[12.412s] -- Found ament_lint_auto: 0.12.4 (/opt/ros/humble/share/ament_lint_auto/cmake)
[12.851s] -- Added test 'cppcheck' to perform static code analysis on C / C++ code
[12.873s] -- Configured cppcheck include dirs: $<BUILD_INTERFACE:/home/zzw/ws01_plumbing/src/cpp07_exercise/include>
[12.874s] -- Configured cppcheck exclude dirs and/or files: 
[12.877s] -- Added test 'flake8' to check Python code syntax and style conventions
[12.880s] -- Added test 'lint_cmake' to check CMake code style
[12.901s] -- Added test 'pep257' to check Python code against some of the docstring style conventions in PEP 257
[12.909s] -- Added test 'uncrustify' to check C / C++ code style
[12.910s] -- Configured uncrustify additional arguments: 
[12.913s] -- Added test 'xmllint' to check XML markup files
[12.918s] -- Configuring done
[13.011s] -- Generating done
[13.021s] -- Build files have been written to: /home/zzw/ws01_plumbing/build/cpp07_exercise
[13.071s] Invoked command in '/home/zzw/ws01_plumbing/build/cpp07_exercise' returned '0': AMENT_PREFIX_PATH=/home/zzw/ws01_plumbing/install/base_interfaces_demo:${AMENT_PREFIX_PATH} CMAKE_PREFIX_PATH=/home/zzw/ws01_plumbing/install/base_interfaces_demo:/opt/ros/humble LD_LIBRARY_PATH=/home/zzw/ws01_plumbing/install/base_interfaces_demo/lib:${LD_LIBRARY_PATH} PYTHONPATH=/home/zzw/ws01_plumbing/install/base_interfaces_demo/local/lib/python3.10/dist-packages:${PYTHONPATH} /usr/bin/cmake /home/zzw/ws01_plumbing/src/cpp07_exercise -DCMAKE_INSTALL_PREFIX=/home/zzw/ws01_plumbing/install/cpp07_exercise
[13.072s] Invoking command in '/home/zzw/ws01_plumbing/build/cpp07_exercise': AMENT_PREFIX_PATH=/home/zzw/ws01_plumbing/install/base_interfaces_demo:${AMENT_PREFIX_PATH} CMAKE_PREFIX_PATH=/home/zzw/ws01_plumbing/install/base_interfaces_demo:/opt/ros/humble LD_LIBRARY_PATH=/home/zzw/ws01_plumbing/install/base_interfaces_demo/lib:${LD_LIBRARY_PATH} PYTHONPATH=/home/zzw/ws01_plumbing/install/base_interfaces_demo/local/lib/python3.10/dist-packages:${PYTHONPATH} /usr/bin/cmake --build /home/zzw/ws01_plumbing/build/cpp07_exercise -- -j8 -l8
[13.257s] [ 16%] [32mBuilding CXX object CMakeFiles/exer01_pub_sub.dir/src/exer01_pub_sub.cpp.o[0m
[13.291s] [ 33%] [32mBuilding CXX object CMakeFiles/exer03_client.dir/src/exer03_client.cpp.o[0m
[13.307s] [ 50%] [32mBuilding CXX object CMakeFiles/exer02_server.dir/src/exer02_server.cpp.o[0m
[298.103s] [ 66%] [32m[1mLinking CXX executable exer03_client[0m
[299.437s] [ 66%] Built target exer03_client
[318.209s] [ 83%] [32m[1mLinking CXX executable exer01_pub_sub[0m
[319.541s] [ 83%] Built target exer01_pub_sub
[320.180s] [100%] [32m[1mLinking CXX executable exer02_server[0m
[321.384s] [100%] Built target exer02_server
