[10.284s] DEBUG:colcon:Command line arguments: ['/usr/bin/colcon', 'build', '--packages-select', 'cpp07_exercise']
[10.285s] DEBUG:colcon:Parsed command line arguments: Namespace(log_base=None, log_level=None, verb_name='build', build_base='build', install_base='install', merge_install=False, symlink_install=False, test_result_base=None, continue_on_error=False, executor='parallel', parallel_workers=8, event_handlers=None, ignore_user_meta=False, metas=['./colcon.meta'], base_paths=['.'], packages_ignore=None, packages_ignore_regex=None, paths=None, packages_up_to=None, packages_up_to_regex=None, packages_above=None, packages_above_and_dependencies=None, packages_above_depth=None, packages_select_by_dep=None, packages_skip_by_dep=None, packages_skip_up_to=None, packages_select_build_failed=False, packages_skip_build_finished=False, packages_select_test_failures=False, packages_skip_test_passed=False, packages_select=['cpp07_exercise'], packages_skip=None, packages_select_regex=None, packages_skip_regex=None, packages_start=None, packages_end=None, allow_overriding=[], cmake_args=None, cmake_target=None, cmake_target_skip_unavailable=False, cmake_clean_cache=False, cmake_clean_first=False, cmake_force_configure=False, ament_cmake_args=None, catkin_cmake_args=None, catkin_skip_building_tests=False, verb_parser=<colcon_defaults.argument_parser.defaults.DefaultArgumentsDecorator object at 0x7fde50e38520>, verb_extension=<colcon_core.verb.build.BuildVerb object at 0x7fde517ac970>, main=<bound method BuildVerb.main of <colcon_core.verb.build.BuildVerb object at 0x7fde517ac970>>)
[10.678s] Level 1:colcon.colcon_core.package_discovery:discover_packages(colcon_meta) check parameters
[10.678s] Level 1:colcon.colcon_core.package_discovery:discover_packages(recursive) check parameters
[10.678s] Level 1:colcon.colcon_core.package_discovery:discover_packages(ignore) check parameters
[10.678s] Level 1:colcon.colcon_core.package_discovery:discover_packages(path) check parameters
[10.678s] Level 1:colcon.colcon_core.package_discovery:discover_packages(colcon_meta) discover
[10.678s] Level 1:colcon.colcon_core.package_discovery:discover_packages(recursive) discover
[10.678s] INFO:colcon.colcon_core.package_discovery:Crawling recursively for packages in '/home/zzw/ws01_plumbing'
[10.678s] Level 1:colcon.colcon_core.package_identification:_identify(.) by extensions ['ignore', 'ignore_ament_install']
[10.679s] Level 1:colcon.colcon_core.package_identification:_identify(.) by extension 'ignore'
[10.679s] Level 1:colcon.colcon_core.package_identification:_identify(.) by extension 'ignore_ament_install'
[10.679s] Level 1:colcon.colcon_core.package_identification:_identify(.) by extensions ['colcon_pkg']
[10.679s] Level 1:colcon.colcon_core.package_identification:_identify(.) by extension 'colcon_pkg'
[10.679s] Level 1:colcon.colcon_core.package_identification:_identify(.) by extensions ['colcon_meta']
[10.679s] Level 1:colcon.colcon_core.package_identification:_identify(.) by extension 'colcon_meta'
[10.679s] Level 1:colcon.colcon_core.package_identification:_identify(.) by extensions ['ros']
[10.679s] Level 1:colcon.colcon_core.package_identification:_identify(.) by extension 'ros'
[10.784s] Level 1:colcon.colcon_core.package_identification:_identify(.) by extensions ['cmake', 'python']
[10.784s] Level 1:colcon.colcon_core.package_identification:_identify(.) by extension 'cmake'
[10.784s] Level 1:colcon.colcon_core.package_identification:_identify(.) by extension 'python'
[10.784s] Level 1:colcon.colcon_core.package_identification:_identify(.) by extensions ['python_setup_py']
[10.784s] Level 1:colcon.colcon_core.package_identification:_identify(.) by extension 'python_setup_py'
[10.786s] Level 1:colcon.colcon_core.package_identification:_identify(build) by extensions ['ignore', 'ignore_ament_install']
[10.787s] Level 1:colcon.colcon_core.package_identification:_identify(build) by extension 'ignore'
[10.788s] Level 1:colcon.colcon_core.package_identification:_identify(build) ignored
[10.788s] Level 1:colcon.colcon_core.package_identification:_identify(install) by extensions ['ignore', 'ignore_ament_install']
[10.789s] Level 1:colcon.colcon_core.package_identification:_identify(install) by extension 'ignore'
[10.789s] Level 1:colcon.colcon_core.package_identification:_identify(install) ignored
[10.790s] Level 1:colcon.colcon_core.package_identification:_identify(log) by extensions ['ignore', 'ignore_ament_install']
[10.791s] Level 1:colcon.colcon_core.package_identification:_identify(log) by extension 'ignore'
[10.792s] Level 1:colcon.colcon_core.package_identification:_identify(log) ignored
[10.793s] Level 1:colcon.colcon_core.package_identification:_identify(src) by extensions ['ignore', 'ignore_ament_install']
[10.794s] Level 1:colcon.colcon_core.package_identification:_identify(src) by extension 'ignore'
[10.795s] Level 1:colcon.colcon_core.package_identification:_identify(src) by extension 'ignore_ament_install'
[10.798s] Level 1:colcon.colcon_core.package_identification:_identify(src) by extensions ['colcon_pkg']
[10.798s] Level 1:colcon.colcon_core.package_identification:_identify(src) by extension 'colcon_pkg'
[10.799s] Level 1:colcon.colcon_core.package_identification:_identify(src) by extensions ['colcon_meta']
[10.799s] Level 1:colcon.colcon_core.package_identification:_identify(src) by extension 'colcon_meta'
[10.799s] Level 1:colcon.colcon_core.package_identification:_identify(src) by extensions ['ros']
[10.799s] Level 1:colcon.colcon_core.package_identification:_identify(src) by extension 'ros'
[10.800s] Level 1:colcon.colcon_core.package_identification:_identify(src) by extensions ['cmake', 'python']
[10.801s] Level 1:colcon.colcon_core.package_identification:_identify(src) by extension 'cmake'
[10.802s] Level 1:colcon.colcon_core.package_identification:_identify(src) by extension 'python'
[10.803s] Level 1:colcon.colcon_core.package_identification:_identify(src) by extensions ['python_setup_py']
[10.804s] Level 1:colcon.colcon_core.package_identification:_identify(src) by extension 'python_setup_py'
[10.806s] Level 1:colcon.colcon_core.package_identification:_identify(src/base_interfaces_demo) by extensions ['ignore', 'ignore_ament_install']
[10.807s] Level 1:colcon.colcon_core.package_identification:_identify(src/base_interfaces_demo) by extension 'ignore'
[10.810s] Level 1:colcon.colcon_core.package_identification:_identify(src/base_interfaces_demo) by extension 'ignore_ament_install'
[10.810s] Level 1:colcon.colcon_core.package_identification:_identify(src/base_interfaces_demo) by extensions ['colcon_pkg']
[10.811s] Level 1:colcon.colcon_core.package_identification:_identify(src/base_interfaces_demo) by extension 'colcon_pkg'
[10.811s] Level 1:colcon.colcon_core.package_identification:_identify(src/base_interfaces_demo) by extensions ['colcon_meta']
[10.812s] Level 1:colcon.colcon_core.package_identification:_identify(src/base_interfaces_demo) by extension 'colcon_meta'
[10.812s] Level 1:colcon.colcon_core.package_identification:_identify(src/base_interfaces_demo) by extensions ['ros']
[10.813s] Level 1:colcon.colcon_core.package_identification:_identify(src/base_interfaces_demo) by extension 'ros'
[10.891s] DEBUG:colcon.colcon_core.package_identification:Package 'src/base_interfaces_demo' with type 'ros.ament_cmake' and name 'base_interfaces_demo'
[10.893s] Level 1:colcon.colcon_core.package_identification:_identify(src/cpp01_topic) by extensions ['ignore', 'ignore_ament_install']
[10.894s] Level 1:colcon.colcon_core.package_identification:_identify(src/cpp01_topic) by extension 'ignore'
[10.894s] Level 1:colcon.colcon_core.package_identification:_identify(src/cpp01_topic) by extension 'ignore_ament_install'
[10.896s] Level 1:colcon.colcon_core.package_identification:_identify(src/cpp01_topic) by extensions ['colcon_pkg']
[10.896s] Level 1:colcon.colcon_core.package_identification:_identify(src/cpp01_topic) by extension 'colcon_pkg'
[10.896s] Level 1:colcon.colcon_core.package_identification:_identify(src/cpp01_topic) by extensions ['colcon_meta']
[10.897s] Level 1:colcon.colcon_core.package_identification:_identify(src/cpp01_topic) by extension 'colcon_meta'
[10.897s] Level 1:colcon.colcon_core.package_identification:_identify(src/cpp01_topic) by extensions ['ros']
[10.897s] Level 1:colcon.colcon_core.package_identification:_identify(src/cpp01_topic) by extension 'ros'
[10.901s] DEBUG:colcon.colcon_core.package_identification:Package 'src/cpp01_topic' with type 'ros.ament_cmake' and name 'cpp01_topic'
[10.902s] Level 1:colcon.colcon_core.package_identification:_identify(src/cpp02_service) by extensions ['ignore', 'ignore_ament_install']
[10.903s] Level 1:colcon.colcon_core.package_identification:_identify(src/cpp02_service) by extension 'ignore'
[10.903s] Level 1:colcon.colcon_core.package_identification:_identify(src/cpp02_service) by extension 'ignore_ament_install'
[10.904s] Level 1:colcon.colcon_core.package_identification:_identify(src/cpp02_service) by extensions ['colcon_pkg']
[10.904s] Level 1:colcon.colcon_core.package_identification:_identify(src/cpp02_service) by extension 'colcon_pkg'
[10.904s] Level 1:colcon.colcon_core.package_identification:_identify(src/cpp02_service) by extensions ['colcon_meta']
[10.904s] Level 1:colcon.colcon_core.package_identification:_identify(src/cpp02_service) by extension 'colcon_meta'
[10.904s] Level 1:colcon.colcon_core.package_identification:_identify(src/cpp02_service) by extensions ['ros']
[10.905s] Level 1:colcon.colcon_core.package_identification:_identify(src/cpp02_service) by extension 'ros'
[10.908s] DEBUG:colcon.colcon_core.package_identification:Package 'src/cpp02_service' with type 'ros.ament_cmake' and name 'cpp02_service'
[10.911s] Level 1:colcon.colcon_core.package_identification:_identify(src/cpp03_action) by extensions ['ignore', 'ignore_ament_install']
[10.911s] Level 1:colcon.colcon_core.package_identification:_identify(src/cpp03_action) by extension 'ignore'
[10.912s] Level 1:colcon.colcon_core.package_identification:_identify(src/cpp03_action) by extension 'ignore_ament_install'
[10.912s] Level 1:colcon.colcon_core.package_identification:_identify(src/cpp03_action) by extensions ['colcon_pkg']
[10.912s] Level 1:colcon.colcon_core.package_identification:_identify(src/cpp03_action) by extension 'colcon_pkg'
[10.913s] Level 1:colcon.colcon_core.package_identification:_identify(src/cpp03_action) by extensions ['colcon_meta']
[10.913s] Level 1:colcon.colcon_core.package_identification:_identify(src/cpp03_action) by extension 'colcon_meta'
[10.913s] Level 1:colcon.colcon_core.package_identification:_identify(src/cpp03_action) by extensions ['ros']
[10.913s] Level 1:colcon.colcon_core.package_identification:_identify(src/cpp03_action) by extension 'ros'
[10.915s] DEBUG:colcon.colcon_core.package_identification:Package 'src/cpp03_action' with type 'ros.ament_cmake' and name 'cpp03_action'
[10.916s] Level 1:colcon.colcon_core.package_identification:_identify(src/cpp04_param) by extensions ['ignore', 'ignore_ament_install']
[10.917s] Level 1:colcon.colcon_core.package_identification:_identify(src/cpp04_param) by extension 'ignore'
[10.917s] Level 1:colcon.colcon_core.package_identification:_identify(src/cpp04_param) by extension 'ignore_ament_install'
[10.917s] Level 1:colcon.colcon_core.package_identification:_identify(src/cpp04_param) by extensions ['colcon_pkg']
[10.917s] Level 1:colcon.colcon_core.package_identification:_identify(src/cpp04_param) by extension 'colcon_pkg'
[10.917s] Level 1:colcon.colcon_core.package_identification:_identify(src/cpp04_param) by extensions ['colcon_meta']
[10.917s] Level 1:colcon.colcon_core.package_identification:_identify(src/cpp04_param) by extension 'colcon_meta'
[10.917s] Level 1:colcon.colcon_core.package_identification:_identify(src/cpp04_param) by extensions ['ros']
[10.917s] Level 1:colcon.colcon_core.package_identification:_identify(src/cpp04_param) by extension 'ros'
[10.919s] DEBUG:colcon.colcon_core.package_identification:Package 'src/cpp04_param' with type 'ros.ament_cmake' and name 'cpp04_param'
[10.921s] Level 1:colcon.colcon_core.package_identification:_identify(src/cpp05_names) by extensions ['ignore', 'ignore_ament_install']
[10.921s] Level 1:colcon.colcon_core.package_identification:_identify(src/cpp05_names) by extension 'ignore'
[10.921s] Level 1:colcon.colcon_core.package_identification:_identify(src/cpp05_names) by extension 'ignore_ament_install'
[10.921s] Level 1:colcon.colcon_core.package_identification:_identify(src/cpp05_names) by extensions ['colcon_pkg']
[10.922s] Level 1:colcon.colcon_core.package_identification:_identify(src/cpp05_names) by extension 'colcon_pkg'
[10.922s] Level 1:colcon.colcon_core.package_identification:_identify(src/cpp05_names) by extensions ['colcon_meta']
[10.922s] Level 1:colcon.colcon_core.package_identification:_identify(src/cpp05_names) by extension 'colcon_meta'
[10.922s] Level 1:colcon.colcon_core.package_identification:_identify(src/cpp05_names) by extensions ['ros']
[10.922s] Level 1:colcon.colcon_core.package_identification:_identify(src/cpp05_names) by extension 'ros'
[10.924s] DEBUG:colcon.colcon_core.package_identification:Package 'src/cpp05_names' with type 'ros.ament_cmake' and name 'cpp05_names'
[10.926s] Level 1:colcon.colcon_core.package_identification:_identify(src/cpp06_time) by extensions ['ignore', 'ignore_ament_install']
[10.927s] Level 1:colcon.colcon_core.package_identification:_identify(src/cpp06_time) by extension 'ignore'
[10.927s] Level 1:colcon.colcon_core.package_identification:_identify(src/cpp06_time) by extension 'ignore_ament_install'
[10.928s] Level 1:colcon.colcon_core.package_identification:_identify(src/cpp06_time) by extensions ['colcon_pkg']
[10.928s] Level 1:colcon.colcon_core.package_identification:_identify(src/cpp06_time) by extension 'colcon_pkg'
[10.929s] Level 1:colcon.colcon_core.package_identification:_identify(src/cpp06_time) by extensions ['colcon_meta']
[10.929s] Level 1:colcon.colcon_core.package_identification:_identify(src/cpp06_time) by extension 'colcon_meta'
[10.929s] Level 1:colcon.colcon_core.package_identification:_identify(src/cpp06_time) by extensions ['ros']
[10.929s] Level 1:colcon.colcon_core.package_identification:_identify(src/cpp06_time) by extension 'ros'
[10.944s] DEBUG:colcon.colcon_core.package_identification:Package 'src/cpp06_time' with type 'ros.ament_cmake' and name 'cpp06_time'
[10.944s] Level 1:colcon.colcon_core.package_identification:_identify(src/cpp07_exercise) by extensions ['ignore', 'ignore_ament_install']
[10.945s] Level 1:colcon.colcon_core.package_identification:_identify(src/cpp07_exercise) by extension 'ignore'
[10.945s] Level 1:colcon.colcon_core.package_identification:_identify(src/cpp07_exercise) by extension 'ignore_ament_install'
[10.946s] Level 1:colcon.colcon_core.package_identification:_identify(src/cpp07_exercise) by extensions ['colcon_pkg']
[10.946s] Level 1:colcon.colcon_core.package_identification:_identify(src/cpp07_exercise) by extension 'colcon_pkg'
[10.946s] Level 1:colcon.colcon_core.package_identification:_identify(src/cpp07_exercise) by extensions ['colcon_meta']
[10.946s] Level 1:colcon.colcon_core.package_identification:_identify(src/cpp07_exercise) by extension 'colcon_meta'
[10.946s] Level 1:colcon.colcon_core.package_identification:_identify(src/cpp07_exercise) by extensions ['ros']
[10.947s] Level 1:colcon.colcon_core.package_identification:_identify(src/cpp07_exercise) by extension 'ros'
[10.966s] DEBUG:colcon.colcon_core.package_identification:Package 'src/cpp07_exercise' with type 'ros.ament_cmake' and name 'cpp07_exercise'
[10.967s] Level 1:colcon.colcon_core.package_identification:_identify(src/py01_topic) by extensions ['ignore', 'ignore_ament_install']
[10.967s] Level 1:colcon.colcon_core.package_identification:_identify(src/py01_topic) by extension 'ignore'
[10.967s] Level 1:colcon.colcon_core.package_identification:_identify(src/py01_topic) by extension 'ignore_ament_install'
[10.967s] Level 1:colcon.colcon_core.package_identification:_identify(src/py01_topic) by extensions ['colcon_pkg']
[10.968s] Level 1:colcon.colcon_core.package_identification:_identify(src/py01_topic) by extension 'colcon_pkg'
[10.968s] Level 1:colcon.colcon_core.package_identification:_identify(src/py01_topic) by extensions ['colcon_meta']
[10.968s] Level 1:colcon.colcon_core.package_identification:_identify(src/py01_topic) by extension 'colcon_meta'
[10.968s] Level 1:colcon.colcon_core.package_identification:_identify(src/py01_topic) by extensions ['ros']
[10.968s] Level 1:colcon.colcon_core.package_identification:_identify(src/py01_topic) by extension 'ros'
[10.970s] DEBUG:colcon.colcon_core.package_identification:Package 'src/py01_topic' with type 'ros.ament_python' and name 'py01_topic'
[10.971s] Level 1:colcon.colcon_core.package_identification:_identify(src/py02_service) by extensions ['ignore', 'ignore_ament_install']
[10.971s] Level 1:colcon.colcon_core.package_identification:_identify(src/py02_service) by extension 'ignore'
[10.972s] Level 1:colcon.colcon_core.package_identification:_identify(src/py02_service) by extension 'ignore_ament_install'
[10.972s] Level 1:colcon.colcon_core.package_identification:_identify(src/py02_service) by extensions ['colcon_pkg']
[10.973s] Level 1:colcon.colcon_core.package_identification:_identify(src/py02_service) by extension 'colcon_pkg'
[10.973s] Level 1:colcon.colcon_core.package_identification:_identify(src/py02_service) by extensions ['colcon_meta']
[10.973s] Level 1:colcon.colcon_core.package_identification:_identify(src/py02_service) by extension 'colcon_meta'
[10.973s] Level 1:colcon.colcon_core.package_identification:_identify(src/py02_service) by extensions ['ros']
[10.973s] Level 1:colcon.colcon_core.package_identification:_identify(src/py02_service) by extension 'ros'
[10.976s] DEBUG:colcon.colcon_core.package_identification:Package 'src/py02_service' with type 'ros.ament_python' and name 'py02_service'
[10.977s] Level 1:colcon.colcon_core.package_identification:_identify(src/py03_action) by extensions ['ignore', 'ignore_ament_install']
[10.978s] Level 1:colcon.colcon_core.package_identification:_identify(src/py03_action) by extension 'ignore'
[10.979s] Level 1:colcon.colcon_core.package_identification:_identify(src/py03_action) by extension 'ignore_ament_install'
[10.980s] Level 1:colcon.colcon_core.package_identification:_identify(src/py03_action) by extensions ['colcon_pkg']
[10.980s] Level 1:colcon.colcon_core.package_identification:_identify(src/py03_action) by extension 'colcon_pkg'
[10.980s] Level 1:colcon.colcon_core.package_identification:_identify(src/py03_action) by extensions ['colcon_meta']
[10.981s] Level 1:colcon.colcon_core.package_identification:_identify(src/py03_action) by extension 'colcon_meta'
[10.981s] Level 1:colcon.colcon_core.package_identification:_identify(src/py03_action) by extensions ['ros']
[10.981s] Level 1:colcon.colcon_core.package_identification:_identify(src/py03_action) by extension 'ros'
[10.983s] DEBUG:colcon.colcon_core.package_identification:Package 'src/py03_action' with type 'ros.ament_python' and name 'py03_action'
[10.985s] Level 1:colcon.colcon_core.package_identification:_identify(src/py04_param) by extensions ['ignore', 'ignore_ament_install']
[10.985s] Level 1:colcon.colcon_core.package_identification:_identify(src/py04_param) by extension 'ignore'
[10.985s] Level 1:colcon.colcon_core.package_identification:_identify(src/py04_param) by extension 'ignore_ament_install'
[10.985s] Level 1:colcon.colcon_core.package_identification:_identify(src/py04_param) by extensions ['colcon_pkg']
[10.986s] Level 1:colcon.colcon_core.package_identification:_identify(src/py04_param) by extension 'colcon_pkg'
[10.986s] Level 1:colcon.colcon_core.package_identification:_identify(src/py04_param) by extensions ['colcon_meta']
[10.986s] Level 1:colcon.colcon_core.package_identification:_identify(src/py04_param) by extension 'colcon_meta'
[10.986s] Level 1:colcon.colcon_core.package_identification:_identify(src/py04_param) by extensions ['ros']
[10.986s] Level 1:colcon.colcon_core.package_identification:_identify(src/py04_param) by extension 'ros'
[11.011s] DEBUG:colcon.colcon_core.package_identification:Package 'src/py04_param' with type 'ros.ament_python' and name 'py04_param'
[11.019s] Level 1:colcon.colcon_core.package_identification:_identify(src/py05_names) by extensions ['ignore', 'ignore_ament_install']
[11.019s] Level 1:colcon.colcon_core.package_identification:_identify(src/py05_names) by extension 'ignore'
[11.021s] Level 1:colcon.colcon_core.package_identification:_identify(src/py05_names) by extension 'ignore_ament_install'
[11.021s] Level 1:colcon.colcon_core.package_identification:_identify(src/py05_names) by extensions ['colcon_pkg']
[11.022s] Level 1:colcon.colcon_core.package_identification:_identify(src/py05_names) by extension 'colcon_pkg'
[11.022s] Level 1:colcon.colcon_core.package_identification:_identify(src/py05_names) by extensions ['colcon_meta']
[11.023s] Level 1:colcon.colcon_core.package_identification:_identify(src/py05_names) by extension 'colcon_meta'
[11.023s] Level 1:colcon.colcon_core.package_identification:_identify(src/py05_names) by extensions ['ros']
[11.023s] Level 1:colcon.colcon_core.package_identification:_identify(src/py05_names) by extension 'ros'
[11.035s] DEBUG:colcon.colcon_core.package_identification:Package 'src/py05_names' with type 'ros.ament_python' and name 'py05_names'
[11.041s] Level 1:colcon.colcon_core.package_identification:_identify(src/py06_time) by extensions ['ignore', 'ignore_ament_install']
[11.041s] Level 1:colcon.colcon_core.package_identification:_identify(src/py06_time) by extension 'ignore'
[11.042s] Level 1:colcon.colcon_core.package_identification:_identify(src/py06_time) by extension 'ignore_ament_install'
[11.043s] Level 1:colcon.colcon_core.package_identification:_identify(src/py06_time) by extensions ['colcon_pkg']
[11.043s] Level 1:colcon.colcon_core.package_identification:_identify(src/py06_time) by extension 'colcon_pkg'
[11.044s] Level 1:colcon.colcon_core.package_identification:_identify(src/py06_time) by extensions ['colcon_meta']
[11.045s] Level 1:colcon.colcon_core.package_identification:_identify(src/py06_time) by extension 'colcon_meta'
[11.045s] Level 1:colcon.colcon_core.package_identification:_identify(src/py06_time) by extensions ['ros']
[11.046s] Level 1:colcon.colcon_core.package_identification:_identify(src/py06_time) by extension 'ros'
[11.050s] DEBUG:colcon.colcon_core.package_identification:Package 'src/py06_time' with type 'ros.ament_python' and name 'py06_time'
[11.051s] Level 1:colcon.colcon_core.package_identification:_identify(src/tutorails_plumbing) by extensions ['ignore', 'ignore_ament_install']
[11.052s] Level 1:colcon.colcon_core.package_identification:_identify(src/tutorails_plumbing) by extension 'ignore'
[11.052s] Level 1:colcon.colcon_core.package_identification:_identify(src/tutorails_plumbing) by extension 'ignore_ament_install'
[11.055s] Level 1:colcon.colcon_core.package_identification:_identify(src/tutorails_plumbing) by extensions ['colcon_pkg']
[11.056s] Level 1:colcon.colcon_core.package_identification:_identify(src/tutorails_plumbing) by extension 'colcon_pkg'
[11.056s] Level 1:colcon.colcon_core.package_identification:_identify(src/tutorails_plumbing) by extensions ['colcon_meta']
[11.057s] Level 1:colcon.colcon_core.package_identification:_identify(src/tutorails_plumbing) by extension 'colcon_meta'
[11.057s] Level 1:colcon.colcon_core.package_identification:_identify(src/tutorails_plumbing) by extensions ['ros']
[11.058s] Level 1:colcon.colcon_core.package_identification:_identify(src/tutorails_plumbing) by extension 'ros'
[11.063s] DEBUG:colcon.colcon_core.package_identification:Package 'src/tutorails_plumbing' with type 'ros.ament_cmake' and name 'tutorails_plumbing'
[11.063s] Level 1:colcon.colcon_core.package_discovery:discover_packages(recursive) using defaults
[11.064s] Level 1:colcon.colcon_core.package_discovery:discover_packages(ignore) discover
[11.064s] Level 1:colcon.colcon_core.package_discovery:discover_packages(ignore) using defaults
[11.064s] Level 1:colcon.colcon_core.package_discovery:discover_packages(path) discover
[11.064s] Level 1:colcon.colcon_core.package_discovery:discover_packages(path) using defaults
[11.354s] INFO:colcon.colcon_core.package_selection:Skipping not selected package 'base_interfaces_demo' in 'src/base_interfaces_demo'
[11.354s] INFO:colcon.colcon_core.package_selection:Skipping not selected package 'cpp04_param' in 'src/cpp04_param'
[11.354s] INFO:colcon.colcon_core.package_selection:Skipping not selected package 'cpp05_names' in 'src/cpp05_names'
[11.354s] INFO:colcon.colcon_core.package_selection:Skipping not selected package 'cpp06_time' in 'src/cpp06_time'
[11.354s] INFO:colcon.colcon_core.package_selection:Skipping not selected package 'py04_param' in 'src/py04_param'
[11.355s] INFO:colcon.colcon_core.package_selection:Skipping not selected package 'py05_names' in 'src/py05_names'
[11.355s] INFO:colcon.colcon_core.package_selection:Skipping not selected package 'py06_time' in 'src/py06_time'
[11.355s] INFO:colcon.colcon_core.package_selection:Skipping not selected package 'cpp01_topic' in 'src/cpp01_topic'
[11.355s] INFO:colcon.colcon_core.package_selection:Skipping not selected package 'cpp02_service' in 'src/cpp02_service'
[11.355s] INFO:colcon.colcon_core.package_selection:Skipping not selected package 'cpp03_action' in 'src/cpp03_action'
[11.355s] INFO:colcon.colcon_core.package_selection:Skipping not selected package 'py01_topic' in 'src/py01_topic'
[11.355s] INFO:colcon.colcon_core.package_selection:Skipping not selected package 'py02_service' in 'src/py02_service'
[11.356s] INFO:colcon.colcon_core.package_selection:Skipping not selected package 'py03_action' in 'src/py03_action'
[11.356s] INFO:colcon.colcon_core.package_selection:Skipping not selected package 'tutorails_plumbing' in 'src/tutorails_plumbing'
[11.358s] Level 1:colcon.colcon_core.package_discovery:discover_packages(prefix_path) check parameters
[11.358s] Level 1:colcon.colcon_core.package_discovery:discover_packages(prefix_path) discover
[11.374s] DEBUG:colcon.colcon_installed_package_information.package_discovery:Found 327 installed packages in /opt/ros/humble
[11.378s] Level 1:colcon.colcon_core.package_discovery:discover_packages(prefix_path) using defaults
[11.728s] Level 5:colcon.colcon_core.verb:set package 'cpp07_exercise' build argument 'cmake_args' from command line to 'None'
[11.728s] Level 5:colcon.colcon_core.verb:set package 'cpp07_exercise' build argument 'cmake_target' from command line to 'None'
[11.728s] Level 5:colcon.colcon_core.verb:set package 'cpp07_exercise' build argument 'cmake_target_skip_unavailable' from command line to 'False'
[11.728s] Level 5:colcon.colcon_core.verb:set package 'cpp07_exercise' build argument 'cmake_clean_cache' from command line to 'False'
[11.728s] Level 5:colcon.colcon_core.verb:set package 'cpp07_exercise' build argument 'cmake_clean_first' from command line to 'False'
[11.728s] Level 5:colcon.colcon_core.verb:set package 'cpp07_exercise' build argument 'cmake_force_configure' from command line to 'False'
[11.729s] Level 5:colcon.colcon_core.verb:set package 'cpp07_exercise' build argument 'ament_cmake_args' from command line to 'None'
[11.729s] Level 5:colcon.colcon_core.verb:set package 'cpp07_exercise' build argument 'catkin_cmake_args' from command line to 'None'
[11.729s] Level 5:colcon.colcon_core.verb:set package 'cpp07_exercise' build argument 'catkin_skip_building_tests' from command line to 'False'
[11.729s] DEBUG:colcon.colcon_core.verb:Building package 'cpp07_exercise' with the following arguments: {'ament_cmake_args': None, 'build_base': '/home/zzw/ws01_plumbing/build/cpp07_exercise', 'catkin_cmake_args': None, 'catkin_skip_building_tests': False, 'cmake_args': None, 'cmake_clean_cache': False, 'cmake_clean_first': False, 'cmake_force_configure': False, 'cmake_target': None, 'cmake_target_skip_unavailable': False, 'install_base': '/home/zzw/ws01_plumbing/install/cpp07_exercise', 'merge_install': False, 'path': '/home/zzw/ws01_plumbing/src/cpp07_exercise', 'symlink_install': False, 'test_result_base': None}
[11.730s] INFO:colcon.colcon_core.executor:Executing jobs using 'parallel' executor
[11.743s] DEBUG:colcon.colcon_parallel_executor.executor.parallel:run_until_complete
[11.745s] INFO:colcon.colcon_ros.task.ament_cmake.build:Building ROS package in '/home/zzw/ws01_plumbing/src/cpp07_exercise' with build type 'ament_cmake'
[11.747s] INFO:colcon.colcon_cmake.task.cmake.build:Building CMake package in '/home/zzw/ws01_plumbing/src/cpp07_exercise'
[11.921s] INFO:colcon.colcon_core.plugin_system:Skipping extension 'colcon_core.shell.bat': Not used on non-Windows systems
[11.922s] INFO:colcon.colcon_core.shell:Skip shell extension 'powershell' for command environment: Not usable outside of PowerShell
[11.922s] DEBUG:colcon.colcon_core.shell:Skip shell extension 'dsv' for command environment
[12.997s] DEBUG:colcon.colcon_core.event_handler.log_command:Invoking command in '/home/zzw/ws01_plumbing/build/cpp07_exercise': AMENT_PREFIX_PATH=/home/zzw/ws01_plumbing/install/base_interfaces_demo:${AMENT_PREFIX_PATH} CMAKE_PREFIX_PATH=/home/zzw/ws01_plumbing/install/base_interfaces_demo:/opt/ros/humble LD_LIBRARY_PATH=/home/zzw/ws01_plumbing/install/base_interfaces_demo/lib:${LD_LIBRARY_PATH} PYTHONPATH=/home/zzw/ws01_plumbing/install/base_interfaces_demo/local/lib/python3.10/dist-packages:${PYTHONPATH} /usr/bin/cmake --build /home/zzw/ws01_plumbing/build/cpp07_exercise -- -j8 -l8
[83.487s] DEBUG:colcon.colcon_core.event_handler.log_command:Invoked command in '/home/zzw/ws01_plumbing/build/cpp07_exercise' returned '0': AMENT_PREFIX_PATH=/home/zzw/ws01_plumbing/install/base_interfaces_demo:${AMENT_PREFIX_PATH} CMAKE_PREFIX_PATH=/home/zzw/ws01_plumbing/install/base_interfaces_demo:/opt/ros/humble LD_LIBRARY_PATH=/home/zzw/ws01_plumbing/install/base_interfaces_demo/lib:${LD_LIBRARY_PATH} PYTHONPATH=/home/zzw/ws01_plumbing/install/base_interfaces_demo/local/lib/python3.10/dist-packages:${PYTHONPATH} /usr/bin/cmake --build /home/zzw/ws01_plumbing/build/cpp07_exercise -- -j8 -l8
[83.625s] DEBUG:colcon.colcon_core.event_handler.log_command:Invoking command in '/home/zzw/ws01_plumbing/build/cpp07_exercise': AMENT_PREFIX_PATH=/home/zzw/ws01_plumbing/install/base_interfaces_demo:${AMENT_PREFIX_PATH} CMAKE_PREFIX_PATH=/home/zzw/ws01_plumbing/install/base_interfaces_demo:/opt/ros/humble LD_LIBRARY_PATH=/home/zzw/ws01_plumbing/install/base_interfaces_demo/lib:${LD_LIBRARY_PATH} PYTHONPATH=/home/zzw/ws01_plumbing/install/base_interfaces_demo/local/lib/python3.10/dist-packages:${PYTHONPATH} /usr/bin/cmake --install /home/zzw/ws01_plumbing/build/cpp07_exercise
[84.321s] Level 1:colcon.colcon_core.environment:create_environment_scripts_only(cpp07_exercise)
[84.335s] DEBUG:colcon.colcon_core.event_handler.log_command:Invoked command in '/home/zzw/ws01_plumbing/build/cpp07_exercise' returned '0': AMENT_PREFIX_PATH=/home/zzw/ws01_plumbing/install/base_interfaces_demo:${AMENT_PREFIX_PATH} CMAKE_PREFIX_PATH=/home/zzw/ws01_plumbing/install/base_interfaces_demo:/opt/ros/humble LD_LIBRARY_PATH=/home/zzw/ws01_plumbing/install/base_interfaces_demo/lib:${LD_LIBRARY_PATH} PYTHONPATH=/home/zzw/ws01_plumbing/install/base_interfaces_demo/local/lib/python3.10/dist-packages:${PYTHONPATH} /usr/bin/cmake --install /home/zzw/ws01_plumbing/build/cpp07_exercise
[84.775s] Level 1:colcon.colcon_core.environment:checking '/home/zzw/ws01_plumbing/install/cpp07_exercise' for CMake module files
[84.779s] Level 1:colcon.colcon_core.environment:checking '/home/zzw/ws01_plumbing/install/cpp07_exercise' for CMake config files
[84.791s] Level 1:colcon.colcon_core.shell:create_environment_hook('cpp07_exercise', 'cmake_prefix_path')
[84.794s] INFO:colcon.colcon_core.shell:Creating environment hook '/home/zzw/ws01_plumbing/install/cpp07_exercise/share/cpp07_exercise/hook/cmake_prefix_path.ps1'
[84.818s] INFO:colcon.colcon_core.shell:Creating environment descriptor '/home/zzw/ws01_plumbing/install/cpp07_exercise/share/cpp07_exercise/hook/cmake_prefix_path.dsv'
[84.836s] INFO:colcon.colcon_core.shell:Creating environment hook '/home/zzw/ws01_plumbing/install/cpp07_exercise/share/cpp07_exercise/hook/cmake_prefix_path.sh'
[84.843s] Level 1:colcon.colcon_core.environment:checking '/home/zzw/ws01_plumbing/install/cpp07_exercise/lib'
[84.843s] Level 1:colcon.colcon_core.environment:checking '/home/zzw/ws01_plumbing/install/cpp07_exercise/bin'
[84.844s] Level 1:colcon.colcon_core.environment:checking '/home/zzw/ws01_plumbing/install/cpp07_exercise/lib/pkgconfig/cpp07_exercise.pc'
[84.849s] Level 1:colcon.colcon_core.environment:checking '/home/zzw/ws01_plumbing/install/cpp07_exercise/lib/python3.10/site-packages'
[84.850s] Level 1:colcon.colcon_core.environment:checking '/home/zzw/ws01_plumbing/install/cpp07_exercise/bin'
[84.852s] INFO:colcon.colcon_core.shell:Creating package script '/home/zzw/ws01_plumbing/install/cpp07_exercise/share/cpp07_exercise/package.ps1'
[84.856s] INFO:colcon.colcon_core.shell:Creating package descriptor '/home/zzw/ws01_plumbing/install/cpp07_exercise/share/cpp07_exercise/package.dsv'
[84.858s] INFO:colcon.colcon_core.shell:Creating package script '/home/zzw/ws01_plumbing/install/cpp07_exercise/share/cpp07_exercise/package.sh'
[84.862s] INFO:colcon.colcon_core.shell:Creating package script '/home/zzw/ws01_plumbing/install/cpp07_exercise/share/cpp07_exercise/package.bash'
[84.899s] INFO:colcon.colcon_core.shell:Creating package script '/home/zzw/ws01_plumbing/install/cpp07_exercise/share/cpp07_exercise/package.zsh'
[84.921s] Level 1:colcon.colcon_core.environment:create_file_with_runtime_dependencies(/home/zzw/ws01_plumbing/install/cpp07_exercise/share/colcon-core/packages/cpp07_exercise)
[84.979s] Level 1:colcon.colcon_core.environment:create_environment_scripts_only(cpp07_exercise)
[84.982s] Level 1:colcon.colcon_core.environment:checking '/home/zzw/ws01_plumbing/install/cpp07_exercise' for CMake module files
[84.983s] Level 1:colcon.colcon_core.environment:checking '/home/zzw/ws01_plumbing/install/cpp07_exercise' for CMake config files
[84.983s] Level 1:colcon.colcon_core.shell:create_environment_hook('cpp07_exercise', 'cmake_prefix_path')
[84.986s] INFO:colcon.colcon_core.shell:Creating environment hook '/home/zzw/ws01_plumbing/install/cpp07_exercise/share/cpp07_exercise/hook/cmake_prefix_path.ps1'
[84.987s] INFO:colcon.colcon_core.shell:Creating environment descriptor '/home/zzw/ws01_plumbing/install/cpp07_exercise/share/cpp07_exercise/hook/cmake_prefix_path.dsv'
[84.987s] INFO:colcon.colcon_core.shell:Creating environment hook '/home/zzw/ws01_plumbing/install/cpp07_exercise/share/cpp07_exercise/hook/cmake_prefix_path.sh'
[84.988s] Level 1:colcon.colcon_core.environment:checking '/home/zzw/ws01_plumbing/install/cpp07_exercise/lib'
[84.988s] Level 1:colcon.colcon_core.environment:checking '/home/zzw/ws01_plumbing/install/cpp07_exercise/bin'
[84.988s] Level 1:colcon.colcon_core.environment:checking '/home/zzw/ws01_plumbing/install/cpp07_exercise/lib/pkgconfig/cpp07_exercise.pc'
[84.989s] Level 1:colcon.colcon_core.environment:checking '/home/zzw/ws01_plumbing/install/cpp07_exercise/lib/python3.10/site-packages'
[84.989s] Level 1:colcon.colcon_core.environment:checking '/home/zzw/ws01_plumbing/install/cpp07_exercise/bin'
[84.991s] INFO:colcon.colcon_core.shell:Creating package script '/home/zzw/ws01_plumbing/install/cpp07_exercise/share/cpp07_exercise/package.ps1'
[84.992s] INFO:colcon.colcon_core.shell:Creating package descriptor '/home/zzw/ws01_plumbing/install/cpp07_exercise/share/cpp07_exercise/package.dsv'
[84.992s] INFO:colcon.colcon_core.shell:Creating package script '/home/zzw/ws01_plumbing/install/cpp07_exercise/share/cpp07_exercise/package.sh'
[84.993s] INFO:colcon.colcon_core.shell:Creating package script '/home/zzw/ws01_plumbing/install/cpp07_exercise/share/cpp07_exercise/package.bash'
[84.994s] INFO:colcon.colcon_core.shell:Creating package script '/home/zzw/ws01_plumbing/install/cpp07_exercise/share/cpp07_exercise/package.zsh'
[84.995s] Level 1:colcon.colcon_core.environment:create_file_with_runtime_dependencies(/home/zzw/ws01_plumbing/install/cpp07_exercise/share/colcon-core/packages/cpp07_exercise)
[84.996s] DEBUG:colcon.colcon_parallel_executor.executor.parallel:closing loop
[85.000s] DEBUG:colcon.colcon_parallel_executor.executor.parallel:loop closed
[85.001s] DEBUG:colcon.colcon_parallel_executor.executor.parallel:run_until_complete finished with '0'
[85.002s] DEBUG:colcon.colcon_core.event_reactor:joining thread
[85.969s] INFO:colcon.colcon_core.plugin_system:Skipping extension 'colcon_notification.desktop_notification.terminal_notifier': Not used on non-Darwin systems
[85.970s] INFO:colcon.colcon_core.plugin_system:Skipping extension 'colcon_notification.desktop_notification.win32': Not used on non-Windows systems
[85.970s] INFO:colcon.colcon_notification.desktop_notification:Sending desktop notification using 'notify2'
[96.029s] DEBUG:colcon.colcon_core.event_reactor:joined thread
[96.034s] INFO:colcon.colcon_core.shell:Creating prefix script '/home/zzw/ws01_plumbing/install/local_setup.ps1'
[96.061s] INFO:colcon.colcon_core.shell:Creating prefix util module '/home/zzw/ws01_plumbing/install/_local_setup_util_ps1.py'
[96.126s] INFO:colcon.colcon_core.shell:Creating prefix chain script '/home/zzw/ws01_plumbing/install/setup.ps1'
[96.133s] INFO:colcon.colcon_core.shell:Creating prefix script '/home/zzw/ws01_plumbing/install/local_setup.sh'
[96.146s] INFO:colcon.colcon_core.shell:Creating prefix util module '/home/zzw/ws01_plumbing/install/_local_setup_util_sh.py'
[96.148s] INFO:colcon.colcon_core.shell:Creating prefix chain script '/home/zzw/ws01_plumbing/install/setup.sh'
[96.160s] INFO:colcon.colcon_core.shell:Creating prefix script '/home/zzw/ws01_plumbing/install/local_setup.bash'
[96.186s] INFO:colcon.colcon_core.shell:Creating prefix chain script '/home/zzw/ws01_plumbing/install/setup.bash'
[96.190s] INFO:colcon.colcon_core.shell:Creating prefix script '/home/zzw/ws01_plumbing/install/local_setup.zsh'
[96.220s] INFO:colcon.colcon_core.shell:Creating prefix chain script '/home/zzw/ws01_plumbing/install/setup.zsh'
