[1.060s] Invoking command in '/home/zzw/ws01_plumbing/build/cpp05_names': CMAKE_PREFIX_PATH=/opt/ros/humble /usr/bin/cmake --build /home/zzw/ws01_plumbing/build/cpp05_names -- -j8 -l8
[2.254s] [100%] Built target demo01_names
[2.272s] Invoked command in '/home/zzw/ws01_plumbing/build/cpp05_names' returned '0': CMAKE_PREFIX_PATH=/opt/ros/humble /usr/bin/cmake --build /home/zzw/ws01_plumbing/build/cpp05_names -- -j8 -l8
[2.365s] Invoking command in '/home/zzw/ws01_plumbing/build/cpp05_names': CMAKE_PREFIX_PATH=/opt/ros/humble /usr/bin/cmake --install /home/zzw/ws01_plumbing/build/cpp05_names
[2.384s] -- Install configuration: ""
[2.392s] -- Up-to-date: /home/zzw/ws01_plumbing/install/cpp05_names/lib/cpp05_names/demo01_names
[2.394s] -- Up-to-date: /home/zzw/ws01_plumbing/install/cpp05_names/share/cpp05_names/launch
[2.396s] -- Up-to-date: /home/zzw/ws01_plumbing/install/cpp05_names/share/cpp05_names/launch/demo03_names_launch.yaml
[2.396s] -- Up-to-date: /home/zzw/ws01_plumbing/install/cpp05_names/share/cpp05_names/launch/demo02_names_launch.xml
[2.396s] -- Up-to-date: /home/zzw/ws01_plumbing/install/cpp05_names/share/cpp05_names/launch/demo01_names_launch.py
[2.397s] -- Up-to-date: /home/zzw/ws01_plumbing/install/cpp05_names/share/ament_index/resource_index/package_run_dependencies/cpp05_names
[2.397s] -- Up-to-date: /home/zzw/ws01_plumbing/install/cpp05_names/share/ament_index/resource_index/parent_prefix_path/cpp05_names
[2.397s] -- Up-to-date: /home/zzw/ws01_plumbing/install/cpp05_names/share/cpp05_names/environment/ament_prefix_path.sh
[2.398s] -- Up-to-date: /home/zzw/ws01_plumbing/install/cpp05_names/share/cpp05_names/environment/ament_prefix_path.dsv
[2.399s] -- Up-to-date: /home/zzw/ws01_plumbing/install/cpp05_names/share/cpp05_names/environment/path.sh
[2.399s] -- Up-to-date: /home/zzw/ws01_plumbing/install/cpp05_names/share/cpp05_names/environment/path.dsv
[2.401s] -- Up-to-date: /home/zzw/ws01_plumbing/install/cpp05_names/share/cpp05_names/local_setup.bash
[2.401s] -- Up-to-date: /home/zzw/ws01_plumbing/install/cpp05_names/share/cpp05_names/local_setup.sh
[2.402s] -- Up-to-date: /home/zzw/ws01_plumbing/install/cpp05_names/share/cpp05_names/local_setup.zsh
[2.403s] -- Up-to-date: /home/zzw/ws01_plumbing/install/cpp05_names/share/cpp05_names/local_setup.dsv
[2.403s] -- Installing: /home/zzw/ws01_plumbing/install/cpp05_names/share/cpp05_names/package.dsv
[2.424s] -- Up-to-date: /home/zzw/ws01_plumbing/install/cpp05_names/share/ament_index/resource_index/packages/cpp05_names
[2.425s] -- Up-to-date: /home/zzw/ws01_plumbing/install/cpp05_names/share/cpp05_names/cmake/cpp05_namesConfig.cmake
[2.427s] -- Up-to-date: /home/zzw/ws01_plumbing/install/cpp05_names/share/cpp05_names/cmake/cpp05_namesConfig-version.cmake
[2.430s] -- Up-to-date: /home/zzw/ws01_plumbing/install/cpp05_names/share/cpp05_names/package.xml
[2.502s] Invoked command in '/home/zzw/ws01_plumbing/build/cpp05_names' returned '0': CMAKE_PREFIX_PATH=/opt/ros/humble /usr/bin/cmake --install /home/zzw/ws01_plumbing/build/cpp05_names
