[0.276s] Invoking command in '/home/zzw/ws01_plumbing/build/cpp07_exercise': AMENT_PREFIX_PATH=/home/zzw/ws01_plumbing/install/base_interfaces_demo:${AMENT_PREFIX_PATH} CMAKE_PREFIX_PATH=/home/zzw/ws01_plumbing/install/base_interfaces_demo:/opt/ros/humble LD_LIBRARY_PATH=/home/zzw/ws01_plumbing/install/base_interfaces_demo/lib:${LD_LIBRARY_PATH} PYTHONPATH=/home/zzw/ws01_plumbing/install/base_interfaces_demo/local/lib/python3.10/dist-packages:${PYTHONPATH} /usr/bin/cmake --build /home/zzw/ws01_plumbing/build/cpp07_exercise -- -j8 -l8
[0.342s] [ 20%] Built target exer01_pub_sub
[0.343s] [ 40%] Built target exer02_server
[0.344s] [ 60%] Built target exer03_client
[0.375s] [35m[1mConsolidate compiler generated dependencies of target exer05_action_client[0m
[0.387s] [ 80%] Built target exer04_action_server
[0.411s] [100%] Built target exer05_action_client
[0.422s] Invoked command in '/home/zzw/ws01_plumbing/build/cpp07_exercise' returned '0': AMENT_PREFIX_PATH=/home/zzw/ws01_plumbing/install/base_interfaces_demo:${AMENT_PREFIX_PATH} CMAKE_PREFIX_PATH=/home/zzw/ws01_plumbing/install/base_interfaces_demo:/opt/ros/humble LD_LIBRARY_PATH=/home/zzw/ws01_plumbing/install/base_interfaces_demo/lib:${LD_LIBRARY_PATH} PYTHONPATH=/home/zzw/ws01_plumbing/install/base_interfaces_demo/local/lib/python3.10/dist-packages:${PYTHONPATH} /usr/bin/cmake --build /home/zzw/ws01_plumbing/build/cpp07_exercise -- -j8 -l8
[0.482s] Invoking command in '/home/zzw/ws01_plumbing/build/cpp07_exercise': AMENT_PREFIX_PATH=/home/zzw/ws01_plumbing/install/base_interfaces_demo:${AMENT_PREFIX_PATH} CMAKE_PREFIX_PATH=/home/zzw/ws01_plumbing/install/base_interfaces_demo:/opt/ros/humble LD_LIBRARY_PATH=/home/zzw/ws01_plumbing/install/base_interfaces_demo/lib:${LD_LIBRARY_PATH} PYTHONPATH=/home/zzw/ws01_plumbing/install/base_interfaces_demo/local/lib/python3.10/dist-packages:${PYTHONPATH} /usr/bin/cmake --install /home/zzw/ws01_plumbing/build/cpp07_exercise
[0.488s] -- Install configuration: ""
[0.489s] -- Up-to-date: /home/zzw/ws01_plumbing/install/cpp07_exercise/lib/cpp07_exercise/exer01_pub_sub
[0.489s] -- Up-to-date: /home/zzw/ws01_plumbing/install/cpp07_exercise/lib/cpp07_exercise/exer02_server
[0.490s] -- Up-to-date: /home/zzw/ws01_plumbing/install/cpp07_exercise/lib/cpp07_exercise/exer03_client
[0.490s] -- Up-to-date: /home/zzw/ws01_plumbing/install/cpp07_exercise/lib/cpp07_exercise/exer04_action_server
[0.490s] -- Up-to-date: /home/zzw/ws01_plumbing/install/cpp07_exercise/lib/cpp07_exercise/exer05_action_client
[0.490s] -- Up-to-date: /home/zzw/ws01_plumbing/install/cpp07_exercise/share/cpp07_exercise/launch
[0.491s] -- Up-to-date: /home/zzw/ws01_plumbing/install/cpp07_exercise/share/cpp07_exercise/launch/exer03_client_launch.py
[0.491s] -- Up-to-date: /home/zzw/ws01_plumbing/install/cpp07_exercise/share/cpp07_exercise/launch/exer04_server_launch.py
[0.491s] -- Up-to-date: /home/zzw/ws01_plumbing/install/cpp07_exercise/share/cpp07_exercise/launch/exer05_client_launch.py
[0.491s] -- Up-to-date: /home/zzw/ws01_plumbing/install/cpp07_exercise/share/cpp07_exercise/launch/exer01_pub_sub_launch.py
[0.491s] -- Up-to-date: /home/zzw/ws01_plumbing/install/cpp07_exercise/share/cpp07_exercise/launch/exer02_server_launch.py
[0.492s] -- Up-to-date: /home/zzw/ws01_plumbing/install/cpp07_exercise/share/ament_index/resource_index/package_run_dependencies/cpp07_exercise
[0.492s] -- Up-to-date: /home/zzw/ws01_plumbing/install/cpp07_exercise/share/ament_index/resource_index/parent_prefix_path/cpp07_exercise
[0.492s] -- Up-to-date: /home/zzw/ws01_plumbing/install/cpp07_exercise/share/cpp07_exercise/environment/ament_prefix_path.sh
[0.493s] -- Up-to-date: /home/zzw/ws01_plumbing/install/cpp07_exercise/share/cpp07_exercise/environment/ament_prefix_path.dsv
[0.493s] -- Up-to-date: /home/zzw/ws01_plumbing/install/cpp07_exercise/share/cpp07_exercise/environment/path.sh
[0.493s] -- Up-to-date: /home/zzw/ws01_plumbing/install/cpp07_exercise/share/cpp07_exercise/environment/path.dsv
[0.494s] -- Up-to-date: /home/zzw/ws01_plumbing/install/cpp07_exercise/share/cpp07_exercise/local_setup.bash
[0.494s] -- Up-to-date: /home/zzw/ws01_plumbing/install/cpp07_exercise/share/cpp07_exercise/local_setup.sh
[0.495s] -- Up-to-date: /home/zzw/ws01_plumbing/install/cpp07_exercise/share/cpp07_exercise/local_setup.zsh
[0.495s] -- Up-to-date: /home/zzw/ws01_plumbing/install/cpp07_exercise/share/cpp07_exercise/local_setup.dsv
[0.495s] -- Installing: /home/zzw/ws01_plumbing/install/cpp07_exercise/share/cpp07_exercise/package.dsv
[0.496s] -- Up-to-date: /home/zzw/ws01_plumbing/install/cpp07_exercise/share/ament_index/resource_index/packages/cpp07_exercise
[0.496s] -- Up-to-date: /home/zzw/ws01_plumbing/install/cpp07_exercise/share/cpp07_exercise/cmake/cpp07_exerciseConfig.cmake
[0.496s] -- Up-to-date: /home/zzw/ws01_plumbing/install/cpp07_exercise/share/cpp07_exercise/cmake/cpp07_exerciseConfig-version.cmake
[0.496s] -- Up-to-date: /home/zzw/ws01_plumbing/install/cpp07_exercise/share/cpp07_exercise/package.xml
[0.499s] Invoked command in '/home/zzw/ws01_plumbing/build/cpp07_exercise' returned '0': AMENT_PREFIX_PATH=/home/zzw/ws01_plumbing/install/base_interfaces_demo:${AMENT_PREFIX_PATH} CMAKE_PREFIX_PATH=/home/zzw/ws01_plumbing/install/base_interfaces_demo:/opt/ros/humble LD_LIBRARY_PATH=/home/zzw/ws01_plumbing/install/base_interfaces_demo/lib:${LD_LIBRARY_PATH} PYTHONPATH=/home/zzw/ws01_plumbing/install/base_interfaces_demo/local/lib/python3.10/dist-packages:${PYTHONPATH} /usr/bin/cmake --install /home/zzw/ws01_plumbing/build/cpp07_exercise
