[0.362s] Invoking command in '/home/zzw/ws01_plumbing/build/cpp01_topic': AMENT_PREFIX_PATH=/home/zzw/ws01_plumbing/install/base_interfaces_demo:${AMENT_PREFIX_PATH} CMAKE_PREFIX_PATH=/home/zzw/ws01_plumbing/install/base_interfaces_demo:/opt/ros/humble LD_LIBRARY_PATH=/home/zzw/ws01_plumbing/install/base_interfaces_demo/lib:${LD_LIBRARY_PATH} PYTHONPATH=/home/zzw/ws01_plumbing/install/base_interfaces_demo/local/lib/python3.10/dist-packages:${PYTHONPATH} /usr/bin/cmake /home/zzw/ws01_plumbing/src/cpp01_topic -DCMAKE_INSTALL_PREFIX=/home/zzw/ws01_plumbing/install/cpp01_topic
[7.508s] -- The C compiler identification is GNU 11.3.0
[7.509s] -- The CXX compiler identification is GNU 11.3.0
[7.510s] -- Detecting C compiler ABI info
[7.510s] -- Detecting C compiler ABI info - done
[7.510s] -- Check for working C compiler: /usr/bin/cc - skipped
[7.510s] -- Detecting C compile features
[7.511s] -- Detecting C compile features - done
[7.511s] -- Detecting CXX compiler ABI info
[7.511s] -- Detecting CXX compiler ABI info - done
[7.511s] -- Check for working CXX compiler: /usr/bin/c++ - skipped
[7.512s] -- Detecting CXX compile features
[7.512s] -- Detecting CXX compile features - done
[7.512s] -- Found ament_cmake: 1.3.2 (/opt/ros/humble/share/ament_cmake/cmake)
[7.512s] -- Found Python3: /usr/bin/python3.10 (found version "3.10.6") found components: Interpreter 
[7.513s] -- Found rclcpp: 16.0.1 (/opt/ros/humble/share/rclcpp/cmake)
[7.513s] -- Found rosidl_generator_c: 3.1.3 (/opt/ros/humble/share/rosidl_generator_c/cmake)
[7.513s] -- Found rosidl_adapter: 3.1.3 (/opt/ros/humble/share/rosidl_adapter/cmake)
[7.513s] -- Found rosidl_generator_cpp: 3.1.3 (/opt/ros/humble/share/rosidl_generator_cpp/cmake)
[7.514s] -- Using all available rosidl_typesupport_c: rosidl_typesupport_fastrtps_c;rosidl_typesupport_introspection_c
[7.514s] -- Using all available rosidl_typesupport_cpp: rosidl_typesupport_fastrtps_cpp;rosidl_typesupport_introspection_cpp
[7.514s] -- Found rmw_implementation_cmake: 6.1.0 (/opt/ros/humble/share/rmw_implementation_cmake/cmake)
[7.514s] -- Found rmw_fastrtps_cpp: 6.2.1 (/opt/ros/humble/share/rmw_fastrtps_cpp/cmake)
[7.514s] -- Found OpenSSL: /usr/lib/x86_64-linux-gnu/libcrypto.so (found version "3.0.2")  
[7.515s] -- Found FastRTPS: /opt/ros/humble/include  
[7.515s] -- Using RMW implementation 'rmw_fastrtps_cpp' as default
[7.515s] -- Found base_interfaces_demo: 0.0.0 (/home/zzw/ws01_plumbing/install/base_interfaces_demo/share/base_interfaces_demo/cmake)
[7.515s] -- Found ament_lint_auto: 0.12.4 (/opt/ros/humble/share/ament_lint_auto/cmake)
[7.515s] -- Added test 'cppcheck' to perform static code analysis on C / C++ code
[7.516s] -- Configured cppcheck include dirs: $<BUILD_INTERFACE:/home/zzw/ws01_plumbing/src/cpp01_topic/include>
[7.516s] -- Configured cppcheck exclude dirs and/or files: 
[7.516s] -- Added test 'lint_cmake' to check CMake code style
[7.516s] -- Added test 'uncrustify' to check C / C++ code style
[7.517s] -- Configured uncrustify additional arguments: 
[7.517s] -- Added test 'xmllint' to check XML markup files
[7.517s] -- Configuring done
[7.517s] -- Generating done
[7.517s] -- Build files have been written to: /home/zzw/ws01_plumbing/build/cpp01_topic
[7.545s] Invoked command in '/home/zzw/ws01_plumbing/build/cpp01_topic' returned '0': AMENT_PREFIX_PATH=/home/zzw/ws01_plumbing/install/base_interfaces_demo:${AMENT_PREFIX_PATH} CMAKE_PREFIX_PATH=/home/zzw/ws01_plumbing/install/base_interfaces_demo:/opt/ros/humble LD_LIBRARY_PATH=/home/zzw/ws01_plumbing/install/base_interfaces_demo/lib:${LD_LIBRARY_PATH} PYTHONPATH=/home/zzw/ws01_plumbing/install/base_interfaces_demo/local/lib/python3.10/dist-packages:${PYTHONPATH} /usr/bin/cmake /home/zzw/ws01_plumbing/src/cpp01_topic -DCMAKE_INSTALL_PREFIX=/home/zzw/ws01_plumbing/install/cpp01_topic
[7.545s] Invoking command in '/home/zzw/ws01_plumbing/build/cpp01_topic': AMENT_PREFIX_PATH=/home/zzw/ws01_plumbing/install/base_interfaces_demo:${AMENT_PREFIX_PATH} CMAKE_PREFIX_PATH=/home/zzw/ws01_plumbing/install/base_interfaces_demo:/opt/ros/humble LD_LIBRARY_PATH=/home/zzw/ws01_plumbing/install/base_interfaces_demo/lib:${LD_LIBRARY_PATH} PYTHONPATH=/home/zzw/ws01_plumbing/install/base_interfaces_demo/local/lib/python3.10/dist-packages:${PYTHONPATH} /usr/bin/cmake --build /home/zzw/ws01_plumbing/build/cpp01_topic -- -j8 -l8
[7.621s] [ 12%] [32mBuilding CXX object CMakeFiles/demo01_talker_str.dir/src/demo01_talker_str.cpp.o[0m
[7.627s] [ 25%] [32mBuilding CXX object CMakeFiles/demo03_talker_stu.dir/src/demo03_talker_stu.cpp.o[0m
[7.663s] [ 37%] [32mBuilding CXX object CMakeFiles/demo04_listener_stu.dir/src/demo04_listener_stu.cpp.o[0m
[7.678s] [ 50%] [32mBuilding CXX object CMakeFiles/demo02_listener_str.dir/src/demo02_listener_str.cpp.o[0m
[299.875s] [ 62%] [32m[1mLinking CXX executable demo03_talker_stu[0m
[300.218s] [ 75%] [32m[1mLinking CXX executable demo01_talker_str[0m
[300.782s] [ 75%] Built target demo03_talker_stu
[301.119s] [ 75%] Built target demo01_talker_str
[320.987s] [ 87%] [32m[1mLinking CXX executable demo02_listener_str[0m
[321.189s] [100%] [32m[1mLinking CXX executable demo04_listener_stu[0m
[322.002s] [100%] Built target demo02_listener_str
[322.238s] [100%] Built target demo04_listener_stu
