[0.157s] Invoking command in '/home/zzw/ws01_plumbing/build/base_interfaces_demo': CMAKE_PREFIX_PATH=/opt/ros/humble /usr/bin/cmake --build /home/zzw/ws01_plumbing/build/base_interfaces_demo -- -j8 -l8
[2.282s] [  1%] Built target base_interfaces_demo__cpp
[2.283s] [ 12%] Built target base_interfaces_demo__rosidl_generator_c
[2.284s] [ 23%] Built target base_interfaces_demo__rosidl_typesupport_fastrtps_cpp
[2.315s] [ 34%] Built target base_interfaces_demo__rosidl_typesupport_cpp
[2.320s] [ 34%] Built target ament_cmake_python_copy_base_interfaces_demo
[2.323s] [ 45%] Built target base_interfaces_demo__rosidl_typesupport_fastrtps_c
[2.327s] [ 56%] Built target base_interfaces_demo__rosidl_typesupport_introspection_cpp
[2.338s] [ 67%] Built target base_interfaces_demo__rosidl_typesupport_introspection_c
[2.340s] [ 78%] Built target base_interfaces_demo__rosidl_typesupport_c
[2.381s] [ 78%] Built target base_interfaces_demo
[2.441s] [ 80%] Built target base_interfaces_demo__py
[2.505s] [ 89%] Built target base_interfaces_demo__rosidl_generator_py
[2.595s] [ 94%] Built target base_interfaces_demo__rosidl_typesupport_introspection_c__pyext
[2.596s] [ 96%] Built target base_interfaces_demo__rosidl_typesupport_fastrtps_c__pyext
[2.614s] [100%] Built target base_interfaces_demo__rosidl_typesupport_c__pyext
[3.104s] running egg_info
[3.108s] writing base_interfaces_demo.egg-info/PKG-INFO
[3.111s] writing dependency_links to base_interfaces_demo.egg-info/dependency_links.txt
[3.112s] writing top-level names to base_interfaces_demo.egg-info/top_level.txt
[3.120s] reading manifest file 'base_interfaces_demo.egg-info/SOURCES.txt'
[3.126s] writing manifest file 'base_interfaces_demo.egg-info/SOURCES.txt'
[3.224s] [100%] Built target ament_cmake_python_build_base_interfaces_demo_egg
[3.256s] Invoked command in '/home/zzw/ws01_plumbing/build/base_interfaces_demo' returned '0': CMAKE_PREFIX_PATH=/opt/ros/humble /usr/bin/cmake --build /home/zzw/ws01_plumbing/build/base_interfaces_demo -- -j8 -l8
[3.484s] Invoking command in '/home/zzw/ws01_plumbing/build/base_interfaces_demo': CMAKE_PREFIX_PATH=/opt/ros/humble /usr/bin/cmake --install /home/zzw/ws01_plumbing/build/base_interfaces_demo
[3.519s] -- Install configuration: ""
[3.519s] -- Up-to-date: /home/zzw/ws01_plumbing/install/base_interfaces_demo/share/ament_index/resource_index/rosidl_interfaces/base_interfaces_demo
[3.519s] -- Up-to-date: /home/zzw/ws01_plumbing/install/base_interfaces_demo/include/base_interfaces_demo/base_interfaces_demo
[3.520s] -- Up-to-date: /home/zzw/ws01_plumbing/install/base_interfaces_demo/include/base_interfaces_demo/base_interfaces_demo/srv
[3.521s] -- Up-to-date: /home/zzw/ws01_plumbing/install/base_interfaces_demo/include/base_interfaces_demo/base_interfaces_demo/srv/add_ints.h
[3.522s] -- Up-to-date: /home/zzw/ws01_plumbing/install/base_interfaces_demo/include/base_interfaces_demo/base_interfaces_demo/srv/distance.h
[3.522s] -- Up-to-date: /home/zzw/ws01_plumbing/install/base_interfaces_demo/include/base_interfaces_demo/base_interfaces_demo/srv/detail
[3.523s] -- Up-to-date: /home/zzw/ws01_plumbing/install/base_interfaces_demo/include/base_interfaces_demo/base_interfaces_demo/srv/detail/distance__functions.c
[3.524s] -- Up-to-date: /home/zzw/ws01_plumbing/install/base_interfaces_demo/include/base_interfaces_demo/base_interfaces_demo/srv/detail/distance__struct.h
[3.524s] -- Up-to-date: /home/zzw/ws01_plumbing/install/base_interfaces_demo/include/base_interfaces_demo/base_interfaces_demo/srv/detail/distance__functions.h
[3.525s] -- Up-to-date: /home/zzw/ws01_plumbing/install/base_interfaces_demo/include/base_interfaces_demo/base_interfaces_demo/srv/detail/distance__type_support.h
[3.525s] -- Up-to-date: /home/zzw/ws01_plumbing/install/base_interfaces_demo/include/base_interfaces_demo/base_interfaces_demo/srv/detail/add_ints__functions.c
[3.526s] -- Up-to-date: /home/zzw/ws01_plumbing/install/base_interfaces_demo/include/base_interfaces_demo/base_interfaces_demo/srv/detail/add_ints__struct.h
[3.527s] -- Up-to-date: /home/zzw/ws01_plumbing/install/base_interfaces_demo/include/base_interfaces_demo/base_interfaces_demo/srv/detail/add_ints__functions.h
[3.527s] -- Up-to-date: /home/zzw/ws01_plumbing/install/base_interfaces_demo/include/base_interfaces_demo/base_interfaces_demo/srv/detail/add_ints__type_support.h
[3.528s] -- Up-to-date: /home/zzw/ws01_plumbing/install/base_interfaces_demo/include/base_interfaces_demo/base_interfaces_demo/msg
[3.528s] -- Up-to-date: /home/zzw/ws01_plumbing/install/base_interfaces_demo/include/base_interfaces_demo/base_interfaces_demo/msg/student.h
[3.528s] -- Up-to-date: /home/zzw/ws01_plumbing/install/base_interfaces_demo/include/base_interfaces_demo/base_interfaces_demo/msg/rosidl_generator_c__visibility_control.h
[3.529s] -- Up-to-date: /home/zzw/ws01_plumbing/install/base_interfaces_demo/include/base_interfaces_demo/base_interfaces_demo/msg/detail
[3.529s] -- Up-to-date: /home/zzw/ws01_plumbing/install/base_interfaces_demo/include/base_interfaces_demo/base_interfaces_demo/msg/detail/student__struct.h
[3.530s] -- Up-to-date: /home/zzw/ws01_plumbing/install/base_interfaces_demo/include/base_interfaces_demo/base_interfaces_demo/msg/detail/student__functions.c
[3.530s] -- Up-to-date: /home/zzw/ws01_plumbing/install/base_interfaces_demo/include/base_interfaces_demo/base_interfaces_demo/msg/detail/student__type_support.h
[3.532s] -- Up-to-date: /home/zzw/ws01_plumbing/install/base_interfaces_demo/include/base_interfaces_demo/base_interfaces_demo/msg/detail/student__functions.h
[3.534s] -- Up-to-date: /home/zzw/ws01_plumbing/install/base_interfaces_demo/include/base_interfaces_demo/base_interfaces_demo/action
[3.535s] -- Up-to-date: /home/zzw/ws01_plumbing/install/base_interfaces_demo/include/base_interfaces_demo/base_interfaces_demo/action/progress.h
[3.538s] -- Up-to-date: /home/zzw/ws01_plumbing/install/base_interfaces_demo/include/base_interfaces_demo/base_interfaces_demo/action/detail
[3.545s] -- Up-to-date: /home/zzw/ws01_plumbing/install/base_interfaces_demo/include/base_interfaces_demo/base_interfaces_demo/action/detail/progress__functions.h
[3.548s] -- Up-to-date: /home/zzw/ws01_plumbing/install/base_interfaces_demo/include/base_interfaces_demo/base_interfaces_demo/action/detail/progress__type_support.h
[3.552s] -- Up-to-date: /home/zzw/ws01_plumbing/install/base_interfaces_demo/include/base_interfaces_demo/base_interfaces_demo/action/detail/progress__struct.h
[3.558s] -- Up-to-date: /home/zzw/ws01_plumbing/install/base_interfaces_demo/include/base_interfaces_demo/base_interfaces_demo/action/detail/progress__functions.c
[3.561s] -- Up-to-date: /home/zzw/ws01_plumbing/install/base_interfaces_demo/share/base_interfaces_demo/environment/library_path.sh
[3.561s] -- Up-to-date: /home/zzw/ws01_plumbing/install/base_interfaces_demo/share/base_interfaces_demo/environment/library_path.dsv
[3.570s] -- Up-to-date: /home/zzw/ws01_plumbing/install/base_interfaces_demo/lib/libbase_interfaces_demo__rosidl_generator_c.so
[3.570s] -- Up-to-date: /home/zzw/ws01_plumbing/install/base_interfaces_demo/include/base_interfaces_demo/base_interfaces_demo
[3.571s] -- Up-to-date: /home/zzw/ws01_plumbing/install/base_interfaces_demo/include/base_interfaces_demo/base_interfaces_demo/srv
[3.572s] -- Up-to-date: /home/zzw/ws01_plumbing/install/base_interfaces_demo/include/base_interfaces_demo/base_interfaces_demo/srv/detail
[3.572s] -- Up-to-date: /home/zzw/ws01_plumbing/install/base_interfaces_demo/include/base_interfaces_demo/base_interfaces_demo/srv/detail/add_ints__rosidl_typesupport_fastrtps_c.h
[3.572s] -- Up-to-date: /home/zzw/ws01_plumbing/install/base_interfaces_demo/include/base_interfaces_demo/base_interfaces_demo/srv/detail/distance__rosidl_typesupport_fastrtps_c.h
[3.573s] -- Up-to-date: /home/zzw/ws01_plumbing/install/base_interfaces_demo/include/base_interfaces_demo/base_interfaces_demo/msg
[3.573s] -- Up-to-date: /home/zzw/ws01_plumbing/install/base_interfaces_demo/include/base_interfaces_demo/base_interfaces_demo/msg/rosidl_typesupport_fastrtps_c__visibility_control.h
[3.574s] -- Up-to-date: /home/zzw/ws01_plumbing/install/base_interfaces_demo/include/base_interfaces_demo/base_interfaces_demo/msg/detail
[3.574s] -- Up-to-date: /home/zzw/ws01_plumbing/install/base_interfaces_demo/include/base_interfaces_demo/base_interfaces_demo/msg/detail/student__rosidl_typesupport_fastrtps_c.h
[3.575s] -- Up-to-date: /home/zzw/ws01_plumbing/install/base_interfaces_demo/include/base_interfaces_demo/base_interfaces_demo/action
[3.575s] -- Up-to-date: /home/zzw/ws01_plumbing/install/base_interfaces_demo/include/base_interfaces_demo/base_interfaces_demo/action/detail
[3.576s] -- Up-to-date: /home/zzw/ws01_plumbing/install/base_interfaces_demo/include/base_interfaces_demo/base_interfaces_demo/action/detail/progress__rosidl_typesupport_fastrtps_c.h
[3.576s] -- Up-to-date: /home/zzw/ws01_plumbing/install/base_interfaces_demo/lib/libbase_interfaces_demo__rosidl_typesupport_fastrtps_c.so
[3.577s] -- Up-to-date: /home/zzw/ws01_plumbing/install/base_interfaces_demo/include/base_interfaces_demo/base_interfaces_demo
[3.577s] -- Up-to-date: /home/zzw/ws01_plumbing/install/base_interfaces_demo/include/base_interfaces_demo/base_interfaces_demo/srv
[3.578s] -- Up-to-date: /home/zzw/ws01_plumbing/install/base_interfaces_demo/include/base_interfaces_demo/base_interfaces_demo/srv/detail
[3.578s] -- Up-to-date: /home/zzw/ws01_plumbing/install/base_interfaces_demo/include/base_interfaces_demo/base_interfaces_demo/srv/detail/distance__rosidl_typesupport_introspection_c.h
[3.578s] -- Up-to-date: /home/zzw/ws01_plumbing/install/base_interfaces_demo/include/base_interfaces_demo/base_interfaces_demo/srv/detail/add_ints__type_support.c
[3.579s] -- Up-to-date: /home/zzw/ws01_plumbing/install/base_interfaces_demo/include/base_interfaces_demo/base_interfaces_demo/srv/detail/add_ints__rosidl_typesupport_introspection_c.h
[3.579s] -- Up-to-date: /home/zzw/ws01_plumbing/install/base_interfaces_demo/include/base_interfaces_demo/base_interfaces_demo/srv/detail/distance__type_support.c
[3.580s] -- Up-to-date: /home/zzw/ws01_plumbing/install/base_interfaces_demo/include/base_interfaces_demo/base_interfaces_demo/msg
[3.580s] -- Up-to-date: /home/zzw/ws01_plumbing/install/base_interfaces_demo/include/base_interfaces_demo/base_interfaces_demo/msg/rosidl_typesupport_introspection_c__visibility_control.h
[3.581s] -- Up-to-date: /home/zzw/ws01_plumbing/install/base_interfaces_demo/include/base_interfaces_demo/base_interfaces_demo/msg/detail
[3.581s] -- Up-to-date: /home/zzw/ws01_plumbing/install/base_interfaces_demo/include/base_interfaces_demo/base_interfaces_demo/msg/detail/student__rosidl_typesupport_introspection_c.h
[3.581s] -- Up-to-date: /home/zzw/ws01_plumbing/install/base_interfaces_demo/include/base_interfaces_demo/base_interfaces_demo/msg/detail/student__type_support.c
[3.582s] -- Up-to-date: /home/zzw/ws01_plumbing/install/base_interfaces_demo/include/base_interfaces_demo/base_interfaces_demo/action
[3.582s] -- Up-to-date: /home/zzw/ws01_plumbing/install/base_interfaces_demo/include/base_interfaces_demo/base_interfaces_demo/action/detail
[3.583s] -- Up-to-date: /home/zzw/ws01_plumbing/install/base_interfaces_demo/include/base_interfaces_demo/base_interfaces_demo/action/detail/progress__type_support.c
[3.583s] -- Up-to-date: /home/zzw/ws01_plumbing/install/base_interfaces_demo/include/base_interfaces_demo/base_interfaces_demo/action/detail/progress__rosidl_typesupport_introspection_c.h
[3.587s] -- Up-to-date: /home/zzw/ws01_plumbing/install/base_interfaces_demo/lib/libbase_interfaces_demo__rosidl_typesupport_introspection_c.so
[3.589s] -- Up-to-date: /home/zzw/ws01_plumbing/install/base_interfaces_demo/lib/libbase_interfaces_demo__rosidl_typesupport_c.so
[3.590s] -- Up-to-date: /home/zzw/ws01_plumbing/install/base_interfaces_demo/include/base_interfaces_demo/base_interfaces_demo
[3.591s] -- Up-to-date: /home/zzw/ws01_plumbing/install/base_interfaces_demo/include/base_interfaces_demo/base_interfaces_demo/srv
[3.592s] -- Up-to-date: /home/zzw/ws01_plumbing/install/base_interfaces_demo/include/base_interfaces_demo/base_interfaces_demo/srv/add_ints.hpp
[3.593s] -- Up-to-date: /home/zzw/ws01_plumbing/install/base_interfaces_demo/include/base_interfaces_demo/base_interfaces_demo/srv/distance.hpp
[3.594s] -- Up-to-date: /home/zzw/ws01_plumbing/install/base_interfaces_demo/include/base_interfaces_demo/base_interfaces_demo/srv/detail
[3.594s] -- Up-to-date: /home/zzw/ws01_plumbing/install/base_interfaces_demo/include/base_interfaces_demo/base_interfaces_demo/srv/detail/add_ints__traits.hpp
[3.594s] -- Up-to-date: /home/zzw/ws01_plumbing/install/base_interfaces_demo/include/base_interfaces_demo/base_interfaces_demo/srv/detail/distance__struct.hpp
[3.595s] -- Up-to-date: /home/zzw/ws01_plumbing/install/base_interfaces_demo/include/base_interfaces_demo/base_interfaces_demo/srv/detail/add_ints__struct.hpp
[3.595s] -- Up-to-date: /home/zzw/ws01_plumbing/install/base_interfaces_demo/include/base_interfaces_demo/base_interfaces_demo/srv/detail/distance__traits.hpp
[3.596s] -- Up-to-date: /home/zzw/ws01_plumbing/install/base_interfaces_demo/include/base_interfaces_demo/base_interfaces_demo/srv/detail/distance__builder.hpp
[3.596s] -- Up-to-date: /home/zzw/ws01_plumbing/install/base_interfaces_demo/include/base_interfaces_demo/base_interfaces_demo/srv/detail/add_ints__builder.hpp
[3.597s] -- Up-to-date: /home/zzw/ws01_plumbing/install/base_interfaces_demo/include/base_interfaces_demo/base_interfaces_demo/msg
[3.598s] -- Up-to-date: /home/zzw/ws01_plumbing/install/base_interfaces_demo/include/base_interfaces_demo/base_interfaces_demo/msg/student.hpp
[3.599s] -- Up-to-date: /home/zzw/ws01_plumbing/install/base_interfaces_demo/include/base_interfaces_demo/base_interfaces_demo/msg/detail
[3.600s] -- Up-to-date: /home/zzw/ws01_plumbing/install/base_interfaces_demo/include/base_interfaces_demo/base_interfaces_demo/msg/detail/student__struct.hpp
[3.600s] -- Up-to-date: /home/zzw/ws01_plumbing/install/base_interfaces_demo/include/base_interfaces_demo/base_interfaces_demo/msg/detail/student__traits.hpp
[3.601s] -- Up-to-date: /home/zzw/ws01_plumbing/install/base_interfaces_demo/include/base_interfaces_demo/base_interfaces_demo/msg/detail/student__builder.hpp
[3.601s] -- Up-to-date: /home/zzw/ws01_plumbing/install/base_interfaces_demo/include/base_interfaces_demo/base_interfaces_demo/action
[3.602s] -- Up-to-date: /home/zzw/ws01_plumbing/install/base_interfaces_demo/include/base_interfaces_demo/base_interfaces_demo/action/progress.hpp
[3.602s] -- Up-to-date: /home/zzw/ws01_plumbing/install/base_interfaces_demo/include/base_interfaces_demo/base_interfaces_demo/action/detail
[3.603s] -- Up-to-date: /home/zzw/ws01_plumbing/install/base_interfaces_demo/include/base_interfaces_demo/base_interfaces_demo/action/detail/progress__builder.hpp
[3.603s] -- Up-to-date: /home/zzw/ws01_plumbing/install/base_interfaces_demo/include/base_interfaces_demo/base_interfaces_demo/action/detail/progress__traits.hpp
[3.603s] -- Up-to-date: /home/zzw/ws01_plumbing/install/base_interfaces_demo/include/base_interfaces_demo/base_interfaces_demo/action/detail/progress__struct.hpp
[3.603s] -- Up-to-date: /home/zzw/ws01_plumbing/install/base_interfaces_demo/include/base_interfaces_demo/base_interfaces_demo
[3.604s] -- Up-to-date: /home/zzw/ws01_plumbing/install/base_interfaces_demo/include/base_interfaces_demo/base_interfaces_demo/srv
[3.604s] -- Up-to-date: /home/zzw/ws01_plumbing/install/base_interfaces_demo/include/base_interfaces_demo/base_interfaces_demo/srv/detail
[3.604s] -- Up-to-date: /home/zzw/ws01_plumbing/install/base_interfaces_demo/include/base_interfaces_demo/base_interfaces_demo/srv/detail/add_ints__rosidl_typesupport_fastrtps_cpp.hpp
[3.605s] -- Up-to-date: /home/zzw/ws01_plumbing/install/base_interfaces_demo/include/base_interfaces_demo/base_interfaces_demo/srv/detail/dds_fastrtps
[3.605s] -- Up-to-date: /home/zzw/ws01_plumbing/install/base_interfaces_demo/include/base_interfaces_demo/base_interfaces_demo/srv/detail/distance__rosidl_typesupport_fastrtps_cpp.hpp
[3.605s] -- Up-to-date: /home/zzw/ws01_plumbing/install/base_interfaces_demo/include/base_interfaces_demo/base_interfaces_demo/msg
[3.606s] -- Up-to-date: /home/zzw/ws01_plumbing/install/base_interfaces_demo/include/base_interfaces_demo/base_interfaces_demo/msg/detail
[3.606s] -- Up-to-date: /home/zzw/ws01_plumbing/install/base_interfaces_demo/include/base_interfaces_demo/base_interfaces_demo/msg/detail/dds_fastrtps
[3.606s] -- Up-to-date: /home/zzw/ws01_plumbing/install/base_interfaces_demo/include/base_interfaces_demo/base_interfaces_demo/msg/detail/student__rosidl_typesupport_fastrtps_cpp.hpp
[3.607s] -- Up-to-date: /home/zzw/ws01_plumbing/install/base_interfaces_demo/include/base_interfaces_demo/base_interfaces_demo/msg/rosidl_typesupport_fastrtps_cpp__visibility_control.h
[3.607s] -- Up-to-date: /home/zzw/ws01_plumbing/install/base_interfaces_demo/include/base_interfaces_demo/base_interfaces_demo/action
[3.607s] -- Up-to-date: /home/zzw/ws01_plumbing/install/base_interfaces_demo/include/base_interfaces_demo/base_interfaces_demo/action/detail
[3.608s] -- Up-to-date: /home/zzw/ws01_plumbing/install/base_interfaces_demo/include/base_interfaces_demo/base_interfaces_demo/action/detail/dds_fastrtps
[3.608s] -- Up-to-date: /home/zzw/ws01_plumbing/install/base_interfaces_demo/include/base_interfaces_demo/base_interfaces_demo/action/detail/progress__rosidl_typesupport_fastrtps_cpp.hpp
[3.608s] -- Up-to-date: /home/zzw/ws01_plumbing/install/base_interfaces_demo/lib/libbase_interfaces_demo__rosidl_typesupport_fastrtps_cpp.so
[3.608s] -- Up-to-date: /home/zzw/ws01_plumbing/install/base_interfaces_demo/include/base_interfaces_demo/base_interfaces_demo
[3.609s] -- Up-to-date: /home/zzw/ws01_plumbing/install/base_interfaces_demo/include/base_interfaces_demo/base_interfaces_demo/srv
[3.609s] -- Up-to-date: /home/zzw/ws01_plumbing/install/base_interfaces_demo/include/base_interfaces_demo/base_interfaces_demo/srv/detail
[3.609s] -- Up-to-date: /home/zzw/ws01_plumbing/install/base_interfaces_demo/include/base_interfaces_demo/base_interfaces_demo/srv/detail/add_ints__rosidl_typesupport_introspection_cpp.hpp
[3.610s] -- Up-to-date: /home/zzw/ws01_plumbing/install/base_interfaces_demo/include/base_interfaces_demo/base_interfaces_demo/srv/detail/add_ints__type_support.cpp
[3.610s] -- Up-to-date: /home/zzw/ws01_plumbing/install/base_interfaces_demo/include/base_interfaces_demo/base_interfaces_demo/srv/detail/distance__type_support.cpp
[3.610s] -- Up-to-date: /home/zzw/ws01_plumbing/install/base_interfaces_demo/include/base_interfaces_demo/base_interfaces_demo/srv/detail/distance__rosidl_typesupport_introspection_cpp.hpp
[3.611s] -- Up-to-date: /home/zzw/ws01_plumbing/install/base_interfaces_demo/include/base_interfaces_demo/base_interfaces_demo/msg
[3.611s] -- Up-to-date: /home/zzw/ws01_plumbing/install/base_interfaces_demo/include/base_interfaces_demo/base_interfaces_demo/msg/detail
[3.611s] -- Up-to-date: /home/zzw/ws01_plumbing/install/base_interfaces_demo/include/base_interfaces_demo/base_interfaces_demo/msg/detail/student__rosidl_typesupport_introspection_cpp.hpp
[3.612s] -- Up-to-date: /home/zzw/ws01_plumbing/install/base_interfaces_demo/include/base_interfaces_demo/base_interfaces_demo/msg/detail/student__type_support.cpp
[3.612s] -- Up-to-date: /home/zzw/ws01_plumbing/install/base_interfaces_demo/include/base_interfaces_demo/base_interfaces_demo/action
[3.613s] -- Up-to-date: /home/zzw/ws01_plumbing/install/base_interfaces_demo/include/base_interfaces_demo/base_interfaces_demo/action/detail
[3.613s] -- Up-to-date: /home/zzw/ws01_plumbing/install/base_interfaces_demo/include/base_interfaces_demo/base_interfaces_demo/action/detail/progress__type_support.cpp
[3.613s] -- Up-to-date: /home/zzw/ws01_plumbing/install/base_interfaces_demo/include/base_interfaces_demo/base_interfaces_demo/action/detail/progress__rosidl_typesupport_introspection_cpp.hpp
[3.615s] -- Up-to-date: /home/zzw/ws01_plumbing/install/base_interfaces_demo/lib/libbase_interfaces_demo__rosidl_typesupport_introspection_cpp.so
[3.618s] -- Up-to-date: /home/zzw/ws01_plumbing/install/base_interfaces_demo/lib/libbase_interfaces_demo__rosidl_typesupport_cpp.so
[3.618s] -- Up-to-date: /home/zzw/ws01_plumbing/install/base_interfaces_demo/share/base_interfaces_demo/environment/pythonpath.sh
[3.618s] -- Up-to-date: /home/zzw/ws01_plumbing/install/base_interfaces_demo/share/base_interfaces_demo/environment/pythonpath.dsv
[3.619s] -- Up-to-date: /home/zzw/ws01_plumbing/install/base_interfaces_demo/local/lib/python3.10/dist-packages/base_interfaces_demo-0.0.0-py3.10.egg-info
[3.619s] -- Installing: /home/zzw/ws01_plumbing/install/base_interfaces_demo/local/lib/python3.10/dist-packages/base_interfaces_demo-0.0.0-py3.10.egg-info/SOURCES.txt
[3.620s] -- Installing: /home/zzw/ws01_plumbing/install/base_interfaces_demo/local/lib/python3.10/dist-packages/base_interfaces_demo-0.0.0-py3.10.egg-info/top_level.txt
[3.620s] -- Installing: /home/zzw/ws01_plumbing/install/base_interfaces_demo/local/lib/python3.10/dist-packages/base_interfaces_demo-0.0.0-py3.10.egg-info/PKG-INFO
[3.620s] -- Installing: /home/zzw/ws01_plumbing/install/base_interfaces_demo/local/lib/python3.10/dist-packages/base_interfaces_demo-0.0.0-py3.10.egg-info/dependency_links.txt
[3.621s] -- Up-to-date: /home/zzw/ws01_plumbing/install/base_interfaces_demo/local/lib/python3.10/dist-packages/base_interfaces_demo
[3.621s] -- Up-to-date: /home/zzw/ws01_plumbing/install/base_interfaces_demo/local/lib/python3.10/dist-packages/base_interfaces_demo/_base_interfaces_demo_s.ep.rosidl_typesupport_introspection_c.c
[3.622s] -- Up-to-date: /home/zzw/ws01_plumbing/install/base_interfaces_demo/local/lib/python3.10/dist-packages/base_interfaces_demo/srv
[3.623s] -- Up-to-date: /home/zzw/ws01_plumbing/install/base_interfaces_demo/local/lib/python3.10/dist-packages/base_interfaces_demo/srv/_add_ints.py
[3.624s] -- Up-to-date: /home/zzw/ws01_plumbing/install/base_interfaces_demo/local/lib/python3.10/dist-packages/base_interfaces_demo/srv/_distance_s.c
[3.624s] -- Up-to-date: /home/zzw/ws01_plumbing/install/base_interfaces_demo/local/lib/python3.10/dist-packages/base_interfaces_demo/srv/_distance.py
[3.625s] -- Up-to-date: /home/zzw/ws01_plumbing/install/base_interfaces_demo/local/lib/python3.10/dist-packages/base_interfaces_demo/srv/_add_ints_s.c
[3.625s] -- Up-to-date: /home/zzw/ws01_plumbing/install/base_interfaces_demo/local/lib/python3.10/dist-packages/base_interfaces_demo/srv/__init__.py
[3.625s] -- Up-to-date: /home/zzw/ws01_plumbing/install/base_interfaces_demo/local/lib/python3.10/dist-packages/base_interfaces_demo/msg
[3.625s] -- Up-to-date: /home/zzw/ws01_plumbing/install/base_interfaces_demo/local/lib/python3.10/dist-packages/base_interfaces_demo/msg/__init__.py
[3.626s] -- Up-to-date: /home/zzw/ws01_plumbing/install/base_interfaces_demo/local/lib/python3.10/dist-packages/base_interfaces_demo/msg/_student_s.c
[3.627s] -- Up-to-date: /home/zzw/ws01_plumbing/install/base_interfaces_demo/local/lib/python3.10/dist-packages/base_interfaces_demo/msg/_student.py
[3.627s] -- Up-to-date: /home/zzw/ws01_plumbing/install/base_interfaces_demo/local/lib/python3.10/dist-packages/base_interfaces_demo/base_interfaces_demo_s__rosidl_typesupport_c.cpython-310-x86_64-linux-gnu.so
[3.628s] -- Up-to-date: /home/zzw/ws01_plumbing/install/base_interfaces_demo/local/lib/python3.10/dist-packages/base_interfaces_demo/__init__.py
[3.628s] -- Up-to-date: /home/zzw/ws01_plumbing/install/base_interfaces_demo/local/lib/python3.10/dist-packages/base_interfaces_demo/base_interfaces_demo_s__rosidl_typesupport_fastrtps_c.cpython-310-x86_64-linux-gnu.so
[3.629s] -- Up-to-date: /home/zzw/ws01_plumbing/install/base_interfaces_demo/local/lib/python3.10/dist-packages/base_interfaces_demo/_base_interfaces_demo_s.ep.rosidl_typesupport_c.c
[3.629s] -- Up-to-date: /home/zzw/ws01_plumbing/install/base_interfaces_demo/local/lib/python3.10/dist-packages/base_interfaces_demo/base_interfaces_demo_s__rosidl_typesupport_introspection_c.cpython-310-x86_64-linux-gnu.so
[3.630s] -- Up-to-date: /home/zzw/ws01_plumbing/install/base_interfaces_demo/local/lib/python3.10/dist-packages/base_interfaces_demo/libbase_interfaces_demo__rosidl_generator_py.so
[3.630s] -- Up-to-date: /home/zzw/ws01_plumbing/install/base_interfaces_demo/local/lib/python3.10/dist-packages/base_interfaces_demo/action
[3.630s] -- Up-to-date: /home/zzw/ws01_plumbing/install/base_interfaces_demo/local/lib/python3.10/dist-packages/base_interfaces_demo/action/_progress.py
[3.631s] -- Up-to-date: /home/zzw/ws01_plumbing/install/base_interfaces_demo/local/lib/python3.10/dist-packages/base_interfaces_demo/action/__init__.py
[3.632s] -- Up-to-date: /home/zzw/ws01_plumbing/install/base_interfaces_demo/local/lib/python3.10/dist-packages/base_interfaces_demo/action/_progress_s.c
[3.632s] -- Up-to-date: /home/zzw/ws01_plumbing/install/base_interfaces_demo/local/lib/python3.10/dist-packages/base_interfaces_demo/_base_interfaces_demo_s.ep.rosidl_typesupport_fastrtps_c.c
[3.797s] Listing '/home/zzw/ws01_plumbing/install/base_interfaces_demo/local/lib/python3.10/dist-packages/base_interfaces_demo'...
[3.797s] Listing '/home/zzw/ws01_plumbing/install/base_interfaces_demo/local/lib/python3.10/dist-packages/base_interfaces_demo/action'...
[3.798s] Listing '/home/zzw/ws01_plumbing/install/base_interfaces_demo/local/lib/python3.10/dist-packages/base_interfaces_demo/msg'...
[3.798s] Listing '/home/zzw/ws01_plumbing/install/base_interfaces_demo/local/lib/python3.10/dist-packages/base_interfaces_demo/srv'...
[3.814s] -- Up-to-date: /home/zzw/ws01_plumbing/install/base_interfaces_demo/local/lib/python3.10/dist-packages/base_interfaces_demo/base_interfaces_demo_s__rosidl_typesupport_fastrtps_c.cpython-310-x86_64-linux-gnu.so
[3.816s] -- Up-to-date: /home/zzw/ws01_plumbing/install/base_interfaces_demo/local/lib/python3.10/dist-packages/base_interfaces_demo/base_interfaces_demo_s__rosidl_typesupport_introspection_c.cpython-310-x86_64-linux-gnu.so
[3.818s] -- Up-to-date: /home/zzw/ws01_plumbing/install/base_interfaces_demo/local/lib/python3.10/dist-packages/base_interfaces_demo/base_interfaces_demo_s__rosidl_typesupport_c.cpython-310-x86_64-linux-gnu.so
[3.833s] -- Up-to-date: /home/zzw/ws01_plumbing/install/base_interfaces_demo/lib/libbase_interfaces_demo__rosidl_generator_py.so
[3.834s] -- Up-to-date: /home/zzw/ws01_plumbing/install/base_interfaces_demo/share/base_interfaces_demo/msg/Student.idl
[3.835s] -- Up-to-date: /home/zzw/ws01_plumbing/install/base_interfaces_demo/share/base_interfaces_demo/srv/AddInts.idl
[3.836s] -- Up-to-date: /home/zzw/ws01_plumbing/install/base_interfaces_demo/share/base_interfaces_demo/srv/Distance.idl
[3.836s] -- Up-to-date: /home/zzw/ws01_plumbing/install/base_interfaces_demo/share/base_interfaces_demo/action/Progress.idl
[3.837s] -- Up-to-date: /home/zzw/ws01_plumbing/install/base_interfaces_demo/share/base_interfaces_demo/msg/Student.msg
[3.837s] -- Up-to-date: /home/zzw/ws01_plumbing/install/base_interfaces_demo/share/base_interfaces_demo/srv/AddInts.srv
[3.838s] -- Up-to-date: /home/zzw/ws01_plumbing/install/base_interfaces_demo/share/base_interfaces_demo/srv/AddInts_Request.msg
[3.838s] -- Up-to-date: /home/zzw/ws01_plumbing/install/base_interfaces_demo/share/base_interfaces_demo/srv/AddInts_Response.msg
[3.839s] -- Up-to-date: /home/zzw/ws01_plumbing/install/base_interfaces_demo/share/base_interfaces_demo/srv/Distance.srv
[3.839s] -- Up-to-date: /home/zzw/ws01_plumbing/install/base_interfaces_demo/share/base_interfaces_demo/srv/Distance_Request.msg
[3.839s] -- Up-to-date: /home/zzw/ws01_plumbing/install/base_interfaces_demo/share/base_interfaces_demo/srv/Distance_Response.msg
[3.840s] -- Up-to-date: /home/zzw/ws01_plumbing/install/base_interfaces_demo/share/base_interfaces_demo/action/Progress.action
[3.840s] -- Up-to-date: /home/zzw/ws01_plumbing/install/base_interfaces_demo/share/ament_index/resource_index/package_run_dependencies/base_interfaces_demo
[3.840s] -- Up-to-date: /home/zzw/ws01_plumbing/install/base_interfaces_demo/share/ament_index/resource_index/parent_prefix_path/base_interfaces_demo
[3.841s] -- Up-to-date: /home/zzw/ws01_plumbing/install/base_interfaces_demo/share/base_interfaces_demo/environment/ament_prefix_path.sh
[3.841s] -- Up-to-date: /home/zzw/ws01_plumbing/install/base_interfaces_demo/share/base_interfaces_demo/environment/ament_prefix_path.dsv
[3.842s] -- Up-to-date: /home/zzw/ws01_plumbing/install/base_interfaces_demo/share/base_interfaces_demo/environment/path.sh
[3.842s] -- Up-to-date: /home/zzw/ws01_plumbing/install/base_interfaces_demo/share/base_interfaces_demo/environment/path.dsv
[3.843s] -- Up-to-date: /home/zzw/ws01_plumbing/install/base_interfaces_demo/share/base_interfaces_demo/local_setup.bash
[3.843s] -- Up-to-date: /home/zzw/ws01_plumbing/install/base_interfaces_demo/share/base_interfaces_demo/local_setup.sh
[3.844s] -- Up-to-date: /home/zzw/ws01_plumbing/install/base_interfaces_demo/share/base_interfaces_demo/local_setup.zsh
[3.845s] -- Up-to-date: /home/zzw/ws01_plumbing/install/base_interfaces_demo/share/base_interfaces_demo/local_setup.dsv
[3.845s] -- Installing: /home/zzw/ws01_plumbing/install/base_interfaces_demo/share/base_interfaces_demo/package.dsv
[3.871s] -- Up-to-date: /home/zzw/ws01_plumbing/install/base_interfaces_demo/share/ament_index/resource_index/packages/base_interfaces_demo
[3.882s] -- Up-to-date: /home/zzw/ws01_plumbing/install/base_interfaces_demo/share/base_interfaces_demo/cmake/export_base_interfaces_demo__rosidl_generator_cExport.cmake
[3.883s] -- Up-to-date: /home/zzw/ws01_plumbing/install/base_interfaces_demo/share/base_interfaces_demo/cmake/export_base_interfaces_demo__rosidl_generator_cExport-noconfig.cmake
[3.886s] -- Up-to-date: /home/zzw/ws01_plumbing/install/base_interfaces_demo/share/base_interfaces_demo/cmake/export_base_interfaces_demo__rosidl_typesupport_fastrtps_cExport.cmake
[3.886s] -- Up-to-date: /home/zzw/ws01_plumbing/install/base_interfaces_demo/share/base_interfaces_demo/cmake/export_base_interfaces_demo__rosidl_typesupport_fastrtps_cExport-noconfig.cmake
[3.890s] -- Up-to-date: /home/zzw/ws01_plumbing/install/base_interfaces_demo/share/base_interfaces_demo/cmake/base_interfaces_demo__rosidl_typesupport_introspection_cExport.cmake
[3.890s] -- Up-to-date: /home/zzw/ws01_plumbing/install/base_interfaces_demo/share/base_interfaces_demo/cmake/base_interfaces_demo__rosidl_typesupport_introspection_cExport-noconfig.cmake
[3.891s] -- Up-to-date: /home/zzw/ws01_plumbing/install/base_interfaces_demo/share/base_interfaces_demo/cmake/base_interfaces_demo__rosidl_typesupport_cExport.cmake
[3.892s] -- Up-to-date: /home/zzw/ws01_plumbing/install/base_interfaces_demo/share/base_interfaces_demo/cmake/base_interfaces_demo__rosidl_typesupport_cExport-noconfig.cmake
[3.893s] -- Up-to-date: /home/zzw/ws01_plumbing/install/base_interfaces_demo/share/base_interfaces_demo/cmake/export_base_interfaces_demo__rosidl_generator_cppExport.cmake
[3.894s] -- Up-to-date: /home/zzw/ws01_plumbing/install/base_interfaces_demo/share/base_interfaces_demo/cmake/export_base_interfaces_demo__rosidl_typesupport_fastrtps_cppExport.cmake
[3.895s] -- Up-to-date: /home/zzw/ws01_plumbing/install/base_interfaces_demo/share/base_interfaces_demo/cmake/export_base_interfaces_demo__rosidl_typesupport_fastrtps_cppExport-noconfig.cmake
[3.896s] -- Up-to-date: /home/zzw/ws01_plumbing/install/base_interfaces_demo/share/base_interfaces_demo/cmake/base_interfaces_demo__rosidl_typesupport_introspection_cppExport.cmake
[3.896s] -- Up-to-date: /home/zzw/ws01_plumbing/install/base_interfaces_demo/share/base_interfaces_demo/cmake/base_interfaces_demo__rosidl_typesupport_introspection_cppExport-noconfig.cmake
[3.898s] -- Up-to-date: /home/zzw/ws01_plumbing/install/base_interfaces_demo/share/base_interfaces_demo/cmake/base_interfaces_demo__rosidl_typesupport_cppExport.cmake
[3.898s] -- Up-to-date: /home/zzw/ws01_plumbing/install/base_interfaces_demo/share/base_interfaces_demo/cmake/base_interfaces_demo__rosidl_typesupport_cppExport-noconfig.cmake
[3.899s] -- Up-to-date: /home/zzw/ws01_plumbing/install/base_interfaces_demo/share/base_interfaces_demo/cmake/export_base_interfaces_demo__rosidl_generator_pyExport.cmake
[3.900s] -- Up-to-date: /home/zzw/ws01_plumbing/install/base_interfaces_demo/share/base_interfaces_demo/cmake/export_base_interfaces_demo__rosidl_generator_pyExport-noconfig.cmake
[3.901s] -- Up-to-date: /home/zzw/ws01_plumbing/install/base_interfaces_demo/share/base_interfaces_demo/cmake/rosidl_cmake-extras.cmake
[3.901s] -- Up-to-date: /home/zzw/ws01_plumbing/install/base_interfaces_demo/share/base_interfaces_demo/cmake/ament_cmake_export_dependencies-extras.cmake
[3.902s] -- Up-to-date: /home/zzw/ws01_plumbing/install/base_interfaces_demo/share/base_interfaces_demo/cmake/ament_cmake_export_include_directories-extras.cmake
[3.902s] -- Up-to-date: /home/zzw/ws01_plumbing/install/base_interfaces_demo/share/base_interfaces_demo/cmake/ament_cmake_export_libraries-extras.cmake
[3.902s] -- Up-to-date: /home/zzw/ws01_plumbing/install/base_interfaces_demo/share/base_interfaces_demo/cmake/ament_cmake_export_targets-extras.cmake
[3.903s] -- Up-to-date: /home/zzw/ws01_plumbing/install/base_interfaces_demo/share/base_interfaces_demo/cmake/rosidl_cmake_export_typesupport_targets-extras.cmake
[3.903s] -- Up-to-date: /home/zzw/ws01_plumbing/install/base_interfaces_demo/share/base_interfaces_demo/cmake/rosidl_cmake_export_typesupport_libraries-extras.cmake
[3.904s] -- Up-to-date: /home/zzw/ws01_plumbing/install/base_interfaces_demo/share/base_interfaces_demo/cmake/base_interfaces_demoConfig.cmake
[3.904s] -- Up-to-date: /home/zzw/ws01_plumbing/install/base_interfaces_demo/share/base_interfaces_demo/cmake/base_interfaces_demoConfig-version.cmake
[3.905s] -- Up-to-date: /home/zzw/ws01_plumbing/install/base_interfaces_demo/share/base_interfaces_demo/package.xml
[3.912s] Invoked command in '/home/zzw/ws01_plumbing/build/base_interfaces_demo' returned '0': CMAKE_PREFIX_PATH=/opt/ros/humble /usr/bin/cmake --install /home/zzw/ws01_plumbing/build/base_interfaces_demo
