[0.118s] Invoking command in '/home/zzw/ws01_plumbing/build/cpp01_topic': AMENT_PREFIX_PATH=/home/zzw/ws01_plumbing/install/base_interfaces_demo:${AMENT_PREFIX_PATH} CMAKE_PREFIX_PATH=/home/zzw/ws01_plumbing/install/base_interfaces_demo:/opt/ros/humble LD_LIBRARY_PATH=/home/zzw/ws01_plumbing/install/base_interfaces_demo/lib:${LD_LIBRARY_PATH} PYTHONPATH=/home/zzw/ws01_plumbing/install/base_interfaces_demo/local/lib/python3.10/dist-packages:${PYTHONPATH} /usr/bin/cmake --build /home/zzw/ws01_plumbing/build/cpp01_topic -- -j8 -l8
[1.180s] [35m[1mConsolidate compiler generated dependencies of target demo02_listener_str[0m
[1.180s] [35m[1mConsolidate compiler generated dependencies of target demo01_talker_str[0m
[1.181s] [35m[1mConsolidate compiler generated dependencies of target demo03_talker_stu[0m
[1.181s] [ 25%] Built target demo01_talker_str
[1.182s] [ 50%] Built target demo02_listener_str
[1.183s] [ 75%] Built target demo03_talker_stu
[1.183s] [35m[1mConsolidate compiler generated dependencies of target demo04_listener_stu[0m
[1.184s] [100%] Built target demo04_listener_stu
[1.234s] Invoked command in '/home/zzw/ws01_plumbing/build/cpp01_topic' returned '0': AMENT_PREFIX_PATH=/home/zzw/ws01_plumbing/install/base_interfaces_demo:${AMENT_PREFIX_PATH} CMAKE_PREFIX_PATH=/home/zzw/ws01_plumbing/install/base_interfaces_demo:/opt/ros/humble LD_LIBRARY_PATH=/home/zzw/ws01_plumbing/install/base_interfaces_demo/lib:${LD_LIBRARY_PATH} PYTHONPATH=/home/zzw/ws01_plumbing/install/base_interfaces_demo/local/lib/python3.10/dist-packages:${PYTHONPATH} /usr/bin/cmake --build /home/zzw/ws01_plumbing/build/cpp01_topic -- -j8 -l8
[1.287s] Invoking command in '/home/zzw/ws01_plumbing/build/cpp01_topic': AMENT_PREFIX_PATH=/home/zzw/ws01_plumbing/install/base_interfaces_demo:${AMENT_PREFIX_PATH} CMAKE_PREFIX_PATH=/home/zzw/ws01_plumbing/install/base_interfaces_demo:/opt/ros/humble LD_LIBRARY_PATH=/home/zzw/ws01_plumbing/install/base_interfaces_demo/lib:${LD_LIBRARY_PATH} PYTHONPATH=/home/zzw/ws01_plumbing/install/base_interfaces_demo/local/lib/python3.10/dist-packages:${PYTHONPATH} /usr/bin/cmake --install /home/zzw/ws01_plumbing/build/cpp01_topic
[1.305s] -- Install configuration: ""
[1.306s] -- Installing: /home/zzw/ws01_plumbing/install/cpp01_topic/lib/cpp01_topic/demo01_talker_str
[1.308s] -- Set runtime path of "/home/zzw/ws01_plumbing/install/cpp01_topic/lib/cpp01_topic/demo01_talker_str" to ""
[1.309s] -- Installing: /home/zzw/ws01_plumbing/install/cpp01_topic/lib/cpp01_topic/demo02_listener_str
[1.314s] -- Set runtime path of "/home/zzw/ws01_plumbing/install/cpp01_topic/lib/cpp01_topic/demo02_listener_str" to ""
[1.314s] -- Installing: /home/zzw/ws01_plumbing/install/cpp01_topic/lib/cpp01_topic/demo03_talker_stu
[1.317s] -- Set runtime path of "/home/zzw/ws01_plumbing/install/cpp01_topic/lib/cpp01_topic/demo03_talker_stu" to ""
[1.317s] -- Installing: /home/zzw/ws01_plumbing/install/cpp01_topic/lib/cpp01_topic/demo04_listener_stu
[1.323s] -- Set runtime path of "/home/zzw/ws01_plumbing/install/cpp01_topic/lib/cpp01_topic/demo04_listener_stu" to ""
[1.325s] -- Installing: /home/zzw/ws01_plumbing/install/cpp01_topic/share/ament_index/resource_index/package_run_dependencies/cpp01_topic
[1.327s] -- Installing: /home/zzw/ws01_plumbing/install/cpp01_topic/share/ament_index/resource_index/parent_prefix_path/cpp01_topic
[1.340s] -- Installing: /home/zzw/ws01_plumbing/install/cpp01_topic/share/cpp01_topic/environment/ament_prefix_path.sh
[1.379s] -- Installing: /home/zzw/ws01_plumbing/install/cpp01_topic/share/cpp01_topic/environment/ament_prefix_path.dsv
[1.380s] -- Installing: /home/zzw/ws01_plumbing/install/cpp01_topic/share/cpp01_topic/environment/path.sh
[1.391s] -- Installing: /home/zzw/ws01_plumbing/install/cpp01_topic/share/cpp01_topic/environment/path.dsv
[1.403s] -- Installing: /home/zzw/ws01_plumbing/install/cpp01_topic/share/cpp01_topic/local_setup.bash
[1.404s] -- Installing: /home/zzw/ws01_plumbing/install/cpp01_topic/share/cpp01_topic/local_setup.sh
[1.417s] -- Installing: /home/zzw/ws01_plumbing/install/cpp01_topic/share/cpp01_topic/local_setup.zsh
[1.418s] -- Installing: /home/zzw/ws01_plumbing/install/cpp01_topic/share/cpp01_topic/local_setup.dsv
[1.435s] -- Installing: /home/zzw/ws01_plumbing/install/cpp01_topic/share/cpp01_topic/package.dsv
[1.437s] -- Installing: /home/zzw/ws01_plumbing/install/cpp01_topic/share/ament_index/resource_index/packages/cpp01_topic
[1.438s] -- Installing: /home/zzw/ws01_plumbing/install/cpp01_topic/share/cpp01_topic/cmake/cpp01_topicConfig.cmake
[1.452s] -- Installing: /home/zzw/ws01_plumbing/install/cpp01_topic/share/cpp01_topic/cmake/cpp01_topicConfig-version.cmake
[1.455s] -- Installing: /home/zzw/ws01_plumbing/install/cpp01_topic/share/cpp01_topic/package.xml
[1.460s] Invoked command in '/home/zzw/ws01_plumbing/build/cpp01_topic' returned '0': AMENT_PREFIX_PATH=/home/zzw/ws01_plumbing/install/base_interfaces_demo:${AMENT_PREFIX_PATH} CMAKE_PREFIX_PATH=/home/zzw/ws01_plumbing/install/base_interfaces_demo:/opt/ros/humble LD_LIBRARY_PATH=/home/zzw/ws01_plumbing/install/base_interfaces_demo/lib:${LD_LIBRARY_PATH} PYTHONPATH=/home/zzw/ws01_plumbing/install/base_interfaces_demo/local/lib/python3.10/dist-packages:${PYTHONPATH} /usr/bin/cmake --install /home/zzw/ws01_plumbing/build/cpp01_topic
