[0.140s] Invoking command in '/home/zzw/ws01_plumbing/build/cpp03_action': AMENT_PREFIX_PATH=/home/zzw/ws01_plumbing/install/base_interfaces_demo:${AMENT_PREFIX_PATH} CMAKE_PREFIX_PATH=/home/zzw/ws01_plumbing/install/base_interfaces_demo:/opt/ros/humble LD_LIBRARY_PATH=/home/zzw/ws01_plumbing/install/base_interfaces_demo/lib:${LD_LIBRARY_PATH} PYTHONPATH=/home/zzw/ws01_plumbing/install/base_interfaces_demo/local/lib/python3.10/dist-packages:${PYTHONPATH} /usr/bin/cmake --build /home/zzw/ws01_plumbing/build/cpp03_action -- -j8 -l8
[1.168s] [ 50%] [32mBuilding CXX object CMakeFiles/demo02_action_client.dir/src/demo02_action_client.cpp.o[0m
[1.169s] [ 50%] [32mBuilding CXX object CMakeFiles/demo01_action_server.dir/src/demo01_action_server.cpp.o[0m
[14.012s] [ 75%] [32m[1mLinking CXX executable demo01_action_server[0m
[14.273s] [ 75%] Built target demo01_action_server
[14.448s] [100%] [32m[1mLinking CXX executable demo02_action_client[0m
[14.657s] [100%] Built target demo02_action_client
[14.669s] Invoked command in '/home/zzw/ws01_plumbing/build/cpp03_action' returned '0': AMENT_PREFIX_PATH=/home/zzw/ws01_plumbing/install/base_interfaces_demo:${AMENT_PREFIX_PATH} CMAKE_PREFIX_PATH=/home/zzw/ws01_plumbing/install/base_interfaces_demo:/opt/ros/humble LD_LIBRARY_PATH=/home/zzw/ws01_plumbing/install/base_interfaces_demo/lib:${LD_LIBRARY_PATH} PYTHONPATH=/home/zzw/ws01_plumbing/install/base_interfaces_demo/local/lib/python3.10/dist-packages:${PYTHONPATH} /usr/bin/cmake --build /home/zzw/ws01_plumbing/build/cpp03_action -- -j8 -l8
[14.701s] Invoking command in '/home/zzw/ws01_plumbing/build/cpp03_action': AMENT_PREFIX_PATH=/home/zzw/ws01_plumbing/install/base_interfaces_demo:${AMENT_PREFIX_PATH} CMAKE_PREFIX_PATH=/home/zzw/ws01_plumbing/install/base_interfaces_demo:/opt/ros/humble LD_LIBRARY_PATH=/home/zzw/ws01_plumbing/install/base_interfaces_demo/lib:${LD_LIBRARY_PATH} PYTHONPATH=/home/zzw/ws01_plumbing/install/base_interfaces_demo/local/lib/python3.10/dist-packages:${PYTHONPATH} /usr/bin/cmake --install /home/zzw/ws01_plumbing/build/cpp03_action
[14.711s] -- Install configuration: ""
[14.711s] -- Installing: /home/zzw/ws01_plumbing/install/cpp03_action/lib/cpp03_action/demo01_action_server
[14.712s] -- Set runtime path of "/home/zzw/ws01_plumbing/install/cpp03_action/lib/cpp03_action/demo01_action_server" to ""
[14.712s] -- Installing: /home/zzw/ws01_plumbing/install/cpp03_action/lib/cpp03_action/demo02_action_client
[14.713s] -- Set runtime path of "/home/zzw/ws01_plumbing/install/cpp03_action/lib/cpp03_action/demo02_action_client" to ""
[14.714s] -- Installing: /home/zzw/ws01_plumbing/install/cpp03_action/share/ament_index/resource_index/package_run_dependencies/cpp03_action
[14.714s] -- Installing: /home/zzw/ws01_plumbing/install/cpp03_action/share/ament_index/resource_index/parent_prefix_path/cpp03_action
[14.715s] -- Installing: /home/zzw/ws01_plumbing/install/cpp03_action/share/cpp03_action/environment/ament_prefix_path.sh
[14.715s] -- Installing: /home/zzw/ws01_plumbing/install/cpp03_action/share/cpp03_action/environment/ament_prefix_path.dsv
[14.716s] -- Installing: /home/zzw/ws01_plumbing/install/cpp03_action/share/cpp03_action/environment/path.sh
[14.716s] -- Installing: /home/zzw/ws01_plumbing/install/cpp03_action/share/cpp03_action/environment/path.dsv
[14.716s] -- Installing: /home/zzw/ws01_plumbing/install/cpp03_action/share/cpp03_action/local_setup.bash
[14.717s] -- Installing: /home/zzw/ws01_plumbing/install/cpp03_action/share/cpp03_action/local_setup.sh
[14.717s] -- Installing: /home/zzw/ws01_plumbing/install/cpp03_action/share/cpp03_action/local_setup.zsh
[14.718s] -- Installing: /home/zzw/ws01_plumbing/install/cpp03_action/share/cpp03_action/local_setup.dsv
[14.719s] -- Installing: /home/zzw/ws01_plumbing/install/cpp03_action/share/cpp03_action/package.dsv
[14.719s] -- Installing: /home/zzw/ws01_plumbing/install/cpp03_action/share/ament_index/resource_index/packages/cpp03_action
[14.719s] -- Installing: /home/zzw/ws01_plumbing/install/cpp03_action/share/cpp03_action/cmake/cpp03_actionConfig.cmake
[14.720s] -- Installing: /home/zzw/ws01_plumbing/install/cpp03_action/share/cpp03_action/cmake/cpp03_actionConfig-version.cmake
[14.720s] -- Installing: /home/zzw/ws01_plumbing/install/cpp03_action/share/cpp03_action/package.xml
[14.726s] Invoked command in '/home/zzw/ws01_plumbing/build/cpp03_action' returned '0': AMENT_PREFIX_PATH=/home/zzw/ws01_plumbing/install/base_interfaces_demo:${AMENT_PREFIX_PATH} CMAKE_PREFIX_PATH=/home/zzw/ws01_plumbing/install/base_interfaces_demo:/opt/ros/humble LD_LIBRARY_PATH=/home/zzw/ws01_plumbing/install/base_interfaces_demo/lib:${LD_LIBRARY_PATH} PYTHONPATH=/home/zzw/ws01_plumbing/install/base_interfaces_demo/local/lib/python3.10/dist-packages:${PYTHONPATH} /usr/bin/cmake --install /home/zzw/ws01_plumbing/build/cpp03_action
