[9.091s] DEBUG:colcon:Command line arguments: ['/usr/bin/colcon', 'build', '--packages-select', 'cpp07_exercise']
[9.091s] DEBUG:colcon:Parsed command line arguments: Namespace(log_base=None, log_level=None, verb_name='build', build_base='build', install_base='install', merge_install=False, symlink_install=False, test_result_base=None, continue_on_error=False, executor='parallel', parallel_workers=8, event_handlers=None, ignore_user_meta=False, metas=['./colcon.meta'], base_paths=['.'], packages_ignore=None, packages_ignore_regex=None, paths=None, packages_up_to=None, packages_up_to_regex=None, packages_above=None, packages_above_and_dependencies=None, packages_above_depth=None, packages_select_by_dep=None, packages_skip_by_dep=None, packages_skip_up_to=None, packages_select_build_failed=False, packages_skip_build_finished=False, packages_select_test_failures=False, packages_skip_test_passed=False, packages_select=['cpp07_exercise'], packages_skip=None, packages_select_regex=None, packages_skip_regex=None, packages_start=None, packages_end=None, allow_overriding=[], cmake_args=None, cmake_target=None, cmake_target_skip_unavailable=False, cmake_clean_cache=False, cmake_clean_first=False, cmake_force_configure=False, ament_cmake_args=None, catkin_cmake_args=None, catkin_skip_building_tests=False, verb_parser=<colcon_defaults.argument_parser.defaults.DefaultArgumentsDecorator object at 0x7f96688fc3a0>, verb_extension=<colcon_core.verb.build.BuildVerb object at 0x7f966926d8d0>, main=<bound method BuildVerb.main of <colcon_core.verb.build.BuildVerb object at 0x7f966926d8d0>>)
[9.608s] Level 1:colcon.colcon_core.package_discovery:discover_packages(colcon_meta) check parameters
[9.608s] Level 1:colcon.colcon_core.package_discovery:discover_packages(recursive) check parameters
[9.609s] Level 1:colcon.colcon_core.package_discovery:discover_packages(ignore) check parameters
[9.609s] Level 1:colcon.colcon_core.package_discovery:discover_packages(path) check parameters
[9.609s] Level 1:colcon.colcon_core.package_discovery:discover_packages(colcon_meta) discover
[9.609s] Level 1:colcon.colcon_core.package_discovery:discover_packages(recursive) discover
[9.609s] INFO:colcon.colcon_core.package_discovery:Crawling recursively for packages in '/home/zzw/ws01_plumbing'
[9.609s] Level 1:colcon.colcon_core.package_identification:_identify(.) by extensions ['ignore', 'ignore_ament_install']
[9.609s] Level 1:colcon.colcon_core.package_identification:_identify(.) by extension 'ignore'
[9.610s] Level 1:colcon.colcon_core.package_identification:_identify(.) by extension 'ignore_ament_install'
[9.610s] Level 1:colcon.colcon_core.package_identification:_identify(.) by extensions ['colcon_pkg']
[9.610s] Level 1:colcon.colcon_core.package_identification:_identify(.) by extension 'colcon_pkg'
[9.610s] Level 1:colcon.colcon_core.package_identification:_identify(.) by extensions ['colcon_meta']
[9.610s] Level 1:colcon.colcon_core.package_identification:_identify(.) by extension 'colcon_meta'
[9.611s] Level 1:colcon.colcon_core.package_identification:_identify(.) by extensions ['ros']
[9.611s] Level 1:colcon.colcon_core.package_identification:_identify(.) by extension 'ros'
[9.725s] Level 1:colcon.colcon_core.package_identification:_identify(.) by extensions ['cmake', 'python']
[9.725s] Level 1:colcon.colcon_core.package_identification:_identify(.) by extension 'cmake'
[9.725s] Level 1:colcon.colcon_core.package_identification:_identify(.) by extension 'python'
[9.725s] Level 1:colcon.colcon_core.package_identification:_identify(.) by extensions ['python_setup_py']
[9.725s] Level 1:colcon.colcon_core.package_identification:_identify(.) by extension 'python_setup_py'
[9.725s] Level 1:colcon.colcon_core.package_identification:_identify(build) by extensions ['ignore', 'ignore_ament_install']
[9.725s] Level 1:colcon.colcon_core.package_identification:_identify(build) by extension 'ignore'
[9.726s] Level 1:colcon.colcon_core.package_identification:_identify(build) ignored
[9.726s] Level 1:colcon.colcon_core.package_identification:_identify(install) by extensions ['ignore', 'ignore_ament_install']
[9.726s] Level 1:colcon.colcon_core.package_identification:_identify(install) by extension 'ignore'
[9.726s] Level 1:colcon.colcon_core.package_identification:_identify(install) ignored
[9.726s] Level 1:colcon.colcon_core.package_identification:_identify(log) by extensions ['ignore', 'ignore_ament_install']
[9.726s] Level 1:colcon.colcon_core.package_identification:_identify(log) by extension 'ignore'
[9.726s] Level 1:colcon.colcon_core.package_identification:_identify(log) ignored
[9.726s] Level 1:colcon.colcon_core.package_identification:_identify(src) by extensions ['ignore', 'ignore_ament_install']
[9.727s] Level 1:colcon.colcon_core.package_identification:_identify(src) by extension 'ignore'
[9.727s] Level 1:colcon.colcon_core.package_identification:_identify(src) by extension 'ignore_ament_install'
[9.727s] Level 1:colcon.colcon_core.package_identification:_identify(src) by extensions ['colcon_pkg']
[9.727s] Level 1:colcon.colcon_core.package_identification:_identify(src) by extension 'colcon_pkg'
[9.727s] Level 1:colcon.colcon_core.package_identification:_identify(src) by extensions ['colcon_meta']
[9.727s] Level 1:colcon.colcon_core.package_identification:_identify(src) by extension 'colcon_meta'
[9.727s] Level 1:colcon.colcon_core.package_identification:_identify(src) by extensions ['ros']
[9.727s] Level 1:colcon.colcon_core.package_identification:_identify(src) by extension 'ros'
[9.727s] Level 1:colcon.colcon_core.package_identification:_identify(src) by extensions ['cmake', 'python']
[9.727s] Level 1:colcon.colcon_core.package_identification:_identify(src) by extension 'cmake'
[9.727s] Level 1:colcon.colcon_core.package_identification:_identify(src) by extension 'python'
[9.727s] Level 1:colcon.colcon_core.package_identification:_identify(src) by extensions ['python_setup_py']
[9.727s] Level 1:colcon.colcon_core.package_identification:_identify(src) by extension 'python_setup_py'
[9.729s] Level 1:colcon.colcon_core.package_identification:_identify(src/base_interfaces_demo) by extensions ['ignore', 'ignore_ament_install']
[9.729s] Level 1:colcon.colcon_core.package_identification:_identify(src/base_interfaces_demo) by extension 'ignore'
[9.730s] Level 1:colcon.colcon_core.package_identification:_identify(src/base_interfaces_demo) by extension 'ignore_ament_install'
[9.730s] Level 1:colcon.colcon_core.package_identification:_identify(src/base_interfaces_demo) by extensions ['colcon_pkg']
[9.730s] Level 1:colcon.colcon_core.package_identification:_identify(src/base_interfaces_demo) by extension 'colcon_pkg'
[9.730s] Level 1:colcon.colcon_core.package_identification:_identify(src/base_interfaces_demo) by extensions ['colcon_meta']
[9.730s] Level 1:colcon.colcon_core.package_identification:_identify(src/base_interfaces_demo) by extension 'colcon_meta'
[9.731s] Level 1:colcon.colcon_core.package_identification:_identify(src/base_interfaces_demo) by extensions ['ros']
[9.731s] Level 1:colcon.colcon_core.package_identification:_identify(src/base_interfaces_demo) by extension 'ros'
[9.752s] DEBUG:colcon.colcon_core.package_identification:Package 'src/base_interfaces_demo' with type 'ros.ament_cmake' and name 'base_interfaces_demo'
[9.753s] Level 1:colcon.colcon_core.package_identification:_identify(src/cpp01_topic) by extensions ['ignore', 'ignore_ament_install']
[9.753s] Level 1:colcon.colcon_core.package_identification:_identify(src/cpp01_topic) by extension 'ignore'
[9.753s] Level 1:colcon.colcon_core.package_identification:_identify(src/cpp01_topic) by extension 'ignore_ament_install'
[9.753s] Level 1:colcon.colcon_core.package_identification:_identify(src/cpp01_topic) by extensions ['colcon_pkg']
[9.753s] Level 1:colcon.colcon_core.package_identification:_identify(src/cpp01_topic) by extension 'colcon_pkg'
[9.753s] Level 1:colcon.colcon_core.package_identification:_identify(src/cpp01_topic) by extensions ['colcon_meta']
[9.753s] Level 1:colcon.colcon_core.package_identification:_identify(src/cpp01_topic) by extension 'colcon_meta'
[9.754s] Level 1:colcon.colcon_core.package_identification:_identify(src/cpp01_topic) by extensions ['ros']
[9.754s] Level 1:colcon.colcon_core.package_identification:_identify(src/cpp01_topic) by extension 'ros'
[9.820s] DEBUG:colcon.colcon_core.package_identification:Package 'src/cpp01_topic' with type 'ros.ament_cmake' and name 'cpp01_topic'
[9.821s] Level 1:colcon.colcon_core.package_identification:_identify(src/cpp02_service) by extensions ['ignore', 'ignore_ament_install']
[9.821s] Level 1:colcon.colcon_core.package_identification:_identify(src/cpp02_service) by extension 'ignore'
[9.821s] Level 1:colcon.colcon_core.package_identification:_identify(src/cpp02_service) by extension 'ignore_ament_install'
[9.821s] Level 1:colcon.colcon_core.package_identification:_identify(src/cpp02_service) by extensions ['colcon_pkg']
[9.821s] Level 1:colcon.colcon_core.package_identification:_identify(src/cpp02_service) by extension 'colcon_pkg'
[9.822s] Level 1:colcon.colcon_core.package_identification:_identify(src/cpp02_service) by extensions ['colcon_meta']
[9.822s] Level 1:colcon.colcon_core.package_identification:_identify(src/cpp02_service) by extension 'colcon_meta'
[9.822s] Level 1:colcon.colcon_core.package_identification:_identify(src/cpp02_service) by extensions ['ros']
[9.822s] Level 1:colcon.colcon_core.package_identification:_identify(src/cpp02_service) by extension 'ros'
[9.824s] DEBUG:colcon.colcon_core.package_identification:Package 'src/cpp02_service' with type 'ros.ament_cmake' and name 'cpp02_service'
[9.824s] Level 1:colcon.colcon_core.package_identification:_identify(src/cpp03_action) by extensions ['ignore', 'ignore_ament_install']
[9.824s] Level 1:colcon.colcon_core.package_identification:_identify(src/cpp03_action) by extension 'ignore'
[9.824s] Level 1:colcon.colcon_core.package_identification:_identify(src/cpp03_action) by extension 'ignore_ament_install'
[9.824s] Level 1:colcon.colcon_core.package_identification:_identify(src/cpp03_action) by extensions ['colcon_pkg']
[9.824s] Level 1:colcon.colcon_core.package_identification:_identify(src/cpp03_action) by extension 'colcon_pkg'
[9.824s] Level 1:colcon.colcon_core.package_identification:_identify(src/cpp03_action) by extensions ['colcon_meta']
[9.825s] Level 1:colcon.colcon_core.package_identification:_identify(src/cpp03_action) by extension 'colcon_meta'
[9.825s] Level 1:colcon.colcon_core.package_identification:_identify(src/cpp03_action) by extensions ['ros']
[9.825s] Level 1:colcon.colcon_core.package_identification:_identify(src/cpp03_action) by extension 'ros'
[9.827s] DEBUG:colcon.colcon_core.package_identification:Package 'src/cpp03_action' with type 'ros.ament_cmake' and name 'cpp03_action'
[9.827s] Level 1:colcon.colcon_core.package_identification:_identify(src/cpp04_param) by extensions ['ignore', 'ignore_ament_install']
[9.828s] Level 1:colcon.colcon_core.package_identification:_identify(src/cpp04_param) by extension 'ignore'
[9.828s] Level 1:colcon.colcon_core.package_identification:_identify(src/cpp04_param) by extension 'ignore_ament_install'
[9.828s] Level 1:colcon.colcon_core.package_identification:_identify(src/cpp04_param) by extensions ['colcon_pkg']
[9.828s] Level 1:colcon.colcon_core.package_identification:_identify(src/cpp04_param) by extension 'colcon_pkg'
[9.828s] Level 1:colcon.colcon_core.package_identification:_identify(src/cpp04_param) by extensions ['colcon_meta']
[9.828s] Level 1:colcon.colcon_core.package_identification:_identify(src/cpp04_param) by extension 'colcon_meta'
[9.829s] Level 1:colcon.colcon_core.package_identification:_identify(src/cpp04_param) by extensions ['ros']
[9.829s] Level 1:colcon.colcon_core.package_identification:_identify(src/cpp04_param) by extension 'ros'
[9.830s] DEBUG:colcon.colcon_core.package_identification:Package 'src/cpp04_param' with type 'ros.ament_cmake' and name 'cpp04_param'
[9.831s] Level 1:colcon.colcon_core.package_identification:_identify(src/cpp05_names) by extensions ['ignore', 'ignore_ament_install']
[9.831s] Level 1:colcon.colcon_core.package_identification:_identify(src/cpp05_names) by extension 'ignore'
[9.831s] Level 1:colcon.colcon_core.package_identification:_identify(src/cpp05_names) by extension 'ignore_ament_install'
[9.831s] Level 1:colcon.colcon_core.package_identification:_identify(src/cpp05_names) by extensions ['colcon_pkg']
[9.831s] Level 1:colcon.colcon_core.package_identification:_identify(src/cpp05_names) by extension 'colcon_pkg'
[9.831s] Level 1:colcon.colcon_core.package_identification:_identify(src/cpp05_names) by extensions ['colcon_meta']
[9.831s] Level 1:colcon.colcon_core.package_identification:_identify(src/cpp05_names) by extension 'colcon_meta'
[9.831s] Level 1:colcon.colcon_core.package_identification:_identify(src/cpp05_names) by extensions ['ros']
[9.832s] Level 1:colcon.colcon_core.package_identification:_identify(src/cpp05_names) by extension 'ros'
[9.833s] DEBUG:colcon.colcon_core.package_identification:Package 'src/cpp05_names' with type 'ros.ament_cmake' and name 'cpp05_names'
[9.835s] Level 1:colcon.colcon_core.package_identification:_identify(src/cpp06_time) by extensions ['ignore', 'ignore_ament_install']
[9.835s] Level 1:colcon.colcon_core.package_identification:_identify(src/cpp06_time) by extension 'ignore'
[9.835s] Level 1:colcon.colcon_core.package_identification:_identify(src/cpp06_time) by extension 'ignore_ament_install'
[9.836s] Level 1:colcon.colcon_core.package_identification:_identify(src/cpp06_time) by extensions ['colcon_pkg']
[9.836s] Level 1:colcon.colcon_core.package_identification:_identify(src/cpp06_time) by extension 'colcon_pkg'
[9.836s] Level 1:colcon.colcon_core.package_identification:_identify(src/cpp06_time) by extensions ['colcon_meta']
[9.836s] Level 1:colcon.colcon_core.package_identification:_identify(src/cpp06_time) by extension 'colcon_meta'
[9.836s] Level 1:colcon.colcon_core.package_identification:_identify(src/cpp06_time) by extensions ['ros']
[9.836s] Level 1:colcon.colcon_core.package_identification:_identify(src/cpp06_time) by extension 'ros'
[9.837s] DEBUG:colcon.colcon_core.package_identification:Package 'src/cpp06_time' with type 'ros.ament_cmake' and name 'cpp06_time'
[9.837s] Level 1:colcon.colcon_core.package_identification:_identify(src/cpp07_exercise) by extensions ['ignore', 'ignore_ament_install']
[9.838s] Level 1:colcon.colcon_core.package_identification:_identify(src/cpp07_exercise) by extension 'ignore'
[9.838s] Level 1:colcon.colcon_core.package_identification:_identify(src/cpp07_exercise) by extension 'ignore_ament_install'
[9.838s] Level 1:colcon.colcon_core.package_identification:_identify(src/cpp07_exercise) by extensions ['colcon_pkg']
[9.838s] Level 1:colcon.colcon_core.package_identification:_identify(src/cpp07_exercise) by extension 'colcon_pkg'
[9.838s] Level 1:colcon.colcon_core.package_identification:_identify(src/cpp07_exercise) by extensions ['colcon_meta']
[9.838s] Level 1:colcon.colcon_core.package_identification:_identify(src/cpp07_exercise) by extension 'colcon_meta'
[9.838s] Level 1:colcon.colcon_core.package_identification:_identify(src/cpp07_exercise) by extensions ['ros']
[9.838s] Level 1:colcon.colcon_core.package_identification:_identify(src/cpp07_exercise) by extension 'ros'
[9.862s] DEBUG:colcon.colcon_core.package_identification:Package 'src/cpp07_exercise' with type 'ros.ament_cmake' and name 'cpp07_exercise'
[9.863s] Level 1:colcon.colcon_core.package_identification:_identify(src/py01_topic) by extensions ['ignore', 'ignore_ament_install']
[9.863s] Level 1:colcon.colcon_core.package_identification:_identify(src/py01_topic) by extension 'ignore'
[9.863s] Level 1:colcon.colcon_core.package_identification:_identify(src/py01_topic) by extension 'ignore_ament_install'
[9.863s] Level 1:colcon.colcon_core.package_identification:_identify(src/py01_topic) by extensions ['colcon_pkg']
[9.864s] Level 1:colcon.colcon_core.package_identification:_identify(src/py01_topic) by extension 'colcon_pkg'
[9.864s] Level 1:colcon.colcon_core.package_identification:_identify(src/py01_topic) by extensions ['colcon_meta']
[9.864s] Level 1:colcon.colcon_core.package_identification:_identify(src/py01_topic) by extension 'colcon_meta'
[9.864s] Level 1:colcon.colcon_core.package_identification:_identify(src/py01_topic) by extensions ['ros']
[9.864s] Level 1:colcon.colcon_core.package_identification:_identify(src/py01_topic) by extension 'ros'
[9.866s] DEBUG:colcon.colcon_core.package_identification:Package 'src/py01_topic' with type 'ros.ament_python' and name 'py01_topic'
[9.867s] Level 1:colcon.colcon_core.package_identification:_identify(src/py02_service) by extensions ['ignore', 'ignore_ament_install']
[9.867s] Level 1:colcon.colcon_core.package_identification:_identify(src/py02_service) by extension 'ignore'
[9.867s] Level 1:colcon.colcon_core.package_identification:_identify(src/py02_service) by extension 'ignore_ament_install'
[9.867s] Level 1:colcon.colcon_core.package_identification:_identify(src/py02_service) by extensions ['colcon_pkg']
[9.867s] Level 1:colcon.colcon_core.package_identification:_identify(src/py02_service) by extension 'colcon_pkg'
[9.868s] Level 1:colcon.colcon_core.package_identification:_identify(src/py02_service) by extensions ['colcon_meta']
[9.868s] Level 1:colcon.colcon_core.package_identification:_identify(src/py02_service) by extension 'colcon_meta'
[9.868s] Level 1:colcon.colcon_core.package_identification:_identify(src/py02_service) by extensions ['ros']
[9.868s] Level 1:colcon.colcon_core.package_identification:_identify(src/py02_service) by extension 'ros'
[9.884s] DEBUG:colcon.colcon_core.package_identification:Package 'src/py02_service' with type 'ros.ament_python' and name 'py02_service'
[9.885s] Level 1:colcon.colcon_core.package_identification:_identify(src/py03_action) by extensions ['ignore', 'ignore_ament_install']
[9.885s] Level 1:colcon.colcon_core.package_identification:_identify(src/py03_action) by extension 'ignore'
[9.885s] Level 1:colcon.colcon_core.package_identification:_identify(src/py03_action) by extension 'ignore_ament_install'
[9.885s] Level 1:colcon.colcon_core.package_identification:_identify(src/py03_action) by extensions ['colcon_pkg']
[9.885s] Level 1:colcon.colcon_core.package_identification:_identify(src/py03_action) by extension 'colcon_pkg'
[9.885s] Level 1:colcon.colcon_core.package_identification:_identify(src/py03_action) by extensions ['colcon_meta']
[9.885s] Level 1:colcon.colcon_core.package_identification:_identify(src/py03_action) by extension 'colcon_meta'
[9.885s] Level 1:colcon.colcon_core.package_identification:_identify(src/py03_action) by extensions ['ros']
[9.886s] Level 1:colcon.colcon_core.package_identification:_identify(src/py03_action) by extension 'ros'
[9.887s] DEBUG:colcon.colcon_core.package_identification:Package 'src/py03_action' with type 'ros.ament_python' and name 'py03_action'
[9.888s] Level 1:colcon.colcon_core.package_identification:_identify(src/py04_param) by extensions ['ignore', 'ignore_ament_install']
[9.888s] Level 1:colcon.colcon_core.package_identification:_identify(src/py04_param) by extension 'ignore'
[9.888s] Level 1:colcon.colcon_core.package_identification:_identify(src/py04_param) by extension 'ignore_ament_install'
[9.888s] Level 1:colcon.colcon_core.package_identification:_identify(src/py04_param) by extensions ['colcon_pkg']
[9.888s] Level 1:colcon.colcon_core.package_identification:_identify(src/py04_param) by extension 'colcon_pkg'
[9.888s] Level 1:colcon.colcon_core.package_identification:_identify(src/py04_param) by extensions ['colcon_meta']
[9.888s] Level 1:colcon.colcon_core.package_identification:_identify(src/py04_param) by extension 'colcon_meta'
[9.889s] Level 1:colcon.colcon_core.package_identification:_identify(src/py04_param) by extensions ['ros']
[9.889s] Level 1:colcon.colcon_core.package_identification:_identify(src/py04_param) by extension 'ros'
[9.938s] DEBUG:colcon.colcon_core.package_identification:Package 'src/py04_param' with type 'ros.ament_python' and name 'py04_param'
[9.940s] Level 1:colcon.colcon_core.package_identification:_identify(src/py05_names) by extensions ['ignore', 'ignore_ament_install']
[9.941s] Level 1:colcon.colcon_core.package_identification:_identify(src/py05_names) by extension 'ignore'
[9.941s] Level 1:colcon.colcon_core.package_identification:_identify(src/py05_names) by extension 'ignore_ament_install'
[9.942s] Level 1:colcon.colcon_core.package_identification:_identify(src/py05_names) by extensions ['colcon_pkg']
[9.943s] Level 1:colcon.colcon_core.package_identification:_identify(src/py05_names) by extension 'colcon_pkg'
[9.943s] Level 1:colcon.colcon_core.package_identification:_identify(src/py05_names) by extensions ['colcon_meta']
[9.943s] Level 1:colcon.colcon_core.package_identification:_identify(src/py05_names) by extension 'colcon_meta'
[9.943s] Level 1:colcon.colcon_core.package_identification:_identify(src/py05_names) by extensions ['ros']
[9.944s] Level 1:colcon.colcon_core.package_identification:_identify(src/py05_names) by extension 'ros'
[9.949s] DEBUG:colcon.colcon_core.package_identification:Package 'src/py05_names' with type 'ros.ament_python' and name 'py05_names'
[9.950s] Level 1:colcon.colcon_core.package_identification:_identify(src/py06_time) by extensions ['ignore', 'ignore_ament_install']
[9.950s] Level 1:colcon.colcon_core.package_identification:_identify(src/py06_time) by extension 'ignore'
[9.950s] Level 1:colcon.colcon_core.package_identification:_identify(src/py06_time) by extension 'ignore_ament_install'
[9.951s] Level 1:colcon.colcon_core.package_identification:_identify(src/py06_time) by extensions ['colcon_pkg']
[9.951s] Level 1:colcon.colcon_core.package_identification:_identify(src/py06_time) by extension 'colcon_pkg'
[9.951s] Level 1:colcon.colcon_core.package_identification:_identify(src/py06_time) by extensions ['colcon_meta']
[9.951s] Level 1:colcon.colcon_core.package_identification:_identify(src/py06_time) by extension 'colcon_meta'
[9.951s] Level 1:colcon.colcon_core.package_identification:_identify(src/py06_time) by extensions ['ros']
[9.951s] Level 1:colcon.colcon_core.package_identification:_identify(src/py06_time) by extension 'ros'
[9.955s] DEBUG:colcon.colcon_core.package_identification:Package 'src/py06_time' with type 'ros.ament_python' and name 'py06_time'
[9.956s] Level 1:colcon.colcon_core.package_identification:_identify(src/tutorails_plumbing) by extensions ['ignore', 'ignore_ament_install']
[9.956s] Level 1:colcon.colcon_core.package_identification:_identify(src/tutorails_plumbing) by extension 'ignore'
[9.956s] Level 1:colcon.colcon_core.package_identification:_identify(src/tutorails_plumbing) by extension 'ignore_ament_install'
[9.957s] Level 1:colcon.colcon_core.package_identification:_identify(src/tutorails_plumbing) by extensions ['colcon_pkg']
[9.957s] Level 1:colcon.colcon_core.package_identification:_identify(src/tutorails_plumbing) by extension 'colcon_pkg'
[9.957s] Level 1:colcon.colcon_core.package_identification:_identify(src/tutorails_plumbing) by extensions ['colcon_meta']
[9.957s] Level 1:colcon.colcon_core.package_identification:_identify(src/tutorails_plumbing) by extension 'colcon_meta'
[9.957s] Level 1:colcon.colcon_core.package_identification:_identify(src/tutorails_plumbing) by extensions ['ros']
[9.957s] Level 1:colcon.colcon_core.package_identification:_identify(src/tutorails_plumbing) by extension 'ros'
[9.959s] DEBUG:colcon.colcon_core.package_identification:Package 'src/tutorails_plumbing' with type 'ros.ament_cmake' and name 'tutorails_plumbing'
[9.960s] Level 1:colcon.colcon_core.package_discovery:discover_packages(recursive) using defaults
[9.960s] Level 1:colcon.colcon_core.package_discovery:discover_packages(ignore) discover
[9.960s] Level 1:colcon.colcon_core.package_discovery:discover_packages(ignore) using defaults
[9.960s] Level 1:colcon.colcon_core.package_discovery:discover_packages(path) discover
[9.960s] Level 1:colcon.colcon_core.package_discovery:discover_packages(path) using defaults
[10.181s] INFO:colcon.colcon_core.package_selection:Skipping not selected package 'base_interfaces_demo' in 'src/base_interfaces_demo'
[10.181s] INFO:colcon.colcon_core.package_selection:Skipping not selected package 'cpp04_param' in 'src/cpp04_param'
[10.181s] INFO:colcon.colcon_core.package_selection:Skipping not selected package 'cpp05_names' in 'src/cpp05_names'
[10.181s] INFO:colcon.colcon_core.package_selection:Skipping not selected package 'cpp06_time' in 'src/cpp06_time'
[10.181s] INFO:colcon.colcon_core.package_selection:Skipping not selected package 'py04_param' in 'src/py04_param'
[10.181s] INFO:colcon.colcon_core.package_selection:Skipping not selected package 'py05_names' in 'src/py05_names'
[10.181s] INFO:colcon.colcon_core.package_selection:Skipping not selected package 'py06_time' in 'src/py06_time'
[10.181s] INFO:colcon.colcon_core.package_selection:Skipping not selected package 'cpp01_topic' in 'src/cpp01_topic'
[10.181s] INFO:colcon.colcon_core.package_selection:Skipping not selected package 'cpp02_service' in 'src/cpp02_service'
[10.181s] INFO:colcon.colcon_core.package_selection:Skipping not selected package 'cpp03_action' in 'src/cpp03_action'
[10.181s] INFO:colcon.colcon_core.package_selection:Skipping not selected package 'py01_topic' in 'src/py01_topic'
[10.181s] INFO:colcon.colcon_core.package_selection:Skipping not selected package 'py02_service' in 'src/py02_service'
[10.181s] INFO:colcon.colcon_core.package_selection:Skipping not selected package 'py03_action' in 'src/py03_action'
[10.181s] INFO:colcon.colcon_core.package_selection:Skipping not selected package 'tutorails_plumbing' in 'src/tutorails_plumbing'
[10.183s] Level 1:colcon.colcon_core.package_discovery:discover_packages(prefix_path) check parameters
[10.183s] Level 1:colcon.colcon_core.package_discovery:discover_packages(prefix_path) discover
[10.194s] DEBUG:colcon.colcon_installed_package_information.package_discovery:Found 327 installed packages in /opt/ros/humble
[10.198s] Level 1:colcon.colcon_core.package_discovery:discover_packages(prefix_path) using defaults
[13.285s] Level 5:colcon.colcon_core.verb:set package 'cpp07_exercise' build argument 'cmake_args' from command line to 'None'
[13.285s] Level 5:colcon.colcon_core.verb:set package 'cpp07_exercise' build argument 'cmake_target' from command line to 'None'
[13.285s] Level 5:colcon.colcon_core.verb:set package 'cpp07_exercise' build argument 'cmake_target_skip_unavailable' from command line to 'False'
[13.285s] Level 5:colcon.colcon_core.verb:set package 'cpp07_exercise' build argument 'cmake_clean_cache' from command line to 'False'
[13.285s] Level 5:colcon.colcon_core.verb:set package 'cpp07_exercise' build argument 'cmake_clean_first' from command line to 'False'
[13.285s] Level 5:colcon.colcon_core.verb:set package 'cpp07_exercise' build argument 'cmake_force_configure' from command line to 'False'
[13.285s] Level 5:colcon.colcon_core.verb:set package 'cpp07_exercise' build argument 'ament_cmake_args' from command line to 'None'
[13.285s] Level 5:colcon.colcon_core.verb:set package 'cpp07_exercise' build argument 'catkin_cmake_args' from command line to 'None'
[13.285s] Level 5:colcon.colcon_core.verb:set package 'cpp07_exercise' build argument 'catkin_skip_building_tests' from command line to 'False'
[13.285s] DEBUG:colcon.colcon_core.verb:Building package 'cpp07_exercise' with the following arguments: {'ament_cmake_args': None, 'build_base': '/home/zzw/ws01_plumbing/build/cpp07_exercise', 'catkin_cmake_args': None, 'catkin_skip_building_tests': False, 'cmake_args': None, 'cmake_clean_cache': False, 'cmake_clean_first': False, 'cmake_force_configure': False, 'cmake_target': None, 'cmake_target_skip_unavailable': False, 'install_base': '/home/zzw/ws01_plumbing/install/cpp07_exercise', 'merge_install': False, 'path': '/home/zzw/ws01_plumbing/src/cpp07_exercise', 'symlink_install': False, 'test_result_base': None}
[13.286s] INFO:colcon.colcon_core.executor:Executing jobs using 'parallel' executor
[13.292s] DEBUG:colcon.colcon_parallel_executor.executor.parallel:run_until_complete
[13.293s] INFO:colcon.colcon_ros.task.ament_cmake.build:Building ROS package in '/home/zzw/ws01_plumbing/src/cpp07_exercise' with build type 'ament_cmake'
[13.293s] INFO:colcon.colcon_cmake.task.cmake.build:Building CMake package in '/home/zzw/ws01_plumbing/src/cpp07_exercise'
[13.929s] INFO:colcon.colcon_core.plugin_system:Skipping extension 'colcon_core.shell.bat': Not used on non-Windows systems
[13.930s] INFO:colcon.colcon_core.shell:Skip shell extension 'powershell' for command environment: Not usable outside of PowerShell
[13.930s] DEBUG:colcon.colcon_core.shell:Skip shell extension 'dsv' for command environment
[14.654s] DEBUG:colcon.colcon_core.event_handler.log_command:Invoking command in '/home/zzw/ws01_plumbing/build/cpp07_exercise': AMENT_PREFIX_PATH=/home/zzw/ws01_plumbing/install/base_interfaces_demo:${AMENT_PREFIX_PATH} CMAKE_PREFIX_PATH=/home/zzw/ws01_plumbing/install/base_interfaces_demo:/opt/ros/humble LD_LIBRARY_PATH=/home/zzw/ws01_plumbing/install/base_interfaces_demo/lib:${LD_LIBRARY_PATH} PYTHONPATH=/home/zzw/ws01_plumbing/install/base_interfaces_demo/local/lib/python3.10/dist-packages:${PYTHONPATH} /usr/bin/cmake --build /home/zzw/ws01_plumbing/build/cpp07_exercise -- -j8 -l8
[29.479s] DEBUG:colcon.colcon_core.event_handler.log_command:Invoked command in '/home/zzw/ws01_plumbing/build/cpp07_exercise' returned '2': AMENT_PREFIX_PATH=/home/zzw/ws01_plumbing/install/base_interfaces_demo:${AMENT_PREFIX_PATH} CMAKE_PREFIX_PATH=/home/zzw/ws01_plumbing/install/base_interfaces_demo:/opt/ros/humble LD_LIBRARY_PATH=/home/zzw/ws01_plumbing/install/base_interfaces_demo/lib:${LD_LIBRARY_PATH} PYTHONPATH=/home/zzw/ws01_plumbing/install/base_interfaces_demo/local/lib/python3.10/dist-packages:${PYTHONPATH} /usr/bin/cmake --build /home/zzw/ws01_plumbing/build/cpp07_exercise -- -j8 -l8
[29.531s] Level 1:colcon.colcon_core.environment:create_environment_scripts_only(cpp07_exercise)
[29.697s] Level 1:colcon.colcon_core.environment:checking '/home/zzw/ws01_plumbing/install/cpp07_exercise' for CMake module files
[29.703s] Level 1:colcon.colcon_core.environment:checking '/home/zzw/ws01_plumbing/install/cpp07_exercise' for CMake config files
[29.703s] Level 1:colcon.colcon_core.shell:create_environment_hook('cpp07_exercise', 'cmake_prefix_path')
[29.706s] INFO:colcon.colcon_core.shell:Creating environment hook '/home/zzw/ws01_plumbing/install/cpp07_exercise/share/cpp07_exercise/hook/cmake_prefix_path.ps1'
[29.717s] INFO:colcon.colcon_core.shell:Creating environment descriptor '/home/zzw/ws01_plumbing/install/cpp07_exercise/share/cpp07_exercise/hook/cmake_prefix_path.dsv'
[29.728s] INFO:colcon.colcon_core.shell:Creating environment hook '/home/zzw/ws01_plumbing/install/cpp07_exercise/share/cpp07_exercise/hook/cmake_prefix_path.sh'
[29.731s] Level 1:colcon.colcon_core.environment:checking '/home/zzw/ws01_plumbing/install/cpp07_exercise/lib'
[29.731s] Level 1:colcon.colcon_core.environment:checking '/home/zzw/ws01_plumbing/install/cpp07_exercise/bin'
[29.731s] Level 1:colcon.colcon_core.environment:checking '/home/zzw/ws01_plumbing/install/cpp07_exercise/lib/pkgconfig/cpp07_exercise.pc'
[29.732s] Level 1:colcon.colcon_core.environment:checking '/home/zzw/ws01_plumbing/install/cpp07_exercise/lib/python3.10/site-packages'
[29.732s] Level 1:colcon.colcon_core.environment:checking '/home/zzw/ws01_plumbing/install/cpp07_exercise/bin'
[29.735s] INFO:colcon.colcon_core.shell:Creating package script '/home/zzw/ws01_plumbing/install/cpp07_exercise/share/cpp07_exercise/package.ps1'
[29.737s] INFO:colcon.colcon_core.shell:Creating package descriptor '/home/zzw/ws01_plumbing/install/cpp07_exercise/share/cpp07_exercise/package.dsv'
[29.739s] INFO:colcon.colcon_core.shell:Creating package script '/home/zzw/ws01_plumbing/install/cpp07_exercise/share/cpp07_exercise/package.sh'
[29.741s] INFO:colcon.colcon_core.shell:Creating package script '/home/zzw/ws01_plumbing/install/cpp07_exercise/share/cpp07_exercise/package.bash'
[29.760s] INFO:colcon.colcon_core.shell:Creating package script '/home/zzw/ws01_plumbing/install/cpp07_exercise/share/cpp07_exercise/package.zsh'
[29.776s] Level 1:colcon.colcon_core.environment:create_file_with_runtime_dependencies(/home/zzw/ws01_plumbing/install/cpp07_exercise/share/colcon-core/packages/cpp07_exercise)
[29.788s] DEBUG:colcon.colcon_parallel_executor.executor.parallel:closing loop
[29.789s] DEBUG:colcon.colcon_parallel_executor.executor.parallel:loop closed
[29.790s] DEBUG:colcon.colcon_parallel_executor.executor.parallel:run_until_complete finished with '2'
[29.790s] DEBUG:colcon.colcon_core.event_reactor:joining thread
[30.201s] INFO:colcon.colcon_core.plugin_system:Skipping extension 'colcon_notification.desktop_notification.terminal_notifier': Not used on non-Darwin systems
[30.201s] INFO:colcon.colcon_core.plugin_system:Skipping extension 'colcon_notification.desktop_notification.win32': Not used on non-Windows systems
[30.201s] INFO:colcon.colcon_notification.desktop_notification:Sending desktop notification using 'notify2'
[30.680s] DEBUG:colcon.colcon_notification.desktop_notification.notify2:Failed to initialize notify2: org.freedesktop.DBus.Error.Spawn.ExecFailed: /usr/bin/dbus-launch terminated abnormally with the following error: Autolaunch error: X11 initialization failed.

[30.681s] DEBUG:colcon.colcon_core.event_reactor:joined thread
[30.683s] INFO:colcon.colcon_core.shell:Creating prefix script '/home/zzw/ws01_plumbing/install/local_setup.ps1'
[30.686s] INFO:colcon.colcon_core.shell:Creating prefix util module '/home/zzw/ws01_plumbing/install/_local_setup_util_ps1.py'
[30.689s] INFO:colcon.colcon_core.shell:Creating prefix chain script '/home/zzw/ws01_plumbing/install/setup.ps1'
[30.692s] INFO:colcon.colcon_core.shell:Creating prefix script '/home/zzw/ws01_plumbing/install/local_setup.sh'
[30.710s] INFO:colcon.colcon_core.shell:Creating prefix util module '/home/zzw/ws01_plumbing/install/_local_setup_util_sh.py'
[30.712s] INFO:colcon.colcon_core.shell:Creating prefix chain script '/home/zzw/ws01_plumbing/install/setup.sh'
[30.715s] INFO:colcon.colcon_core.shell:Creating prefix script '/home/zzw/ws01_plumbing/install/local_setup.bash'
[30.717s] INFO:colcon.colcon_core.shell:Creating prefix chain script '/home/zzw/ws01_plumbing/install/setup.bash'
[30.720s] INFO:colcon.colcon_core.shell:Creating prefix script '/home/zzw/ws01_plumbing/install/local_setup.zsh'
[30.721s] INFO:colcon.colcon_core.shell:Creating prefix chain script '/home/zzw/ws01_plumbing/install/setup.zsh'
