running egg_info
creating ../../build/py06_time/py06_time.egg-info
writing ../../build/py06_time/py06_time.egg-info/PKG-INFO
writing dependency_links to ../../build/py06_time/py06_time.egg-info/dependency_links.txt
writing entry points to ../../build/py06_time/py06_time.egg-info/entry_points.txt
writing requirements to ../../build/py06_time/py06_time.egg-info/requires.txt
writing top-level names to ../../build/py06_time/py06_time.egg-info/top_level.txt
writing manifest file '../../build/py06_time/py06_time.egg-info/SOURCES.txt'
reading manifest file '../../build/py06_time/py06_time.egg-info/SOURCES.txt'
writing manifest file '../../build/py06_time/py06_time.egg-info/SOURCES.txt'
running build
running build_py
creating /home/zzw/ws01_plumbing/build/py06_time/build
creating /home/zzw/ws01_plumbing/build/py06_time/build/lib
creating /home/zzw/ws01_plumbing/build/py06_time/build/lib/py06_time
copying py06_time/demo01_time_py.py -> /home/zzw/ws01_plumbing/build/py06_time/build/lib/py06_time
copying py06_time/__init__.py -> /home/zzw/ws01_plumbing/build/py06_time/build/lib/py06_time
running install
running install_lib
creating /home/zzw/ws01_plumbing/install/py06_time/lib/python3.10/site-packages/py06_time
copying /home/zzw/ws01_plumbing/build/py06_time/build/lib/py06_time/demo01_time_py.py -> /home/zzw/ws01_plumbing/install/py06_time/lib/python3.10/site-packages/py06_time
copying /home/zzw/ws01_plumbing/build/py06_time/build/lib/py06_time/__init__.py -> /home/zzw/ws01_plumbing/install/py06_time/lib/python3.10/site-packages/py06_time
byte-compiling /home/zzw/ws01_plumbing/install/py06_time/lib/python3.10/site-packages/py06_time/demo01_time_py.py to demo01_time_py.cpython-310.pyc
byte-compiling /home/zzw/ws01_plumbing/install/py06_time/lib/python3.10/site-packages/py06_time/__init__.py to __init__.cpython-310.pyc
running install_data
creating /home/zzw/ws01_plumbing/install/py06_time/share/ament_index
creating /home/zzw/ws01_plumbing/install/py06_time/share/ament_index/resource_index
creating /home/zzw/ws01_plumbing/install/py06_time/share/ament_index/resource_index/packages
copying resource/py06_time -> /home/zzw/ws01_plumbing/install/py06_time/share/ament_index/resource_index/packages
copying package.xml -> /home/zzw/ws01_plumbing/install/py06_time/share/py06_time
running install_egg_info
Copying ../../build/py06_time/py06_time.egg-info to /home/zzw/ws01_plumbing/install/py06_time/lib/python3.10/site-packages/py06_time-0.0.0-py3.10.egg-info
running install_scripts
Installing demo01_time_py script to /home/zzw/ws01_plumbing/install/py06_time/lib/py06_time
writing list of installed files to '/home/zzw/ws01_plumbing/build/py06_time/install.log'
