[8.480s] DEBUG:colcon:Command line arguments: ['/usr/bin/colcon', 'build', '--packages-select', 'base_interfaces_demo']
[8.480s] DEBUG:colcon:Parsed command line arguments: Namespace(log_base=None, log_level=None, verb_name='build', build_base='build', install_base='install', merge_install=False, symlink_install=False, test_result_base=None, continue_on_error=False, executor='parallel', parallel_workers=8, event_handlers=None, ignore_user_meta=False, metas=['./colcon.meta'], base_paths=['.'], packages_ignore=None, packages_ignore_regex=None, paths=None, packages_up_to=None, packages_up_to_regex=None, packages_above=None, packages_above_and_dependencies=None, packages_above_depth=None, packages_select_by_dep=None, packages_skip_by_dep=None, packages_skip_up_to=None, packages_select_build_failed=False, packages_skip_build_finished=False, packages_select_test_failures=False, packages_skip_test_passed=False, packages_select=['base_interfaces_demo'], packages_skip=None, packages_select_regex=None, packages_skip_regex=None, packages_start=None, packages_end=None, allow_overriding=[], cmake_args=None, cmake_target=None, cmake_target_skip_unavailable=False, cmake_clean_cache=False, cmake_clean_first=False, cmake_force_configure=False, ament_cmake_args=None, catkin_cmake_args=None, catkin_skip_building_tests=False, verb_parser=<colcon_defaults.argument_parser.defaults.DefaultArgumentsDecorator object at 0x7f4b42bf82e0>, verb_extension=<colcon_core.verb.build.BuildVerb object at 0x7f4b42e73b20>, main=<bound method BuildVerb.main of <colcon_core.verb.build.BuildVerb object at 0x7f4b42e73b20>>)
[8.854s] Level 1:colcon.colcon_core.package_discovery:discover_packages(colcon_meta) check parameters
[8.854s] Level 1:colcon.colcon_core.package_discovery:discover_packages(recursive) check parameters
[8.854s] Level 1:colcon.colcon_core.package_discovery:discover_packages(ignore) check parameters
[8.854s] Level 1:colcon.colcon_core.package_discovery:discover_packages(path) check parameters
[8.854s] Level 1:colcon.colcon_core.package_discovery:discover_packages(colcon_meta) discover
[8.855s] Level 1:colcon.colcon_core.package_discovery:discover_packages(recursive) discover
[8.855s] INFO:colcon.colcon_core.package_discovery:Crawling recursively for packages in '/home/zzw/ws01_plumbing'
[8.855s] Level 1:colcon.colcon_core.package_identification:_identify(.) by extensions ['ignore', 'ignore_ament_install']
[8.855s] Level 1:colcon.colcon_core.package_identification:_identify(.) by extension 'ignore'
[8.855s] Level 1:colcon.colcon_core.package_identification:_identify(.) by extension 'ignore_ament_install'
[8.856s] Level 1:colcon.colcon_core.package_identification:_identify(.) by extensions ['colcon_pkg']
[8.856s] Level 1:colcon.colcon_core.package_identification:_identify(.) by extension 'colcon_pkg'
[8.856s] Level 1:colcon.colcon_core.package_identification:_identify(.) by extensions ['colcon_meta']
[8.856s] Level 1:colcon.colcon_core.package_identification:_identify(.) by extension 'colcon_meta'
[8.856s] Level 1:colcon.colcon_core.package_identification:_identify(.) by extensions ['ros']
[8.856s] Level 1:colcon.colcon_core.package_identification:_identify(.) by extension 'ros'
[8.932s] Level 1:colcon.colcon_core.package_identification:_identify(.) by extensions ['cmake', 'python']
[8.932s] Level 1:colcon.colcon_core.package_identification:_identify(.) by extension 'cmake'
[8.932s] Level 1:colcon.colcon_core.package_identification:_identify(.) by extension 'python'
[8.932s] Level 1:colcon.colcon_core.package_identification:_identify(.) by extensions ['python_setup_py']
[8.932s] Level 1:colcon.colcon_core.package_identification:_identify(.) by extension 'python_setup_py'
[8.932s] Level 1:colcon.colcon_core.package_identification:_identify(build) by extensions ['ignore', 'ignore_ament_install']
[8.933s] Level 1:colcon.colcon_core.package_identification:_identify(build) by extension 'ignore'
[8.933s] Level 1:colcon.colcon_core.package_identification:_identify(build) ignored
[8.933s] Level 1:colcon.colcon_core.package_identification:_identify(install) by extensions ['ignore', 'ignore_ament_install']
[8.933s] Level 1:colcon.colcon_core.package_identification:_identify(install) by extension 'ignore'
[8.933s] Level 1:colcon.colcon_core.package_identification:_identify(install) ignored
[8.934s] Level 1:colcon.colcon_core.package_identification:_identify(log) by extensions ['ignore', 'ignore_ament_install']
[8.934s] Level 1:colcon.colcon_core.package_identification:_identify(log) by extension 'ignore'
[8.934s] Level 1:colcon.colcon_core.package_identification:_identify(log) ignored
[8.934s] Level 1:colcon.colcon_core.package_identification:_identify(src) by extensions ['ignore', 'ignore_ament_install']
[8.935s] Level 1:colcon.colcon_core.package_identification:_identify(src) by extension 'ignore'
[8.935s] Level 1:colcon.colcon_core.package_identification:_identify(src) by extension 'ignore_ament_install'
[8.935s] Level 1:colcon.colcon_core.package_identification:_identify(src) by extensions ['colcon_pkg']
[8.935s] Level 1:colcon.colcon_core.package_identification:_identify(src) by extension 'colcon_pkg'
[8.935s] Level 1:colcon.colcon_core.package_identification:_identify(src) by extensions ['colcon_meta']
[8.935s] Level 1:colcon.colcon_core.package_identification:_identify(src) by extension 'colcon_meta'
[8.935s] Level 1:colcon.colcon_core.package_identification:_identify(src) by extensions ['ros']
[8.935s] Level 1:colcon.colcon_core.package_identification:_identify(src) by extension 'ros'
[8.935s] Level 1:colcon.colcon_core.package_identification:_identify(src) by extensions ['cmake', 'python']
[8.935s] Level 1:colcon.colcon_core.package_identification:_identify(src) by extension 'cmake'
[8.935s] Level 1:colcon.colcon_core.package_identification:_identify(src) by extension 'python'
[8.936s] Level 1:colcon.colcon_core.package_identification:_identify(src) by extensions ['python_setup_py']
[8.936s] Level 1:colcon.colcon_core.package_identification:_identify(src) by extension 'python_setup_py'
[8.936s] Level 1:colcon.colcon_core.package_identification:_identify(src/base_interfaces_demo) by extensions ['ignore', 'ignore_ament_install']
[8.936s] Level 1:colcon.colcon_core.package_identification:_identify(src/base_interfaces_demo) by extension 'ignore'
[8.936s] Level 1:colcon.colcon_core.package_identification:_identify(src/base_interfaces_demo) by extension 'ignore_ament_install'
[8.936s] Level 1:colcon.colcon_core.package_identification:_identify(src/base_interfaces_demo) by extensions ['colcon_pkg']
[8.936s] Level 1:colcon.colcon_core.package_identification:_identify(src/base_interfaces_demo) by extension 'colcon_pkg'
[8.936s] Level 1:colcon.colcon_core.package_identification:_identify(src/base_interfaces_demo) by extensions ['colcon_meta']
[8.936s] Level 1:colcon.colcon_core.package_identification:_identify(src/base_interfaces_demo) by extension 'colcon_meta'
[8.937s] Level 1:colcon.colcon_core.package_identification:_identify(src/base_interfaces_demo) by extensions ['ros']
[8.937s] Level 1:colcon.colcon_core.package_identification:_identify(src/base_interfaces_demo) by extension 'ros'
[8.942s] DEBUG:colcon.colcon_core.package_identification:Package 'src/base_interfaces_demo' with type 'ros.ament_cmake' and name 'base_interfaces_demo'
[8.942s] Level 1:colcon.colcon_core.package_identification:_identify(src/cpp01_topic) by extensions ['ignore', 'ignore_ament_install']
[8.942s] Level 1:colcon.colcon_core.package_identification:_identify(src/cpp01_topic) by extension 'ignore'
[8.943s] Level 1:colcon.colcon_core.package_identification:_identify(src/cpp01_topic) by extension 'ignore_ament_install'
[8.943s] Level 1:colcon.colcon_core.package_identification:_identify(src/cpp01_topic) by extensions ['colcon_pkg']
[8.943s] Level 1:colcon.colcon_core.package_identification:_identify(src/cpp01_topic) by extension 'colcon_pkg'
[8.943s] Level 1:colcon.colcon_core.package_identification:_identify(src/cpp01_topic) by extensions ['colcon_meta']
[8.943s] Level 1:colcon.colcon_core.package_identification:_identify(src/cpp01_topic) by extension 'colcon_meta'
[8.943s] Level 1:colcon.colcon_core.package_identification:_identify(src/cpp01_topic) by extensions ['ros']
[8.943s] Level 1:colcon.colcon_core.package_identification:_identify(src/cpp01_topic) by extension 'ros'
[8.962s] DEBUG:colcon.colcon_core.package_identification:Package 'src/cpp01_topic' with type 'ros.ament_cmake' and name 'cpp01_topic'
[8.962s] Level 1:colcon.colcon_core.package_identification:_identify(src/cpp02_service) by extensions ['ignore', 'ignore_ament_install']
[8.962s] Level 1:colcon.colcon_core.package_identification:_identify(src/cpp02_service) by extension 'ignore'
[8.962s] Level 1:colcon.colcon_core.package_identification:_identify(src/cpp02_service) by extension 'ignore_ament_install'
[8.963s] Level 1:colcon.colcon_core.package_identification:_identify(src/cpp02_service) by extensions ['colcon_pkg']
[8.963s] Level 1:colcon.colcon_core.package_identification:_identify(src/cpp02_service) by extension 'colcon_pkg'
[8.963s] Level 1:colcon.colcon_core.package_identification:_identify(src/cpp02_service) by extensions ['colcon_meta']
[8.963s] Level 1:colcon.colcon_core.package_identification:_identify(src/cpp02_service) by extension 'colcon_meta'
[8.963s] Level 1:colcon.colcon_core.package_identification:_identify(src/cpp02_service) by extensions ['ros']
[8.963s] Level 1:colcon.colcon_core.package_identification:_identify(src/cpp02_service) by extension 'ros'
[8.965s] DEBUG:colcon.colcon_core.package_identification:Package 'src/cpp02_service' with type 'ros.ament_cmake' and name 'cpp02_service'
[8.965s] Level 1:colcon.colcon_core.package_identification:_identify(src/cpp03_action) by extensions ['ignore', 'ignore_ament_install']
[8.966s] Level 1:colcon.colcon_core.package_identification:_identify(src/cpp03_action) by extension 'ignore'
[8.966s] Level 1:colcon.colcon_core.package_identification:_identify(src/cpp03_action) by extension 'ignore_ament_install'
[8.966s] Level 1:colcon.colcon_core.package_identification:_identify(src/cpp03_action) by extensions ['colcon_pkg']
[8.966s] Level 1:colcon.colcon_core.package_identification:_identify(src/cpp03_action) by extension 'colcon_pkg'
[8.966s] Level 1:colcon.colcon_core.package_identification:_identify(src/cpp03_action) by extensions ['colcon_meta']
[8.966s] Level 1:colcon.colcon_core.package_identification:_identify(src/cpp03_action) by extension 'colcon_meta'
[8.966s] Level 1:colcon.colcon_core.package_identification:_identify(src/cpp03_action) by extensions ['ros']
[8.967s] Level 1:colcon.colcon_core.package_identification:_identify(src/cpp03_action) by extension 'ros'
[8.968s] DEBUG:colcon.colcon_core.package_identification:Package 'src/cpp03_action' with type 'ros.ament_cmake' and name 'cpp03_action'
[8.968s] Level 1:colcon.colcon_core.package_identification:_identify(src/cpp04_param) by extensions ['ignore', 'ignore_ament_install']
[8.969s] Level 1:colcon.colcon_core.package_identification:_identify(src/cpp04_param) by extension 'ignore'
[8.969s] Level 1:colcon.colcon_core.package_identification:_identify(src/cpp04_param) by extension 'ignore_ament_install'
[8.969s] Level 1:colcon.colcon_core.package_identification:_identify(src/cpp04_param) by extensions ['colcon_pkg']
[8.969s] Level 1:colcon.colcon_core.package_identification:_identify(src/cpp04_param) by extension 'colcon_pkg'
[8.969s] Level 1:colcon.colcon_core.package_identification:_identify(src/cpp04_param) by extensions ['colcon_meta']
[8.969s] Level 1:colcon.colcon_core.package_identification:_identify(src/cpp04_param) by extension 'colcon_meta'
[8.969s] Level 1:colcon.colcon_core.package_identification:_identify(src/cpp04_param) by extensions ['ros']
[8.970s] Level 1:colcon.colcon_core.package_identification:_identify(src/cpp04_param) by extension 'ros'
[8.971s] DEBUG:colcon.colcon_core.package_identification:Package 'src/cpp04_param' with type 'ros.ament_cmake' and name 'cpp04_param'
[8.972s] Level 1:colcon.colcon_core.package_identification:_identify(src/cpp05_names) by extensions ['ignore', 'ignore_ament_install']
[8.972s] Level 1:colcon.colcon_core.package_identification:_identify(src/cpp05_names) by extension 'ignore'
[8.972s] Level 1:colcon.colcon_core.package_identification:_identify(src/cpp05_names) by extension 'ignore_ament_install'
[8.972s] Level 1:colcon.colcon_core.package_identification:_identify(src/cpp05_names) by extensions ['colcon_pkg']
[8.972s] Level 1:colcon.colcon_core.package_identification:_identify(src/cpp05_names) by extension 'colcon_pkg'
[8.972s] Level 1:colcon.colcon_core.package_identification:_identify(src/cpp05_names) by extensions ['colcon_meta']
[8.972s] Level 1:colcon.colcon_core.package_identification:_identify(src/cpp05_names) by extension 'colcon_meta'
[8.973s] Level 1:colcon.colcon_core.package_identification:_identify(src/cpp05_names) by extensions ['ros']
[8.973s] Level 1:colcon.colcon_core.package_identification:_identify(src/cpp05_names) by extension 'ros'
[8.974s] DEBUG:colcon.colcon_core.package_identification:Package 'src/cpp05_names' with type 'ros.ament_cmake' and name 'cpp05_names'
[8.975s] Level 1:colcon.colcon_core.package_identification:_identify(src/cpp06_time) by extensions ['ignore', 'ignore_ament_install']
[8.975s] Level 1:colcon.colcon_core.package_identification:_identify(src/cpp06_time) by extension 'ignore'
[8.975s] Level 1:colcon.colcon_core.package_identification:_identify(src/cpp06_time) by extension 'ignore_ament_install'
[8.975s] Level 1:colcon.colcon_core.package_identification:_identify(src/cpp06_time) by extensions ['colcon_pkg']
[8.975s] Level 1:colcon.colcon_core.package_identification:_identify(src/cpp06_time) by extension 'colcon_pkg'
[8.976s] Level 1:colcon.colcon_core.package_identification:_identify(src/cpp06_time) by extensions ['colcon_meta']
[8.976s] Level 1:colcon.colcon_core.package_identification:_identify(src/cpp06_time) by extension 'colcon_meta'
[8.976s] Level 1:colcon.colcon_core.package_identification:_identify(src/cpp06_time) by extensions ['ros']
[8.976s] Level 1:colcon.colcon_core.package_identification:_identify(src/cpp06_time) by extension 'ros'
[8.991s] DEBUG:colcon.colcon_core.package_identification:Package 'src/cpp06_time' with type 'ros.ament_cmake' and name 'cpp06_time'
[8.991s] Level 1:colcon.colcon_core.package_identification:_identify(src/cpp07_exercise) by extensions ['ignore', 'ignore_ament_install']
[8.992s] Level 1:colcon.colcon_core.package_identification:_identify(src/cpp07_exercise) by extension 'ignore'
[8.992s] Level 1:colcon.colcon_core.package_identification:_identify(src/cpp07_exercise) by extension 'ignore_ament_install'
[8.992s] Level 1:colcon.colcon_core.package_identification:_identify(src/cpp07_exercise) by extensions ['colcon_pkg']
[8.992s] Level 1:colcon.colcon_core.package_identification:_identify(src/cpp07_exercise) by extension 'colcon_pkg'
[8.992s] Level 1:colcon.colcon_core.package_identification:_identify(src/cpp07_exercise) by extensions ['colcon_meta']
[8.992s] Level 1:colcon.colcon_core.package_identification:_identify(src/cpp07_exercise) by extension 'colcon_meta'
[8.992s] Level 1:colcon.colcon_core.package_identification:_identify(src/cpp07_exercise) by extensions ['ros']
[8.993s] Level 1:colcon.colcon_core.package_identification:_identify(src/cpp07_exercise) by extension 'ros'
[8.995s] DEBUG:colcon.colcon_core.package_identification:Package 'src/cpp07_exercise' with type 'ros.ament_cmake' and name 'cpp07_exercise'
[8.995s] Level 1:colcon.colcon_core.package_identification:_identify(src/py01_topic) by extensions ['ignore', 'ignore_ament_install']
[8.995s] Level 1:colcon.colcon_core.package_identification:_identify(src/py01_topic) by extension 'ignore'
[8.996s] Level 1:colcon.colcon_core.package_identification:_identify(src/py01_topic) by extension 'ignore_ament_install'
[8.996s] Level 1:colcon.colcon_core.package_identification:_identify(src/py01_topic) by extensions ['colcon_pkg']
[8.996s] Level 1:colcon.colcon_core.package_identification:_identify(src/py01_topic) by extension 'colcon_pkg'
[8.996s] Level 1:colcon.colcon_core.package_identification:_identify(src/py01_topic) by extensions ['colcon_meta']
[8.996s] Level 1:colcon.colcon_core.package_identification:_identify(src/py01_topic) by extension 'colcon_meta'
[8.996s] Level 1:colcon.colcon_core.package_identification:_identify(src/py01_topic) by extensions ['ros']
[8.997s] Level 1:colcon.colcon_core.package_identification:_identify(src/py01_topic) by extension 'ros'
[8.998s] DEBUG:colcon.colcon_core.package_identification:Package 'src/py01_topic' with type 'ros.ament_python' and name 'py01_topic'
[8.999s] Level 1:colcon.colcon_core.package_identification:_identify(src/py02_service) by extensions ['ignore', 'ignore_ament_install']
[8.999s] Level 1:colcon.colcon_core.package_identification:_identify(src/py02_service) by extension 'ignore'
[9.000s] Level 1:colcon.colcon_core.package_identification:_identify(src/py02_service) by extension 'ignore_ament_install'
[9.000s] Level 1:colcon.colcon_core.package_identification:_identify(src/py02_service) by extensions ['colcon_pkg']
[9.000s] Level 1:colcon.colcon_core.package_identification:_identify(src/py02_service) by extension 'colcon_pkg'
[9.000s] Level 1:colcon.colcon_core.package_identification:_identify(src/py02_service) by extensions ['colcon_meta']
[9.000s] Level 1:colcon.colcon_core.package_identification:_identify(src/py02_service) by extension 'colcon_meta'
[9.000s] Level 1:colcon.colcon_core.package_identification:_identify(src/py02_service) by extensions ['ros']
[9.000s] Level 1:colcon.colcon_core.package_identification:_identify(src/py02_service) by extension 'ros'
[9.002s] DEBUG:colcon.colcon_core.package_identification:Package 'src/py02_service' with type 'ros.ament_python' and name 'py02_service'
[9.002s] Level 1:colcon.colcon_core.package_identification:_identify(src/py03_action) by extensions ['ignore', 'ignore_ament_install']
[9.002s] Level 1:colcon.colcon_core.package_identification:_identify(src/py03_action) by extension 'ignore'
[9.002s] Level 1:colcon.colcon_core.package_identification:_identify(src/py03_action) by extension 'ignore_ament_install'
[9.002s] Level 1:colcon.colcon_core.package_identification:_identify(src/py03_action) by extensions ['colcon_pkg']
[9.002s] Level 1:colcon.colcon_core.package_identification:_identify(src/py03_action) by extension 'colcon_pkg'
[9.003s] Level 1:colcon.colcon_core.package_identification:_identify(src/py03_action) by extensions ['colcon_meta']
[9.003s] Level 1:colcon.colcon_core.package_identification:_identify(src/py03_action) by extension 'colcon_meta'
[9.003s] Level 1:colcon.colcon_core.package_identification:_identify(src/py03_action) by extensions ['ros']
[9.003s] Level 1:colcon.colcon_core.package_identification:_identify(src/py03_action) by extension 'ros'
[9.004s] DEBUG:colcon.colcon_core.package_identification:Package 'src/py03_action' with type 'ros.ament_python' and name 'py03_action'
[9.004s] Level 1:colcon.colcon_core.package_identification:_identify(src/py04_param) by extensions ['ignore', 'ignore_ament_install']
[9.005s] Level 1:colcon.colcon_core.package_identification:_identify(src/py04_param) by extension 'ignore'
[9.005s] Level 1:colcon.colcon_core.package_identification:_identify(src/py04_param) by extension 'ignore_ament_install'
[9.005s] Level 1:colcon.colcon_core.package_identification:_identify(src/py04_param) by extensions ['colcon_pkg']
[9.005s] Level 1:colcon.colcon_core.package_identification:_identify(src/py04_param) by extension 'colcon_pkg'
[9.005s] Level 1:colcon.colcon_core.package_identification:_identify(src/py04_param) by extensions ['colcon_meta']
[9.005s] Level 1:colcon.colcon_core.package_identification:_identify(src/py04_param) by extension 'colcon_meta'
[9.006s] Level 1:colcon.colcon_core.package_identification:_identify(src/py04_param) by extensions ['ros']
[9.006s] Level 1:colcon.colcon_core.package_identification:_identify(src/py04_param) by extension 'ros'
[9.025s] DEBUG:colcon.colcon_core.package_identification:Package 'src/py04_param' with type 'ros.ament_python' and name 'py04_param'
[9.026s] Level 1:colcon.colcon_core.package_identification:_identify(src/py05_names) by extensions ['ignore', 'ignore_ament_install']
[9.026s] Level 1:colcon.colcon_core.package_identification:_identify(src/py05_names) by extension 'ignore'
[9.026s] Level 1:colcon.colcon_core.package_identification:_identify(src/py05_names) by extension 'ignore_ament_install'
[9.026s] Level 1:colcon.colcon_core.package_identification:_identify(src/py05_names) by extensions ['colcon_pkg']
[9.026s] Level 1:colcon.colcon_core.package_identification:_identify(src/py05_names) by extension 'colcon_pkg'
[9.026s] Level 1:colcon.colcon_core.package_identification:_identify(src/py05_names) by extensions ['colcon_meta']
[9.027s] Level 1:colcon.colcon_core.package_identification:_identify(src/py05_names) by extension 'colcon_meta'
[9.027s] Level 1:colcon.colcon_core.package_identification:_identify(src/py05_names) by extensions ['ros']
[9.027s] Level 1:colcon.colcon_core.package_identification:_identify(src/py05_names) by extension 'ros'
[9.028s] DEBUG:colcon.colcon_core.package_identification:Package 'src/py05_names' with type 'ros.ament_python' and name 'py05_names'
[9.029s] Level 1:colcon.colcon_core.package_identification:_identify(src/py06_time) by extensions ['ignore', 'ignore_ament_install']
[9.029s] Level 1:colcon.colcon_core.package_identification:_identify(src/py06_time) by extension 'ignore'
[9.029s] Level 1:colcon.colcon_core.package_identification:_identify(src/py06_time) by extension 'ignore_ament_install'
[9.029s] Level 1:colcon.colcon_core.package_identification:_identify(src/py06_time) by extensions ['colcon_pkg']
[9.029s] Level 1:colcon.colcon_core.package_identification:_identify(src/py06_time) by extension 'colcon_pkg'
[9.029s] Level 1:colcon.colcon_core.package_identification:_identify(src/py06_time) by extensions ['colcon_meta']
[9.029s] Level 1:colcon.colcon_core.package_identification:_identify(src/py06_time) by extension 'colcon_meta'
[9.030s] Level 1:colcon.colcon_core.package_identification:_identify(src/py06_time) by extensions ['ros']
[9.030s] Level 1:colcon.colcon_core.package_identification:_identify(src/py06_time) by extension 'ros'
[9.031s] DEBUG:colcon.colcon_core.package_identification:Package 'src/py06_time' with type 'ros.ament_python' and name 'py06_time'
[9.031s] Level 1:colcon.colcon_core.package_identification:_identify(src/tutorails_plumbing) by extensions ['ignore', 'ignore_ament_install']
[9.031s] Level 1:colcon.colcon_core.package_identification:_identify(src/tutorails_plumbing) by extension 'ignore'
[9.032s] Level 1:colcon.colcon_core.package_identification:_identify(src/tutorails_plumbing) by extension 'ignore_ament_install'
[9.032s] Level 1:colcon.colcon_core.package_identification:_identify(src/tutorails_plumbing) by extensions ['colcon_pkg']
[9.032s] Level 1:colcon.colcon_core.package_identification:_identify(src/tutorails_plumbing) by extension 'colcon_pkg'
[9.032s] Level 1:colcon.colcon_core.package_identification:_identify(src/tutorails_plumbing) by extensions ['colcon_meta']
[9.032s] Level 1:colcon.colcon_core.package_identification:_identify(src/tutorails_plumbing) by extension 'colcon_meta'
[9.032s] Level 1:colcon.colcon_core.package_identification:_identify(src/tutorails_plumbing) by extensions ['ros']
[9.032s] Level 1:colcon.colcon_core.package_identification:_identify(src/tutorails_plumbing) by extension 'ros'
[9.034s] DEBUG:colcon.colcon_core.package_identification:Package 'src/tutorails_plumbing' with type 'ros.ament_cmake' and name 'tutorails_plumbing'
[9.034s] Level 1:colcon.colcon_core.package_discovery:discover_packages(recursive) using defaults
[9.035s] Level 1:colcon.colcon_core.package_discovery:discover_packages(ignore) discover
[9.035s] Level 1:colcon.colcon_core.package_discovery:discover_packages(ignore) using defaults
[9.035s] Level 1:colcon.colcon_core.package_discovery:discover_packages(path) discover
[9.035s] Level 1:colcon.colcon_core.package_discovery:discover_packages(path) using defaults
[9.228s] INFO:colcon.colcon_core.package_selection:Skipping not selected package 'cpp04_param' in 'src/cpp04_param'
[9.229s] INFO:colcon.colcon_core.package_selection:Skipping not selected package 'cpp05_names' in 'src/cpp05_names'
[9.229s] INFO:colcon.colcon_core.package_selection:Skipping not selected package 'cpp06_time' in 'src/cpp06_time'
[9.229s] INFO:colcon.colcon_core.package_selection:Skipping not selected package 'py04_param' in 'src/py04_param'
[9.229s] INFO:colcon.colcon_core.package_selection:Skipping not selected package 'py05_names' in 'src/py05_names'
[9.229s] INFO:colcon.colcon_core.package_selection:Skipping not selected package 'py06_time' in 'src/py06_time'
[9.229s] INFO:colcon.colcon_core.package_selection:Skipping not selected package 'cpp01_topic' in 'src/cpp01_topic'
[9.229s] INFO:colcon.colcon_core.package_selection:Skipping not selected package 'cpp02_service' in 'src/cpp02_service'
[9.229s] INFO:colcon.colcon_core.package_selection:Skipping not selected package 'cpp03_action' in 'src/cpp03_action'
[9.229s] INFO:colcon.colcon_core.package_selection:Skipping not selected package 'cpp07_exercise' in 'src/cpp07_exercise'
[9.229s] INFO:colcon.colcon_core.package_selection:Skipping not selected package 'py01_topic' in 'src/py01_topic'
[9.229s] INFO:colcon.colcon_core.package_selection:Skipping not selected package 'py02_service' in 'src/py02_service'
[9.229s] INFO:colcon.colcon_core.package_selection:Skipping not selected package 'py03_action' in 'src/py03_action'
[9.229s] INFO:colcon.colcon_core.package_selection:Skipping not selected package 'tutorails_plumbing' in 'src/tutorails_plumbing'
[9.231s] Level 1:colcon.colcon_core.package_discovery:discover_packages(prefix_path) check parameters
[9.231s] Level 1:colcon.colcon_core.package_discovery:discover_packages(prefix_path) discover
[9.243s] DEBUG:colcon.colcon_installed_package_information.package_discovery:Found 325 installed packages in /opt/ros/humble
[9.245s] Level 1:colcon.colcon_core.package_discovery:discover_packages(prefix_path) using defaults
[9.353s] Level 5:colcon.colcon_core.verb:set package 'base_interfaces_demo' build argument 'cmake_args' from command line to 'None'
[9.353s] Level 5:colcon.colcon_core.verb:set package 'base_interfaces_demo' build argument 'cmake_target' from command line to 'None'
[9.354s] Level 5:colcon.colcon_core.verb:set package 'base_interfaces_demo' build argument 'cmake_target_skip_unavailable' from command line to 'False'
[9.354s] Level 5:colcon.colcon_core.verb:set package 'base_interfaces_demo' build argument 'cmake_clean_cache' from command line to 'False'
[9.354s] Level 5:colcon.colcon_core.verb:set package 'base_interfaces_demo' build argument 'cmake_clean_first' from command line to 'False'
[9.354s] Level 5:colcon.colcon_core.verb:set package 'base_interfaces_demo' build argument 'cmake_force_configure' from command line to 'False'
[9.354s] Level 5:colcon.colcon_core.verb:set package 'base_interfaces_demo' build argument 'ament_cmake_args' from command line to 'None'
[9.354s] Level 5:colcon.colcon_core.verb:set package 'base_interfaces_demo' build argument 'catkin_cmake_args' from command line to 'None'
[9.354s] Level 5:colcon.colcon_core.verb:set package 'base_interfaces_demo' build argument 'catkin_skip_building_tests' from command line to 'False'
[9.354s] DEBUG:colcon.colcon_core.verb:Building package 'base_interfaces_demo' with the following arguments: {'ament_cmake_args': None, 'build_base': '/home/zzw/ws01_plumbing/build/base_interfaces_demo', 'catkin_cmake_args': None, 'catkin_skip_building_tests': False, 'cmake_args': None, 'cmake_clean_cache': False, 'cmake_clean_first': False, 'cmake_force_configure': False, 'cmake_target': None, 'cmake_target_skip_unavailable': False, 'install_base': '/home/zzw/ws01_plumbing/install/base_interfaces_demo', 'merge_install': False, 'path': '/home/zzw/ws01_plumbing/src/base_interfaces_demo', 'symlink_install': False, 'test_result_base': None}
[9.355s] INFO:colcon.colcon_core.executor:Executing jobs using 'parallel' executor
[9.360s] DEBUG:colcon.colcon_parallel_executor.executor.parallel:run_until_complete
[9.361s] INFO:colcon.colcon_ros.task.ament_cmake.build:Building ROS package in '/home/zzw/ws01_plumbing/src/base_interfaces_demo' with build type 'ament_cmake'
[9.361s] INFO:colcon.colcon_cmake.task.cmake.build:Building CMake package in '/home/zzw/ws01_plumbing/src/base_interfaces_demo'
[9.395s] INFO:colcon.colcon_core.plugin_system:Skipping extension 'colcon_core.shell.bat': Not used on non-Windows systems
[9.395s] INFO:colcon.colcon_core.shell:Skip shell extension 'powershell' for command environment: Not usable outside of PowerShell
[9.395s] DEBUG:colcon.colcon_core.shell:Skip shell extension 'dsv' for command environment
[9.485s] DEBUG:colcon.colcon_core.event_handler.log_command:Invoking command in '/home/zzw/ws01_plumbing/build/base_interfaces_demo': CMAKE_PREFIX_PATH=/opt/ros/humble /usr/bin/cmake --build /home/zzw/ws01_plumbing/build/base_interfaces_demo -- -j8 -l8
[33.388s] DEBUG:colcon.colcon_core.event_handler.log_command:Invoked command in '/home/zzw/ws01_plumbing/build/base_interfaces_demo' returned '0': CMAKE_PREFIX_PATH=/opt/ros/humble /usr/bin/cmake --build /home/zzw/ws01_plumbing/build/base_interfaces_demo -- -j8 -l8
[33.625s] DEBUG:colcon.colcon_core.event_handler.log_command:Invoking command in '/home/zzw/ws01_plumbing/build/base_interfaces_demo': CMAKE_PREFIX_PATH=/opt/ros/humble /usr/bin/cmake --install /home/zzw/ws01_plumbing/build/base_interfaces_demo
[33.982s] Level 1:colcon.colcon_core.environment:create_environment_scripts_only(base_interfaces_demo)
[33.984s] DEBUG:colcon.colcon_core.event_handler.log_command:Invoked command in '/home/zzw/ws01_plumbing/build/base_interfaces_demo' returned '0': CMAKE_PREFIX_PATH=/opt/ros/humble /usr/bin/cmake --install /home/zzw/ws01_plumbing/build/base_interfaces_demo
[34.171s] Level 1:colcon.colcon_core.environment:checking '/home/zzw/ws01_plumbing/install/base_interfaces_demo' for CMake module files
[34.172s] Level 1:colcon.colcon_core.environment:checking '/home/zzw/ws01_plumbing/install/base_interfaces_demo' for CMake config files
[34.173s] Level 1:colcon.colcon_core.shell:create_environment_hook('base_interfaces_demo', 'cmake_prefix_path')
[34.176s] INFO:colcon.colcon_core.shell:Creating environment hook '/home/zzw/ws01_plumbing/install/base_interfaces_demo/share/base_interfaces_demo/hook/cmake_prefix_path.ps1'
[34.200s] INFO:colcon.colcon_core.shell:Creating environment descriptor '/home/zzw/ws01_plumbing/install/base_interfaces_demo/share/base_interfaces_demo/hook/cmake_prefix_path.dsv'
[34.220s] INFO:colcon.colcon_core.shell:Creating environment hook '/home/zzw/ws01_plumbing/install/base_interfaces_demo/share/base_interfaces_demo/hook/cmake_prefix_path.sh'
[34.223s] Level 1:colcon.colcon_core.environment:checking '/home/zzw/ws01_plumbing/install/base_interfaces_demo/lib'
[34.224s] Level 1:colcon.colcon_core.shell:create_environment_hook('base_interfaces_demo', 'ld_library_path_lib')
[34.228s] INFO:colcon.colcon_core.shell:Creating environment hook '/home/zzw/ws01_plumbing/install/base_interfaces_demo/share/base_interfaces_demo/hook/ld_library_path_lib.ps1'
[34.229s] INFO:colcon.colcon_core.shell:Creating environment descriptor '/home/zzw/ws01_plumbing/install/base_interfaces_demo/share/base_interfaces_demo/hook/ld_library_path_lib.dsv'
[34.230s] INFO:colcon.colcon_core.shell:Creating environment hook '/home/zzw/ws01_plumbing/install/base_interfaces_demo/share/base_interfaces_demo/hook/ld_library_path_lib.sh'
[34.231s] Level 1:colcon.colcon_core.environment:checking '/home/zzw/ws01_plumbing/install/base_interfaces_demo/bin'
[34.231s] Level 1:colcon.colcon_core.environment:checking '/home/zzw/ws01_plumbing/install/base_interfaces_demo/lib/pkgconfig/base_interfaces_demo.pc'
[34.232s] Level 1:colcon.colcon_core.environment:checking '/home/zzw/ws01_plumbing/install/base_interfaces_demo/lib/python3.10/site-packages'
[34.232s] Level 1:colcon.colcon_core.environment:checking '/home/zzw/ws01_plumbing/install/base_interfaces_demo/bin'
[34.235s] INFO:colcon.colcon_core.shell:Creating package script '/home/zzw/ws01_plumbing/install/base_interfaces_demo/share/base_interfaces_demo/package.ps1'
[34.238s] INFO:colcon.colcon_core.shell:Creating package descriptor '/home/zzw/ws01_plumbing/install/base_interfaces_demo/share/base_interfaces_demo/package.dsv'
[34.240s] INFO:colcon.colcon_core.shell:Creating package script '/home/zzw/ws01_plumbing/install/base_interfaces_demo/share/base_interfaces_demo/package.sh'
[34.242s] INFO:colcon.colcon_core.shell:Creating package script '/home/zzw/ws01_plumbing/install/base_interfaces_demo/share/base_interfaces_demo/package.bash'
[34.263s] INFO:colcon.colcon_core.shell:Creating package script '/home/zzw/ws01_plumbing/install/base_interfaces_demo/share/base_interfaces_demo/package.zsh'
[34.281s] Level 1:colcon.colcon_core.environment:create_file_with_runtime_dependencies(/home/zzw/ws01_plumbing/install/base_interfaces_demo/share/colcon-core/packages/base_interfaces_demo)
[34.466s] Level 1:colcon.colcon_core.environment:create_environment_scripts_only(base_interfaces_demo)
[34.470s] Level 1:colcon.colcon_core.environment:checking '/home/zzw/ws01_plumbing/install/base_interfaces_demo' for CMake module files
[34.472s] Level 1:colcon.colcon_core.environment:checking '/home/zzw/ws01_plumbing/install/base_interfaces_demo' for CMake config files
[34.472s] Level 1:colcon.colcon_core.shell:create_environment_hook('base_interfaces_demo', 'cmake_prefix_path')
[34.476s] INFO:colcon.colcon_core.shell:Creating environment hook '/home/zzw/ws01_plumbing/install/base_interfaces_demo/share/base_interfaces_demo/hook/cmake_prefix_path.ps1'
[34.477s] INFO:colcon.colcon_core.shell:Creating environment descriptor '/home/zzw/ws01_plumbing/install/base_interfaces_demo/share/base_interfaces_demo/hook/cmake_prefix_path.dsv'
[34.478s] INFO:colcon.colcon_core.shell:Creating environment hook '/home/zzw/ws01_plumbing/install/base_interfaces_demo/share/base_interfaces_demo/hook/cmake_prefix_path.sh'
[34.479s] Level 1:colcon.colcon_core.environment:checking '/home/zzw/ws01_plumbing/install/base_interfaces_demo/lib'
[34.480s] Level 1:colcon.colcon_core.shell:create_environment_hook('base_interfaces_demo', 'ld_library_path_lib')
[34.483s] INFO:colcon.colcon_core.shell:Creating environment hook '/home/zzw/ws01_plumbing/install/base_interfaces_demo/share/base_interfaces_demo/hook/ld_library_path_lib.ps1'
[34.484s] INFO:colcon.colcon_core.shell:Creating environment descriptor '/home/zzw/ws01_plumbing/install/base_interfaces_demo/share/base_interfaces_demo/hook/ld_library_path_lib.dsv'
[34.485s] INFO:colcon.colcon_core.shell:Creating environment hook '/home/zzw/ws01_plumbing/install/base_interfaces_demo/share/base_interfaces_demo/hook/ld_library_path_lib.sh'
[34.486s] Level 1:colcon.colcon_core.environment:checking '/home/zzw/ws01_plumbing/install/base_interfaces_demo/bin'
[34.486s] Level 1:colcon.colcon_core.environment:checking '/home/zzw/ws01_plumbing/install/base_interfaces_demo/lib/pkgconfig/base_interfaces_demo.pc'
[34.487s] Level 1:colcon.colcon_core.environment:checking '/home/zzw/ws01_plumbing/install/base_interfaces_demo/lib/python3.10/site-packages'
[34.487s] Level 1:colcon.colcon_core.environment:checking '/home/zzw/ws01_plumbing/install/base_interfaces_demo/bin'
[34.490s] INFO:colcon.colcon_core.shell:Creating package script '/home/zzw/ws01_plumbing/install/base_interfaces_demo/share/base_interfaces_demo/package.ps1'
[34.491s] INFO:colcon.colcon_core.shell:Creating package descriptor '/home/zzw/ws01_plumbing/install/base_interfaces_demo/share/base_interfaces_demo/package.dsv'
[34.492s] INFO:colcon.colcon_core.shell:Creating package script '/home/zzw/ws01_plumbing/install/base_interfaces_demo/share/base_interfaces_demo/package.sh'
[34.494s] INFO:colcon.colcon_core.shell:Creating package script '/home/zzw/ws01_plumbing/install/base_interfaces_demo/share/base_interfaces_demo/package.bash'
[34.495s] INFO:colcon.colcon_core.shell:Creating package script '/home/zzw/ws01_plumbing/install/base_interfaces_demo/share/base_interfaces_demo/package.zsh'
[34.496s] Level 1:colcon.colcon_core.environment:create_file_with_runtime_dependencies(/home/zzw/ws01_plumbing/install/base_interfaces_demo/share/colcon-core/packages/base_interfaces_demo)
[34.497s] DEBUG:colcon.colcon_parallel_executor.executor.parallel:closing loop
[34.498s] DEBUG:colcon.colcon_parallel_executor.executor.parallel:loop closed
[34.499s] DEBUG:colcon.colcon_parallel_executor.executor.parallel:run_until_complete finished with '0'
[34.500s] DEBUG:colcon.colcon_core.event_reactor:joining thread
[34.602s] INFO:colcon.colcon_core.plugin_system:Skipping extension 'colcon_notification.desktop_notification.terminal_notifier': Not used on non-Darwin systems
[34.602s] INFO:colcon.colcon_core.plugin_system:Skipping extension 'colcon_notification.desktop_notification.win32': Not used on non-Windows systems
[34.602s] INFO:colcon.colcon_notification.desktop_notification:Sending desktop notification using 'notify2'
