[3.545s] Invoking command in '/home/zzw/ws01_plumbing/src/py04_param': PYTHONPATH=/home/zzw/ws01_plumbing/build/py04_param/prefix_override:/home/zzw/ws01_plumbing/install/py04_param/lib/python3.10/site-packages:${PYTHONPATH} /usr/bin/python3 setup.py egg_info --egg-base ../../build/py04_param build --build-base /home/zzw/ws01_plumbing/build/py04_param/build install --record /home/zzw/ws01_plumbing/build/py04_param/install.log --single-version-externally-managed
[4.179s] running egg_info
[4.183s] writing ../../build/py04_param/py04_param.egg-info/PKG-INFO
[4.184s] writing dependency_links to ../../build/py04_param/py04_param.egg-info/dependency_links.txt
[4.185s] writing entry points to ../../build/py04_param/py04_param.egg-info/entry_points.txt
[4.189s] writing requirements to ../../build/py04_param/py04_param.egg-info/requires.txt
[4.189s] writing top-level names to ../../build/py04_param/py04_param.egg-info/top_level.txt
[4.194s] reading manifest file '../../build/py04_param/py04_param.egg-info/SOURCES.txt'
[4.217s] writing manifest file '../../build/py04_param/py04_param.egg-info/SOURCES.txt'
[4.219s] running build
[4.223s] running build_py
[4.227s] running install
[4.227s] /usr/lib/python3/dist-packages/setuptools/command/install.py:34: SetuptoolsDeprecationWarning: setup.py install is deprecated. Use build and pip and other standards-based tools.
[4.228s]   warnings.warn(
[4.228s] running install_lib
[4.229s] running install_data
[4.230s] running install_egg_info
[4.231s] removing '/home/zzw/ws01_plumbing/install/py04_param/lib/python3.10/site-packages/py04_param-0.0.0-py3.10.egg-info' (and everything under it)
[4.232s] Copying ../../build/py04_param/py04_param.egg-info to /home/zzw/ws01_plumbing/install/py04_param/lib/python3.10/site-packages/py04_param-0.0.0-py3.10.egg-info
[4.242s] running install_scripts
[4.353s] Installing demo00_param_py script to /home/zzw/ws01_plumbing/install/py04_param/lib/py04_param
[4.355s] Installing demo01_param_server_py script to /home/zzw/ws01_plumbing/install/py04_param/lib/py04_param
[4.357s] Installing demo02_param_client_py script to /home/zzw/ws01_plumbing/install/py04_param/lib/py04_param
[4.359s] writing list of installed files to '/home/zzw/ws01_plumbing/build/py04_param/install.log'
[4.571s] Invoked command in '/home/zzw/ws01_plumbing/src/py04_param' returned '0': PYTHONPATH=/home/zzw/ws01_plumbing/build/py04_param/prefix_override:/home/zzw/ws01_plumbing/install/py04_param/lib/python3.10/site-packages:${PYTHONPATH} /usr/bin/python3 setup.py egg_info --egg-base ../../build/py04_param build --build-base /home/zzw/ws01_plumbing/build/py04_param/build install --record /home/zzw/ws01_plumbing/build/py04_param/install.log --single-version-externally-managed
