[20.070s] DEBUG:colcon:Command line arguments: ['/usr/bin/colcon', 'build', '--packages-select', 'cpp07_exercise']
[20.070s] DEBUG:colcon:Parsed command line arguments: Namespace(log_base=None, log_level=None, verb_name='build', build_base='build', install_base='install', merge_install=False, symlink_install=False, test_result_base=None, continue_on_error=False, executor='parallel', parallel_workers=8, event_handlers=None, ignore_user_meta=False, metas=['./colcon.meta'], base_paths=['.'], packages_ignore=None, packages_ignore_regex=None, paths=None, packages_up_to=None, packages_up_to_regex=None, packages_above=None, packages_above_and_dependencies=None, packages_above_depth=None, packages_select_by_dep=None, packages_skip_by_dep=None, packages_skip_up_to=None, packages_select_build_failed=False, packages_skip_build_finished=False, packages_select_test_failures=False, packages_skip_test_passed=False, packages_select=['cpp07_exercise'], packages_skip=None, packages_select_regex=None, packages_skip_regex=None, packages_start=None, packages_end=None, allow_overriding=[], cmake_args=None, cmake_target=None, cmake_target_skip_unavailable=False, cmake_clean_cache=False, cmake_clean_first=False, cmake_force_configure=False, ament_cmake_args=None, catkin_cmake_args=None, catkin_skip_building_tests=False, verb_parser=<colcon_defaults.argument_parser.defaults.DefaultArgumentsDecorator object at 0x7f7cdb9a45b0>, verb_extension=<colcon_core.verb.build.BuildVerb object at 0x7f7cdc31c520>, main=<bound method BuildVerb.main of <colcon_core.verb.build.BuildVerb object at 0x7f7cdc31c520>>)
[21.374s] Level 1:colcon.colcon_core.package_discovery:discover_packages(colcon_meta) check parameters
[21.375s] Level 1:colcon.colcon_core.package_discovery:discover_packages(recursive) check parameters
[21.375s] Level 1:colcon.colcon_core.package_discovery:discover_packages(ignore) check parameters
[21.375s] Level 1:colcon.colcon_core.package_discovery:discover_packages(path) check parameters
[21.375s] Level 1:colcon.colcon_core.package_discovery:discover_packages(colcon_meta) discover
[21.375s] Level 1:colcon.colcon_core.package_discovery:discover_packages(recursive) discover
[21.375s] INFO:colcon.colcon_core.package_discovery:Crawling recursively for packages in '/home/zzw/ws01_plumbing'
[21.375s] Level 1:colcon.colcon_core.package_identification:_identify(.) by extensions ['ignore', 'ignore_ament_install']
[21.376s] Level 1:colcon.colcon_core.package_identification:_identify(.) by extension 'ignore'
[21.376s] Level 1:colcon.colcon_core.package_identification:_identify(.) by extension 'ignore_ament_install'
[21.376s] Level 1:colcon.colcon_core.package_identification:_identify(.) by extensions ['colcon_pkg']
[21.376s] Level 1:colcon.colcon_core.package_identification:_identify(.) by extension 'colcon_pkg'
[21.377s] Level 1:colcon.colcon_core.package_identification:_identify(.) by extensions ['colcon_meta']
[21.377s] Level 1:colcon.colcon_core.package_identification:_identify(.) by extension 'colcon_meta'
[21.377s] Level 1:colcon.colcon_core.package_identification:_identify(.) by extensions ['ros']
[21.377s] Level 1:colcon.colcon_core.package_identification:_identify(.) by extension 'ros'
[21.586s] Level 1:colcon.colcon_core.package_identification:_identify(.) by extensions ['cmake', 'python']
[21.587s] Level 1:colcon.colcon_core.package_identification:_identify(.) by extension 'cmake'
[21.587s] Level 1:colcon.colcon_core.package_identification:_identify(.) by extension 'python'
[21.587s] Level 1:colcon.colcon_core.package_identification:_identify(.) by extensions ['python_setup_py']
[21.587s] Level 1:colcon.colcon_core.package_identification:_identify(.) by extension 'python_setup_py'
[21.587s] Level 1:colcon.colcon_core.package_identification:_identify(build) by extensions ['ignore', 'ignore_ament_install']
[21.587s] Level 1:colcon.colcon_core.package_identification:_identify(build) by extension 'ignore'
[21.587s] Level 1:colcon.colcon_core.package_identification:_identify(build) ignored
[21.587s] Level 1:colcon.colcon_core.package_identification:_identify(install) by extensions ['ignore', 'ignore_ament_install']
[21.588s] Level 1:colcon.colcon_core.package_identification:_identify(install) by extension 'ignore'
[21.588s] Level 1:colcon.colcon_core.package_identification:_identify(install) ignored
[21.588s] Level 1:colcon.colcon_core.package_identification:_identify(log) by extensions ['ignore', 'ignore_ament_install']
[21.588s] Level 1:colcon.colcon_core.package_identification:_identify(log) by extension 'ignore'
[21.588s] Level 1:colcon.colcon_core.package_identification:_identify(log) ignored
[21.588s] Level 1:colcon.colcon_core.package_identification:_identify(src) by extensions ['ignore', 'ignore_ament_install']
[21.588s] Level 1:colcon.colcon_core.package_identification:_identify(src) by extension 'ignore'
[21.588s] Level 1:colcon.colcon_core.package_identification:_identify(src) by extension 'ignore_ament_install'
[21.589s] Level 1:colcon.colcon_core.package_identification:_identify(src) by extensions ['colcon_pkg']
[21.589s] Level 1:colcon.colcon_core.package_identification:_identify(src) by extension 'colcon_pkg'
[21.589s] Level 1:colcon.colcon_core.package_identification:_identify(src) by extensions ['colcon_meta']
[21.589s] Level 1:colcon.colcon_core.package_identification:_identify(src) by extension 'colcon_meta'
[21.589s] Level 1:colcon.colcon_core.package_identification:_identify(src) by extensions ['ros']
[21.589s] Level 1:colcon.colcon_core.package_identification:_identify(src) by extension 'ros'
[21.589s] Level 1:colcon.colcon_core.package_identification:_identify(src) by extensions ['cmake', 'python']
[21.589s] Level 1:colcon.colcon_core.package_identification:_identify(src) by extension 'cmake'
[21.589s] Level 1:colcon.colcon_core.package_identification:_identify(src) by extension 'python'
[21.589s] Level 1:colcon.colcon_core.package_identification:_identify(src) by extensions ['python_setup_py']
[21.589s] Level 1:colcon.colcon_core.package_identification:_identify(src) by extension 'python_setup_py'
[21.612s] Level 1:colcon.colcon_core.package_identification:_identify(src/base_interfaces_demo) by extensions ['ignore', 'ignore_ament_install']
[21.612s] Level 1:colcon.colcon_core.package_identification:_identify(src/base_interfaces_demo) by extension 'ignore'
[21.612s] Level 1:colcon.colcon_core.package_identification:_identify(src/base_interfaces_demo) by extension 'ignore_ament_install'
[21.612s] Level 1:colcon.colcon_core.package_identification:_identify(src/base_interfaces_demo) by extensions ['colcon_pkg']
[21.612s] Level 1:colcon.colcon_core.package_identification:_identify(src/base_interfaces_demo) by extension 'colcon_pkg'
[21.613s] Level 1:colcon.colcon_core.package_identification:_identify(src/base_interfaces_demo) by extensions ['colcon_meta']
[21.613s] Level 1:colcon.colcon_core.package_identification:_identify(src/base_interfaces_demo) by extension 'colcon_meta'
[21.613s] Level 1:colcon.colcon_core.package_identification:_identify(src/base_interfaces_demo) by extensions ['ros']
[21.613s] Level 1:colcon.colcon_core.package_identification:_identify(src/base_interfaces_demo) by extension 'ros'
[21.661s] DEBUG:colcon.colcon_core.package_identification:Package 'src/base_interfaces_demo' with type 'ros.ament_cmake' and name 'base_interfaces_demo'
[21.684s] Level 1:colcon.colcon_core.package_identification:_identify(src/cpp01_topic) by extensions ['ignore', 'ignore_ament_install']
[21.684s] Level 1:colcon.colcon_core.package_identification:_identify(src/cpp01_topic) by extension 'ignore'
[21.685s] Level 1:colcon.colcon_core.package_identification:_identify(src/cpp01_topic) by extension 'ignore_ament_install'
[21.685s] Level 1:colcon.colcon_core.package_identification:_identify(src/cpp01_topic) by extensions ['colcon_pkg']
[21.685s] Level 1:colcon.colcon_core.package_identification:_identify(src/cpp01_topic) by extension 'colcon_pkg'
[21.685s] Level 1:colcon.colcon_core.package_identification:_identify(src/cpp01_topic) by extensions ['colcon_meta']
[21.685s] Level 1:colcon.colcon_core.package_identification:_identify(src/cpp01_topic) by extension 'colcon_meta'
[21.686s] Level 1:colcon.colcon_core.package_identification:_identify(src/cpp01_topic) by extensions ['ros']
[21.686s] Level 1:colcon.colcon_core.package_identification:_identify(src/cpp01_topic) by extension 'ros'
[21.707s] DEBUG:colcon.colcon_core.package_identification:Package 'src/cpp01_topic' with type 'ros.ament_cmake' and name 'cpp01_topic'
[21.707s] Level 1:colcon.colcon_core.package_identification:_identify(src/cpp02_service) by extensions ['ignore', 'ignore_ament_install']
[21.708s] Level 1:colcon.colcon_core.package_identification:_identify(src/cpp02_service) by extension 'ignore'
[21.708s] Level 1:colcon.colcon_core.package_identification:_identify(src/cpp02_service) by extension 'ignore_ament_install'
[21.709s] Level 1:colcon.colcon_core.package_identification:_identify(src/cpp02_service) by extensions ['colcon_pkg']
[21.709s] Level 1:colcon.colcon_core.package_identification:_identify(src/cpp02_service) by extension 'colcon_pkg'
[21.709s] Level 1:colcon.colcon_core.package_identification:_identify(src/cpp02_service) by extensions ['colcon_meta']
[21.710s] Level 1:colcon.colcon_core.package_identification:_identify(src/cpp02_service) by extension 'colcon_meta'
[21.710s] Level 1:colcon.colcon_core.package_identification:_identify(src/cpp02_service) by extensions ['ros']
[21.710s] Level 1:colcon.colcon_core.package_identification:_identify(src/cpp02_service) by extension 'ros'
[21.716s] DEBUG:colcon.colcon_core.package_identification:Package 'src/cpp02_service' with type 'ros.ament_cmake' and name 'cpp02_service'
[21.716s] Level 1:colcon.colcon_core.package_identification:_identify(src/cpp03_action) by extensions ['ignore', 'ignore_ament_install']
[21.717s] Level 1:colcon.colcon_core.package_identification:_identify(src/cpp03_action) by extension 'ignore'
[21.717s] Level 1:colcon.colcon_core.package_identification:_identify(src/cpp03_action) by extension 'ignore_ament_install'
[21.717s] Level 1:colcon.colcon_core.package_identification:_identify(src/cpp03_action) by extensions ['colcon_pkg']
[21.717s] Level 1:colcon.colcon_core.package_identification:_identify(src/cpp03_action) by extension 'colcon_pkg'
[21.717s] Level 1:colcon.colcon_core.package_identification:_identify(src/cpp03_action) by extensions ['colcon_meta']
[21.717s] Level 1:colcon.colcon_core.package_identification:_identify(src/cpp03_action) by extension 'colcon_meta'
[21.717s] Level 1:colcon.colcon_core.package_identification:_identify(src/cpp03_action) by extensions ['ros']
[21.717s] Level 1:colcon.colcon_core.package_identification:_identify(src/cpp03_action) by extension 'ros'
[21.731s] DEBUG:colcon.colcon_core.package_identification:Package 'src/cpp03_action' with type 'ros.ament_cmake' and name 'cpp03_action'
[21.752s] Level 1:colcon.colcon_core.package_identification:_identify(src/cpp04_param) by extensions ['ignore', 'ignore_ament_install']
[21.753s] Level 1:colcon.colcon_core.package_identification:_identify(src/cpp04_param) by extension 'ignore'
[21.753s] Level 1:colcon.colcon_core.package_identification:_identify(src/cpp04_param) by extension 'ignore_ament_install'
[21.753s] Level 1:colcon.colcon_core.package_identification:_identify(src/cpp04_param) by extensions ['colcon_pkg']
[21.753s] Level 1:colcon.colcon_core.package_identification:_identify(src/cpp04_param) by extension 'colcon_pkg'
[21.754s] Level 1:colcon.colcon_core.package_identification:_identify(src/cpp04_param) by extensions ['colcon_meta']
[21.754s] Level 1:colcon.colcon_core.package_identification:_identify(src/cpp04_param) by extension 'colcon_meta'
[21.754s] Level 1:colcon.colcon_core.package_identification:_identify(src/cpp04_param) by extensions ['ros']
[21.754s] Level 1:colcon.colcon_core.package_identification:_identify(src/cpp04_param) by extension 'ros'
[21.771s] DEBUG:colcon.colcon_core.package_identification:Package 'src/cpp04_param' with type 'ros.ament_cmake' and name 'cpp04_param'
[21.789s] Level 1:colcon.colcon_core.package_identification:_identify(src/cpp05_names) by extensions ['ignore', 'ignore_ament_install']
[21.789s] Level 1:colcon.colcon_core.package_identification:_identify(src/cpp05_names) by extension 'ignore'
[21.789s] Level 1:colcon.colcon_core.package_identification:_identify(src/cpp05_names) by extension 'ignore_ament_install'
[21.789s] Level 1:colcon.colcon_core.package_identification:_identify(src/cpp05_names) by extensions ['colcon_pkg']
[21.789s] Level 1:colcon.colcon_core.package_identification:_identify(src/cpp05_names) by extension 'colcon_pkg'
[21.789s] Level 1:colcon.colcon_core.package_identification:_identify(src/cpp05_names) by extensions ['colcon_meta']
[21.789s] Level 1:colcon.colcon_core.package_identification:_identify(src/cpp05_names) by extension 'colcon_meta'
[21.790s] Level 1:colcon.colcon_core.package_identification:_identify(src/cpp05_names) by extensions ['ros']
[21.790s] Level 1:colcon.colcon_core.package_identification:_identify(src/cpp05_names) by extension 'ros'
[21.798s] DEBUG:colcon.colcon_core.package_identification:Package 'src/cpp05_names' with type 'ros.ament_cmake' and name 'cpp05_names'
[21.811s] Level 1:colcon.colcon_core.package_identification:_identify(src/cpp06_time) by extensions ['ignore', 'ignore_ament_install']
[21.811s] Level 1:colcon.colcon_core.package_identification:_identify(src/cpp06_time) by extension 'ignore'
[21.811s] Level 1:colcon.colcon_core.package_identification:_identify(src/cpp06_time) by extension 'ignore_ament_install'
[21.811s] Level 1:colcon.colcon_core.package_identification:_identify(src/cpp06_time) by extensions ['colcon_pkg']
[21.811s] Level 1:colcon.colcon_core.package_identification:_identify(src/cpp06_time) by extension 'colcon_pkg'
[21.812s] Level 1:colcon.colcon_core.package_identification:_identify(src/cpp06_time) by extensions ['colcon_meta']
[21.812s] Level 1:colcon.colcon_core.package_identification:_identify(src/cpp06_time) by extension 'colcon_meta'
[21.812s] Level 1:colcon.colcon_core.package_identification:_identify(src/cpp06_time) by extensions ['ros']
[21.812s] Level 1:colcon.colcon_core.package_identification:_identify(src/cpp06_time) by extension 'ros'
[21.826s] DEBUG:colcon.colcon_core.package_identification:Package 'src/cpp06_time' with type 'ros.ament_cmake' and name 'cpp06_time'
[21.826s] Level 1:colcon.colcon_core.package_identification:_identify(src/cpp07_exercise) by extensions ['ignore', 'ignore_ament_install']
[21.826s] Level 1:colcon.colcon_core.package_identification:_identify(src/cpp07_exercise) by extension 'ignore'
[21.827s] Level 1:colcon.colcon_core.package_identification:_identify(src/cpp07_exercise) by extension 'ignore_ament_install'
[21.827s] Level 1:colcon.colcon_core.package_identification:_identify(src/cpp07_exercise) by extensions ['colcon_pkg']
[21.827s] Level 1:colcon.colcon_core.package_identification:_identify(src/cpp07_exercise) by extension 'colcon_pkg'
[21.827s] Level 1:colcon.colcon_core.package_identification:_identify(src/cpp07_exercise) by extensions ['colcon_meta']
[21.827s] Level 1:colcon.colcon_core.package_identification:_identify(src/cpp07_exercise) by extension 'colcon_meta'
[21.827s] Level 1:colcon.colcon_core.package_identification:_identify(src/cpp07_exercise) by extensions ['ros']
[21.827s] Level 1:colcon.colcon_core.package_identification:_identify(src/cpp07_exercise) by extension 'ros'
[21.853s] DEBUG:colcon.colcon_core.package_identification:Package 'src/cpp07_exercise' with type 'ros.ament_cmake' and name 'cpp07_exercise'
[21.854s] Level 1:colcon.colcon_core.package_identification:_identify(src/py01_topic) by extensions ['ignore', 'ignore_ament_install']
[21.854s] Level 1:colcon.colcon_core.package_identification:_identify(src/py01_topic) by extension 'ignore'
[21.854s] Level 1:colcon.colcon_core.package_identification:_identify(src/py01_topic) by extension 'ignore_ament_install'
[21.854s] Level 1:colcon.colcon_core.package_identification:_identify(src/py01_topic) by extensions ['colcon_pkg']
[21.854s] Level 1:colcon.colcon_core.package_identification:_identify(src/py01_topic) by extension 'colcon_pkg'
[21.855s] Level 1:colcon.colcon_core.package_identification:_identify(src/py01_topic) by extensions ['colcon_meta']
[21.855s] Level 1:colcon.colcon_core.package_identification:_identify(src/py01_topic) by extension 'colcon_meta'
[21.855s] Level 1:colcon.colcon_core.package_identification:_identify(src/py01_topic) by extensions ['ros']
[21.855s] Level 1:colcon.colcon_core.package_identification:_identify(src/py01_topic) by extension 'ros'
[21.870s] DEBUG:colcon.colcon_core.package_identification:Package 'src/py01_topic' with type 'ros.ament_python' and name 'py01_topic'
[21.888s] Level 1:colcon.colcon_core.package_identification:_identify(src/py02_service) by extensions ['ignore', 'ignore_ament_install']
[21.889s] Level 1:colcon.colcon_core.package_identification:_identify(src/py02_service) by extension 'ignore'
[21.889s] Level 1:colcon.colcon_core.package_identification:_identify(src/py02_service) by extension 'ignore_ament_install'
[21.889s] Level 1:colcon.colcon_core.package_identification:_identify(src/py02_service) by extensions ['colcon_pkg']
[21.889s] Level 1:colcon.colcon_core.package_identification:_identify(src/py02_service) by extension 'colcon_pkg'
[21.889s] Level 1:colcon.colcon_core.package_identification:_identify(src/py02_service) by extensions ['colcon_meta']
[21.889s] Level 1:colcon.colcon_core.package_identification:_identify(src/py02_service) by extension 'colcon_meta'
[21.889s] Level 1:colcon.colcon_core.package_identification:_identify(src/py02_service) by extensions ['ros']
[21.890s] Level 1:colcon.colcon_core.package_identification:_identify(src/py02_service) by extension 'ros'
[21.903s] DEBUG:colcon.colcon_core.package_identification:Package 'src/py02_service' with type 'ros.ament_python' and name 'py02_service'
[21.930s] Level 1:colcon.colcon_core.package_identification:_identify(src/py03_action) by extensions ['ignore', 'ignore_ament_install']
[21.931s] Level 1:colcon.colcon_core.package_identification:_identify(src/py03_action) by extension 'ignore'
[21.931s] Level 1:colcon.colcon_core.package_identification:_identify(src/py03_action) by extension 'ignore_ament_install'
[21.931s] Level 1:colcon.colcon_core.package_identification:_identify(src/py03_action) by extensions ['colcon_pkg']
[21.931s] Level 1:colcon.colcon_core.package_identification:_identify(src/py03_action) by extension 'colcon_pkg'
[21.931s] Level 1:colcon.colcon_core.package_identification:_identify(src/py03_action) by extensions ['colcon_meta']
[21.931s] Level 1:colcon.colcon_core.package_identification:_identify(src/py03_action) by extension 'colcon_meta'
[21.931s] Level 1:colcon.colcon_core.package_identification:_identify(src/py03_action) by extensions ['ros']
[21.931s] Level 1:colcon.colcon_core.package_identification:_identify(src/py03_action) by extension 'ros'
[21.936s] DEBUG:colcon.colcon_core.package_identification:Package 'src/py03_action' with type 'ros.ament_python' and name 'py03_action'
[21.942s] Level 1:colcon.colcon_core.package_identification:_identify(src/py04_param) by extensions ['ignore', 'ignore_ament_install']
[21.943s] Level 1:colcon.colcon_core.package_identification:_identify(src/py04_param) by extension 'ignore'
[21.943s] Level 1:colcon.colcon_core.package_identification:_identify(src/py04_param) by extension 'ignore_ament_install'
[21.943s] Level 1:colcon.colcon_core.package_identification:_identify(src/py04_param) by extensions ['colcon_pkg']
[21.943s] Level 1:colcon.colcon_core.package_identification:_identify(src/py04_param) by extension 'colcon_pkg'
[21.944s] Level 1:colcon.colcon_core.package_identification:_identify(src/py04_param) by extensions ['colcon_meta']
[21.944s] Level 1:colcon.colcon_core.package_identification:_identify(src/py04_param) by extension 'colcon_meta'
[21.944s] Level 1:colcon.colcon_core.package_identification:_identify(src/py04_param) by extensions ['ros']
[21.944s] Level 1:colcon.colcon_core.package_identification:_identify(src/py04_param) by extension 'ros'
[21.965s] DEBUG:colcon.colcon_core.package_identification:Package 'src/py04_param' with type 'ros.ament_python' and name 'py04_param'
[21.966s] Level 1:colcon.colcon_core.package_identification:_identify(src/py05_names) by extensions ['ignore', 'ignore_ament_install']
[21.966s] Level 1:colcon.colcon_core.package_identification:_identify(src/py05_names) by extension 'ignore'
[21.966s] Level 1:colcon.colcon_core.package_identification:_identify(src/py05_names) by extension 'ignore_ament_install'
[21.966s] Level 1:colcon.colcon_core.package_identification:_identify(src/py05_names) by extensions ['colcon_pkg']
[21.966s] Level 1:colcon.colcon_core.package_identification:_identify(src/py05_names) by extension 'colcon_pkg'
[21.966s] Level 1:colcon.colcon_core.package_identification:_identify(src/py05_names) by extensions ['colcon_meta']
[21.967s] Level 1:colcon.colcon_core.package_identification:_identify(src/py05_names) by extension 'colcon_meta'
[21.967s] Level 1:colcon.colcon_core.package_identification:_identify(src/py05_names) by extensions ['ros']
[21.967s] Level 1:colcon.colcon_core.package_identification:_identify(src/py05_names) by extension 'ros'
[21.981s] DEBUG:colcon.colcon_core.package_identification:Package 'src/py05_names' with type 'ros.ament_python' and name 'py05_names'
[22.011s] Level 1:colcon.colcon_core.package_identification:_identify(src/py06_time) by extensions ['ignore', 'ignore_ament_install']
[22.011s] Level 1:colcon.colcon_core.package_identification:_identify(src/py06_time) by extension 'ignore'
[22.011s] Level 1:colcon.colcon_core.package_identification:_identify(src/py06_time) by extension 'ignore_ament_install'
[22.012s] Level 1:colcon.colcon_core.package_identification:_identify(src/py06_time) by extensions ['colcon_pkg']
[22.012s] Level 1:colcon.colcon_core.package_identification:_identify(src/py06_time) by extension 'colcon_pkg'
[22.012s] Level 1:colcon.colcon_core.package_identification:_identify(src/py06_time) by extensions ['colcon_meta']
[22.012s] Level 1:colcon.colcon_core.package_identification:_identify(src/py06_time) by extension 'colcon_meta'
[22.012s] Level 1:colcon.colcon_core.package_identification:_identify(src/py06_time) by extensions ['ros']
[22.012s] Level 1:colcon.colcon_core.package_identification:_identify(src/py06_time) by extension 'ros'
[22.024s] DEBUG:colcon.colcon_core.package_identification:Package 'src/py06_time' with type 'ros.ament_python' and name 'py06_time'
[22.056s] Level 1:colcon.colcon_core.package_identification:_identify(src/tutorails_plumbing) by extensions ['ignore', 'ignore_ament_install']
[22.056s] Level 1:colcon.colcon_core.package_identification:_identify(src/tutorails_plumbing) by extension 'ignore'
[22.056s] Level 1:colcon.colcon_core.package_identification:_identify(src/tutorails_plumbing) by extension 'ignore_ament_install'
[22.056s] Level 1:colcon.colcon_core.package_identification:_identify(src/tutorails_plumbing) by extensions ['colcon_pkg']
[22.056s] Level 1:colcon.colcon_core.package_identification:_identify(src/tutorails_plumbing) by extension 'colcon_pkg'
[22.057s] Level 1:colcon.colcon_core.package_identification:_identify(src/tutorails_plumbing) by extensions ['colcon_meta']
[22.057s] Level 1:colcon.colcon_core.package_identification:_identify(src/tutorails_plumbing) by extension 'colcon_meta'
[22.057s] Level 1:colcon.colcon_core.package_identification:_identify(src/tutorails_plumbing) by extensions ['ros']
[22.057s] Level 1:colcon.colcon_core.package_identification:_identify(src/tutorails_plumbing) by extension 'ros'
[22.067s] DEBUG:colcon.colcon_core.package_identification:Package 'src/tutorails_plumbing' with type 'ros.ament_cmake' and name 'tutorails_plumbing'
[22.068s] Level 1:colcon.colcon_core.package_discovery:discover_packages(recursive) using defaults
[22.068s] Level 1:colcon.colcon_core.package_discovery:discover_packages(ignore) discover
[22.068s] Level 1:colcon.colcon_core.package_discovery:discover_packages(ignore) using defaults
[22.068s] Level 1:colcon.colcon_core.package_discovery:discover_packages(path) discover
[22.068s] Level 1:colcon.colcon_core.package_discovery:discover_packages(path) using defaults
[22.663s] INFO:colcon.colcon_core.package_selection:Skipping not selected package 'base_interfaces_demo' in 'src/base_interfaces_demo'
[22.663s] INFO:colcon.colcon_core.package_selection:Skipping not selected package 'cpp04_param' in 'src/cpp04_param'
[22.663s] INFO:colcon.colcon_core.package_selection:Skipping not selected package 'cpp05_names' in 'src/cpp05_names'
[22.663s] INFO:colcon.colcon_core.package_selection:Skipping not selected package 'cpp06_time' in 'src/cpp06_time'
[22.663s] INFO:colcon.colcon_core.package_selection:Skipping not selected package 'py04_param' in 'src/py04_param'
[22.663s] INFO:colcon.colcon_core.package_selection:Skipping not selected package 'py05_names' in 'src/py05_names'
[22.663s] INFO:colcon.colcon_core.package_selection:Skipping not selected package 'py06_time' in 'src/py06_time'
[22.663s] INFO:colcon.colcon_core.package_selection:Skipping not selected package 'cpp01_topic' in 'src/cpp01_topic'
[22.663s] INFO:colcon.colcon_core.package_selection:Skipping not selected package 'cpp02_service' in 'src/cpp02_service'
[22.663s] INFO:colcon.colcon_core.package_selection:Skipping not selected package 'cpp03_action' in 'src/cpp03_action'
[22.664s] INFO:colcon.colcon_core.package_selection:Skipping not selected package 'py01_topic' in 'src/py01_topic'
[22.664s] INFO:colcon.colcon_core.package_selection:Skipping not selected package 'py02_service' in 'src/py02_service'
[22.664s] INFO:colcon.colcon_core.package_selection:Skipping not selected package 'py03_action' in 'src/py03_action'
[22.664s] INFO:colcon.colcon_core.package_selection:Skipping not selected package 'tutorails_plumbing' in 'src/tutorails_plumbing'
[22.668s] Level 1:colcon.colcon_core.package_discovery:discover_packages(prefix_path) check parameters
[22.668s] Level 1:colcon.colcon_core.package_discovery:discover_packages(prefix_path) discover
[22.785s] DEBUG:colcon.colcon_installed_package_information.package_discovery:Found 327 installed packages in /opt/ros/humble
[22.788s] Level 1:colcon.colcon_core.package_discovery:discover_packages(prefix_path) using defaults
[28.337s] Level 5:colcon.colcon_core.verb:set package 'cpp07_exercise' build argument 'cmake_args' from command line to 'None'
[28.337s] Level 5:colcon.colcon_core.verb:set package 'cpp07_exercise' build argument 'cmake_target' from command line to 'None'
[28.337s] Level 5:colcon.colcon_core.verb:set package 'cpp07_exercise' build argument 'cmake_target_skip_unavailable' from command line to 'False'
[28.337s] Level 5:colcon.colcon_core.verb:set package 'cpp07_exercise' build argument 'cmake_clean_cache' from command line to 'False'
[28.337s] Level 5:colcon.colcon_core.verb:set package 'cpp07_exercise' build argument 'cmake_clean_first' from command line to 'False'
[28.337s] Level 5:colcon.colcon_core.verb:set package 'cpp07_exercise' build argument 'cmake_force_configure' from command line to 'False'
[28.338s] Level 5:colcon.colcon_core.verb:set package 'cpp07_exercise' build argument 'ament_cmake_args' from command line to 'None'
[28.338s] Level 5:colcon.colcon_core.verb:set package 'cpp07_exercise' build argument 'catkin_cmake_args' from command line to 'None'
[28.338s] Level 5:colcon.colcon_core.verb:set package 'cpp07_exercise' build argument 'catkin_skip_building_tests' from command line to 'False'
[28.338s] DEBUG:colcon.colcon_core.verb:Building package 'cpp07_exercise' with the following arguments: {'ament_cmake_args': None, 'build_base': '/home/zzw/ws01_plumbing/build/cpp07_exercise', 'catkin_cmake_args': None, 'catkin_skip_building_tests': False, 'cmake_args': None, 'cmake_clean_cache': False, 'cmake_clean_first': False, 'cmake_force_configure': False, 'cmake_target': None, 'cmake_target_skip_unavailable': False, 'install_base': '/home/zzw/ws01_plumbing/install/cpp07_exercise', 'merge_install': False, 'path': '/home/zzw/ws01_plumbing/src/cpp07_exercise', 'symlink_install': False, 'test_result_base': None}
[28.338s] INFO:colcon.colcon_core.executor:Executing jobs using 'parallel' executor
[28.344s] DEBUG:colcon.colcon_parallel_executor.executor.parallel:run_until_complete
[28.344s] INFO:colcon.colcon_ros.task.ament_cmake.build:Building ROS package in '/home/zzw/ws01_plumbing/src/cpp07_exercise' with build type 'ament_cmake'
[28.344s] INFO:colcon.colcon_cmake.task.cmake.build:Building CMake package in '/home/zzw/ws01_plumbing/src/cpp07_exercise'
[28.948s] INFO:colcon.colcon_core.plugin_system:Skipping extension 'colcon_core.shell.bat': Not used on non-Windows systems
[28.949s] INFO:colcon.colcon_core.shell:Skip shell extension 'powershell' for command environment: Not usable outside of PowerShell
[28.949s] DEBUG:colcon.colcon_core.shell:Skip shell extension 'dsv' for command environment
[30.315s] DEBUG:colcon.colcon_core.event_handler.log_command:Invoking command in '/home/zzw/ws01_plumbing/build/cpp07_exercise': AMENT_PREFIX_PATH=/home/zzw/ws01_plumbing/install/base_interfaces_demo:${AMENT_PREFIX_PATH} CMAKE_PREFIX_PATH=/home/zzw/ws01_plumbing/install/base_interfaces_demo:/opt/ros/humble LD_LIBRARY_PATH=/home/zzw/ws01_plumbing/install/base_interfaces_demo/lib:${LD_LIBRARY_PATH} PYTHONPATH=/home/zzw/ws01_plumbing/install/base_interfaces_demo/local/lib/python3.10/dist-packages:${PYTHONPATH} /usr/bin/cmake --build /home/zzw/ws01_plumbing/build/cpp07_exercise -- -j8 -l8
[53.377s] DEBUG:colcon.colcon_core.event_handler.log_command:Invoked command in '/home/zzw/ws01_plumbing/build/cpp07_exercise' returned '0': AMENT_PREFIX_PATH=/home/zzw/ws01_plumbing/install/base_interfaces_demo:${AMENT_PREFIX_PATH} CMAKE_PREFIX_PATH=/home/zzw/ws01_plumbing/install/base_interfaces_demo:/opt/ros/humble LD_LIBRARY_PATH=/home/zzw/ws01_plumbing/install/base_interfaces_demo/lib:${LD_LIBRARY_PATH} PYTHONPATH=/home/zzw/ws01_plumbing/install/base_interfaces_demo/local/lib/python3.10/dist-packages:${PYTHONPATH} /usr/bin/cmake --build /home/zzw/ws01_plumbing/build/cpp07_exercise -- -j8 -l8
[53.435s] DEBUG:colcon.colcon_core.event_handler.log_command:Invoking command in '/home/zzw/ws01_plumbing/build/cpp07_exercise': AMENT_PREFIX_PATH=/home/zzw/ws01_plumbing/install/base_interfaces_demo:${AMENT_PREFIX_PATH} CMAKE_PREFIX_PATH=/home/zzw/ws01_plumbing/install/base_interfaces_demo:/opt/ros/humble LD_LIBRARY_PATH=/home/zzw/ws01_plumbing/install/base_interfaces_demo/lib:${LD_LIBRARY_PATH} PYTHONPATH=/home/zzw/ws01_plumbing/install/base_interfaces_demo/local/lib/python3.10/dist-packages:${PYTHONPATH} /usr/bin/cmake --install /home/zzw/ws01_plumbing/build/cpp07_exercise
[54.111s] Level 1:colcon.colcon_core.environment:create_environment_scripts_only(cpp07_exercise)
[54.113s] DEBUG:colcon.colcon_core.event_handler.log_command:Invoked command in '/home/zzw/ws01_plumbing/build/cpp07_exercise' returned '0': AMENT_PREFIX_PATH=/home/zzw/ws01_plumbing/install/base_interfaces_demo:${AMENT_PREFIX_PATH} CMAKE_PREFIX_PATH=/home/zzw/ws01_plumbing/install/base_interfaces_demo:/opt/ros/humble LD_LIBRARY_PATH=/home/zzw/ws01_plumbing/install/base_interfaces_demo/lib:${LD_LIBRARY_PATH} PYTHONPATH=/home/zzw/ws01_plumbing/install/base_interfaces_demo/local/lib/python3.10/dist-packages:${PYTHONPATH} /usr/bin/cmake --install /home/zzw/ws01_plumbing/build/cpp07_exercise
[54.576s] Level 1:colcon.colcon_core.environment:checking '/home/zzw/ws01_plumbing/install/cpp07_exercise' for CMake module files
[54.578s] Level 1:colcon.colcon_core.environment:checking '/home/zzw/ws01_plumbing/install/cpp07_exercise' for CMake config files
[54.598s] Level 1:colcon.colcon_core.shell:create_environment_hook('cpp07_exercise', 'cmake_prefix_path')
[54.600s] INFO:colcon.colcon_core.shell:Creating environment hook '/home/zzw/ws01_plumbing/install/cpp07_exercise/share/cpp07_exercise/hook/cmake_prefix_path.ps1'
[54.653s] INFO:colcon.colcon_core.shell:Creating environment descriptor '/home/zzw/ws01_plumbing/install/cpp07_exercise/share/cpp07_exercise/hook/cmake_prefix_path.dsv'
[54.696s] INFO:colcon.colcon_core.shell:Creating environment hook '/home/zzw/ws01_plumbing/install/cpp07_exercise/share/cpp07_exercise/hook/cmake_prefix_path.sh'
[54.706s] Level 1:colcon.colcon_core.environment:checking '/home/zzw/ws01_plumbing/install/cpp07_exercise/lib'
[54.706s] Level 1:colcon.colcon_core.environment:checking '/home/zzw/ws01_plumbing/install/cpp07_exercise/bin'
[54.707s] Level 1:colcon.colcon_core.environment:checking '/home/zzw/ws01_plumbing/install/cpp07_exercise/lib/pkgconfig/cpp07_exercise.pc'
[54.707s] Level 1:colcon.colcon_core.environment:checking '/home/zzw/ws01_plumbing/install/cpp07_exercise/lib/python3.10/site-packages'
[54.708s] Level 1:colcon.colcon_core.environment:checking '/home/zzw/ws01_plumbing/install/cpp07_exercise/bin'
[54.711s] INFO:colcon.colcon_core.shell:Creating package script '/home/zzw/ws01_plumbing/install/cpp07_exercise/share/cpp07_exercise/package.ps1'
[54.719s] INFO:colcon.colcon_core.shell:Creating package descriptor '/home/zzw/ws01_plumbing/install/cpp07_exercise/share/cpp07_exercise/package.dsv'
[54.740s] INFO:colcon.colcon_core.shell:Creating package script '/home/zzw/ws01_plumbing/install/cpp07_exercise/share/cpp07_exercise/package.sh'
[54.742s] INFO:colcon.colcon_core.shell:Creating package script '/home/zzw/ws01_plumbing/install/cpp07_exercise/share/cpp07_exercise/package.bash'
[54.787s] INFO:colcon.colcon_core.shell:Creating package script '/home/zzw/ws01_plumbing/install/cpp07_exercise/share/cpp07_exercise/package.zsh'
[54.812s] Level 1:colcon.colcon_core.environment:create_file_with_runtime_dependencies(/home/zzw/ws01_plumbing/install/cpp07_exercise/share/colcon-core/packages/cpp07_exercise)
[54.889s] Level 1:colcon.colcon_core.environment:create_environment_scripts_only(cpp07_exercise)
[54.892s] Level 1:colcon.colcon_core.environment:checking '/home/zzw/ws01_plumbing/install/cpp07_exercise' for CMake module files
[54.893s] Level 1:colcon.colcon_core.environment:checking '/home/zzw/ws01_plumbing/install/cpp07_exercise' for CMake config files
[54.894s] Level 1:colcon.colcon_core.shell:create_environment_hook('cpp07_exercise', 'cmake_prefix_path')
[54.895s] INFO:colcon.colcon_core.shell:Creating environment hook '/home/zzw/ws01_plumbing/install/cpp07_exercise/share/cpp07_exercise/hook/cmake_prefix_path.ps1'
[54.896s] INFO:colcon.colcon_core.shell:Creating environment descriptor '/home/zzw/ws01_plumbing/install/cpp07_exercise/share/cpp07_exercise/hook/cmake_prefix_path.dsv'
[54.898s] INFO:colcon.colcon_core.shell:Creating environment hook '/home/zzw/ws01_plumbing/install/cpp07_exercise/share/cpp07_exercise/hook/cmake_prefix_path.sh'
[54.899s] Level 1:colcon.colcon_core.environment:checking '/home/zzw/ws01_plumbing/install/cpp07_exercise/lib'
[54.899s] Level 1:colcon.colcon_core.environment:checking '/home/zzw/ws01_plumbing/install/cpp07_exercise/bin'
[54.899s] Level 1:colcon.colcon_core.environment:checking '/home/zzw/ws01_plumbing/install/cpp07_exercise/lib/pkgconfig/cpp07_exercise.pc'
[54.900s] Level 1:colcon.colcon_core.environment:checking '/home/zzw/ws01_plumbing/install/cpp07_exercise/lib/python3.10/site-packages'
[54.900s] Level 1:colcon.colcon_core.environment:checking '/home/zzw/ws01_plumbing/install/cpp07_exercise/bin'
[54.902s] INFO:colcon.colcon_core.shell:Creating package script '/home/zzw/ws01_plumbing/install/cpp07_exercise/share/cpp07_exercise/package.ps1'
[54.903s] INFO:colcon.colcon_core.shell:Creating package descriptor '/home/zzw/ws01_plumbing/install/cpp07_exercise/share/cpp07_exercise/package.dsv'
[54.904s] INFO:colcon.colcon_core.shell:Creating package script '/home/zzw/ws01_plumbing/install/cpp07_exercise/share/cpp07_exercise/package.sh'
[54.906s] INFO:colcon.colcon_core.shell:Creating package script '/home/zzw/ws01_plumbing/install/cpp07_exercise/share/cpp07_exercise/package.bash'
[54.907s] INFO:colcon.colcon_core.shell:Creating package script '/home/zzw/ws01_plumbing/install/cpp07_exercise/share/cpp07_exercise/package.zsh'
[54.909s] Level 1:colcon.colcon_core.environment:create_file_with_runtime_dependencies(/home/zzw/ws01_plumbing/install/cpp07_exercise/share/colcon-core/packages/cpp07_exercise)
[54.910s] DEBUG:colcon.colcon_parallel_executor.executor.parallel:closing loop
[54.911s] DEBUG:colcon.colcon_parallel_executor.executor.parallel:loop closed
[54.912s] DEBUG:colcon.colcon_parallel_executor.executor.parallel:run_until_complete finished with '0'
[54.913s] DEBUG:colcon.colcon_core.event_reactor:joining thread
[55.486s] INFO:colcon.colcon_core.plugin_system:Skipping extension 'colcon_notification.desktop_notification.terminal_notifier': Not used on non-Darwin systems
[55.486s] INFO:colcon.colcon_core.plugin_system:Skipping extension 'colcon_notification.desktop_notification.win32': Not used on non-Windows systems
[55.487s] INFO:colcon.colcon_notification.desktop_notification:Sending desktop notification using 'notify2'
[57.950s] DEBUG:colcon.colcon_core.event_reactor:joined thread
[57.957s] INFO:colcon.colcon_core.shell:Creating prefix script '/home/zzw/ws01_plumbing/install/local_setup.ps1'
[57.987s] INFO:colcon.colcon_core.shell:Creating prefix util module '/home/zzw/ws01_plumbing/install/_local_setup_util_ps1.py'
[58.021s] INFO:colcon.colcon_core.shell:Creating prefix chain script '/home/zzw/ws01_plumbing/install/setup.ps1'
[58.032s] INFO:colcon.colcon_core.shell:Creating prefix script '/home/zzw/ws01_plumbing/install/local_setup.sh'
[58.049s] INFO:colcon.colcon_core.shell:Creating prefix util module '/home/zzw/ws01_plumbing/install/_local_setup_util_sh.py'
[58.051s] INFO:colcon.colcon_core.shell:Creating prefix chain script '/home/zzw/ws01_plumbing/install/setup.sh'
[58.067s] INFO:colcon.colcon_core.shell:Creating prefix script '/home/zzw/ws01_plumbing/install/local_setup.bash'
[58.087s] INFO:colcon.colcon_core.shell:Creating prefix chain script '/home/zzw/ws01_plumbing/install/setup.bash'
[58.090s] INFO:colcon.colcon_core.shell:Creating prefix script '/home/zzw/ws01_plumbing/install/local_setup.zsh'
[58.112s] INFO:colcon.colcon_core.shell:Creating prefix chain script '/home/zzw/ws01_plumbing/install/setup.zsh'
