[3.883s] Invoking command in '/home/zzw/ws01_plumbing/src/py05_names': PYTHONPATH=/home/zzw/ws01_plumbing/build/py05_names/prefix_override:/home/zzw/ws01_plumbing/install/py05_names/lib/python3.10/site-packages:${PYTHONPATH} /usr/bin/python3 setup.py egg_info --egg-base ../../build/py05_names build --build-base /home/zzw/ws01_plumbing/build/py05_names/build install --record /home/zzw/ws01_plumbing/build/py05_names/install.log --single-version-externally-managed
[4.334s] running egg_info
[4.335s] writing ../../build/py05_names/py05_names.egg-info/PKG-INFO
[4.335s] writing dependency_links to ../../build/py05_names/py05_names.egg-info/dependency_links.txt
[4.335s] writing entry points to ../../build/py05_names/py05_names.egg-info/entry_points.txt
[4.336s] writing requirements to ../../build/py05_names/py05_names.egg-info/requires.txt
[4.336s] writing top-level names to ../../build/py05_names/py05_names.egg-info/top_level.txt
[4.340s] reading manifest file '../../build/py05_names/py05_names.egg-info/SOURCES.txt'
[4.349s] writing manifest file '../../build/py05_names/py05_names.egg-info/SOURCES.txt'
[4.350s] running build
[4.350s] running build_py
[4.352s] running install
[4.369s] /usr/lib/python3/dist-packages/setuptools/command/install.py:34: SetuptoolsDeprecationWarning: setup.py install is deprecated. Use build and pip and other standards-based tools.
[4.370s]   warnings.warn(
[4.370s] running install_lib
[4.372s] running install_data
[4.373s] running install_egg_info
[4.376s] removing '/home/zzw/ws01_plumbing/install/py05_names/lib/python3.10/site-packages/py05_names-0.0.0-py3.10.egg-info' (and everything under it)
[4.379s] Copying ../../build/py05_names/py05_names.egg-info to /home/zzw/ws01_plumbing/install/py05_names/lib/python3.10/site-packages/py05_names-0.0.0-py3.10.egg-info
[4.392s] running install_scripts
[4.428s] Installing demo01_names_py script to /home/zzw/ws01_plumbing/install/py05_names/lib/py05_names
[4.429s] writing list of installed files to '/home/zzw/ws01_plumbing/build/py05_names/install.log'
[4.510s] Invoked command in '/home/zzw/ws01_plumbing/src/py05_names' returned '0': PYTHONPATH=/home/zzw/ws01_plumbing/build/py05_names/prefix_override:/home/zzw/ws01_plumbing/install/py05_names/lib/python3.10/site-packages:${PYTHONPATH} /usr/bin/python3 setup.py egg_info --egg-base ../../build/py05_names build --build-base /home/zzw/ws01_plumbing/build/py05_names/build install --record /home/zzw/ws01_plumbing/build/py05_names/install.log --single-version-externally-managed
