running egg_info
writing ../../build/py06_time/py06_time.egg-info/PKG-INFO
writing dependency_links to ../../build/py06_time/py06_time.egg-info/dependency_links.txt
writing entry points to ../../build/py06_time/py06_time.egg-info/entry_points.txt
writing requirements to ../../build/py06_time/py06_time.egg-info/requires.txt
writing top-level names to ../../build/py06_time/py06_time.egg-info/top_level.txt
reading manifest file '../../build/py06_time/py06_time.egg-info/SOURCES.txt'
writing manifest file '../../build/py06_time/py06_time.egg-info/SOURCES.txt'
running build
running build_py
/usr/lib/python3/dist-packages/setuptools/command/install.py:34: SetuptoolsDeprecationWarning: setup.py install is deprecated. Use build and pip and other standards-based tools.
  warnings.warn(
running install
running install_lib
running install_data
running install_egg_info
removing '/home/zzw/ws01_plumbing/install/py06_time/lib/python3.10/site-packages/py06_time-0.0.0-py3.10.egg-info' (and everything under it)
Copying ../../build/py06_time/py06_time.egg-info to /home/zzw/ws01_plumbing/install/py06_time/lib/python3.10/site-packages/py06_time-0.0.0-py3.10.egg-info
running install_scripts
Installing demo01_time_py script to /home/zzw/ws01_plumbing/install/py06_time/lib/py06_time
writing list of installed files to '/home/zzw/ws01_plumbing/build/py06_time/install.log'
