-- The C compiler identification is GNU 11.3.0
-- The CXX compiler identification is GNU 11.3.0
-- Detecting C compiler ABI info
-- Detecting C compiler ABI info - done
-- Check for working C compiler: /usr/bin/cc - skipped
-- Detecting C compile features
-- Detecting C compile features - done
-- Detecting CXX compiler ABI info
-- Detecting CXX compiler ABI info - done
-- Check for working CXX compiler: /usr/bin/c++ - skipped
-- Detecting CXX compile features
-- Detecting CXX compile features - done
-- Found ament_cmake: 1.3.2 (/opt/ros/humble/share/ament_cmake/cmake)
-- Found Python3: /usr/bin/python3.10 (found version "3.10.6") found components: Interpreter 
-- Found ament_lint_auto: 0.12.4 (/opt/ros/humble/share/ament_lint_auto/cmake)
-- Configuring done
-- Generating done
-- Build files have been written to: /home/zzw/ws01_plumbing/build/tutorails_plumbing
-- Install configuration: ""
-- Installing: /home/zzw/ws01_plumbing/install/tutorails_plumbing/share/ament_index/resource_index/package_run_dependencies/tutorails_plumbing
-- Installing: /home/zzw/ws01_plumbing/install/tutorails_plumbing/share/ament_index/resource_index/parent_prefix_path/tutorails_plumbing
-- Installing: /home/zzw/ws01_plumbing/install/tutorails_plumbing/share/tutorails_plumbing/environment/ament_prefix_path.sh
-- Installing: /home/zzw/ws01_plumbing/install/tutorails_plumbing/share/tutorails_plumbing/environment/ament_prefix_path.dsv
-- Installing: /home/zzw/ws01_plumbing/install/tutorails_plumbing/share/tutorails_plumbing/environment/path.sh
-- Installing: /home/zzw/ws01_plumbing/install/tutorails_plumbing/share/tutorails_plumbing/environment/path.dsv
-- Installing: /home/zzw/ws01_plumbing/install/tutorails_plumbing/share/tutorails_plumbing/local_setup.bash
-- Installing: /home/zzw/ws01_plumbing/install/tutorails_plumbing/share/tutorails_plumbing/local_setup.sh
-- Installing: /home/zzw/ws01_plumbing/install/tutorails_plumbing/share/tutorails_plumbing/local_setup.zsh
-- Installing: /home/zzw/ws01_plumbing/install/tutorails_plumbing/share/tutorails_plumbing/local_setup.dsv
-- Installing: /home/zzw/ws01_plumbing/install/tutorails_plumbing/share/tutorails_plumbing/package.dsv
-- Installing: /home/zzw/ws01_plumbing/install/tutorails_plumbing/share/ament_index/resource_index/packages/tutorails_plumbing
-- Installing: /home/zzw/ws01_plumbing/install/tutorails_plumbing/share/tutorails_plumbing/cmake/tutorails_plumbingConfig.cmake
-- Installing: /home/zzw/ws01_plumbing/install/tutorails_plumbing/share/tutorails_plumbing/cmake/tutorails_plumbingConfig-version.cmake
-- Installing: /home/zzw/ws01_plumbing/install/tutorails_plumbing/share/tutorails_plumbing/package.xml
