[0.042s] Invoking command in '/home/zzw/ws01_plumbing/build/tutorails_plumbing': AMENT_PREFIX_PATH=/home/zzw/ws01_plumbing/install/py03_action:/home/zzw/ws01_plumbing/install/py02_service:/home/zzw/ws01_plumbing/install/py01_topic:/home/zzw/ws01_plumbing/install/cpp03_action:/home/zzw/ws01_plumbing/install/cpp02_service:/home/zzw/ws01_plumbing/install/cpp01_topic:/home/zzw/ws01_plumbing/install/py04_param:/home/zzw/ws01_plumbing/install/cpp04_param:/home/zzw/ws01_plumbing/install/base_interfaces_demo:${AMENT_PREFIX_PATH} CMAKE_PREFIX_PATH=/home/zzw/ws01_plumbing/install/cpp03_action:/home/zzw/ws01_plumbing/install/cpp02_service:/home/zzw/ws01_plumbing/install/cpp01_topic:/home/zzw/ws01_plumbing/install/cpp04_param:/home/zzw/ws01_plumbing/install/base_interfaces_demo:/opt/ros/humble LD_LIBRARY_PATH=/home/zzw/ws01_plumbing/install/base_interfaces_demo/lib:${LD_LIBRARY_PATH} PYTHONPATH=/home/zzw/ws01_plumbing/install/py03_action/lib/python3.10/site-packages:/home/zzw/ws01_plumbing/install/py02_service/lib/python3.10/site-packages:/home/zzw/ws01_plumbing/install/py01_topic/lib/python3.10/site-packages:/home/zzw/ws01_plumbing/install/py04_param/lib/python3.10/site-packages:/home/zzw/ws01_plumbing/install/base_interfaces_demo/local/lib/python3.10/dist-packages:${PYTHONPATH} /usr/bin/cmake /home/zzw/ws01_plumbing/src/tutorails_plumbing -DCMAKE_INSTALL_PREFIX=/home/zzw/ws01_plumbing/install/tutorails_plumbing
[0.672s] -- The C compiler identification is GNU 11.3.0
[0.779s] -- The CXX compiler identification is GNU 11.3.0
[0.803s] -- Detecting C compiler ABI info
[1.031s] -- Detecting C compiler ABI info - done
[1.042s] -- Check for working C compiler: /usr/bin/cc - skipped
[1.043s] -- Detecting C compile features
[1.054s] -- Detecting C compile features - done
[1.060s] -- Detecting CXX compiler ABI info
[1.189s] -- Detecting CXX compiler ABI info - done
[1.201s] -- Check for working CXX compiler: /usr/bin/c++ - skipped
[1.201s] -- Detecting CXX compile features
[1.202s] -- Detecting CXX compile features - done
[1.228s] -- Found ament_cmake: 1.3.2 (/opt/ros/humble/share/ament_cmake/cmake)
[1.590s] -- Found Python3: /usr/bin/python3.10 (found version "3.10.6") found components: Interpreter 
[1.916s] -- Found ament_lint_auto: 0.12.4 (/opt/ros/humble/share/ament_lint_auto/cmake)
[2.005s] -- Configuring done
[2.010s] -- Generating done
[2.011s] -- Build files have been written to: /home/zzw/ws01_plumbing/build/tutorails_plumbing
[2.017s] Invoked command in '/home/zzw/ws01_plumbing/build/tutorails_plumbing' returned '0': AMENT_PREFIX_PATH=/home/zzw/ws01_plumbing/install/py03_action:/home/zzw/ws01_plumbing/install/py02_service:/home/zzw/ws01_plumbing/install/py01_topic:/home/zzw/ws01_plumbing/install/cpp03_action:/home/zzw/ws01_plumbing/install/cpp02_service:/home/zzw/ws01_plumbing/install/cpp01_topic:/home/zzw/ws01_plumbing/install/py04_param:/home/zzw/ws01_plumbing/install/cpp04_param:/home/zzw/ws01_plumbing/install/base_interfaces_demo:${AMENT_PREFIX_PATH} CMAKE_PREFIX_PATH=/home/zzw/ws01_plumbing/install/cpp03_action:/home/zzw/ws01_plumbing/install/cpp02_service:/home/zzw/ws01_plumbing/install/cpp01_topic:/home/zzw/ws01_plumbing/install/cpp04_param:/home/zzw/ws01_plumbing/install/base_interfaces_demo:/opt/ros/humble LD_LIBRARY_PATH=/home/zzw/ws01_plumbing/install/base_interfaces_demo/lib:${LD_LIBRARY_PATH} PYTHONPATH=/home/zzw/ws01_plumbing/install/py03_action/lib/python3.10/site-packages:/home/zzw/ws01_plumbing/install/py02_service/lib/python3.10/site-packages:/home/zzw/ws01_plumbing/install/py01_topic/lib/python3.10/site-packages:/home/zzw/ws01_plumbing/install/py04_param/lib/python3.10/site-packages:/home/zzw/ws01_plumbing/install/base_interfaces_demo/local/lib/python3.10/dist-packages:${PYTHONPATH} /usr/bin/cmake /home/zzw/ws01_plumbing/src/tutorails_plumbing -DCMAKE_INSTALL_PREFIX=/home/zzw/ws01_plumbing/install/tutorails_plumbing
[2.020s] Invoking command in '/home/zzw/ws01_plumbing/build/tutorails_plumbing': AMENT_PREFIX_PATH=/home/zzw/ws01_plumbing/install/py03_action:/home/zzw/ws01_plumbing/install/py02_service:/home/zzw/ws01_plumbing/install/py01_topic:/home/zzw/ws01_plumbing/install/cpp03_action:/home/zzw/ws01_plumbing/install/cpp02_service:/home/zzw/ws01_plumbing/install/cpp01_topic:/home/zzw/ws01_plumbing/install/py04_param:/home/zzw/ws01_plumbing/install/cpp04_param:/home/zzw/ws01_plumbing/install/base_interfaces_demo:${AMENT_PREFIX_PATH} CMAKE_PREFIX_PATH=/home/zzw/ws01_plumbing/install/cpp03_action:/home/zzw/ws01_plumbing/install/cpp02_service:/home/zzw/ws01_plumbing/install/cpp01_topic:/home/zzw/ws01_plumbing/install/cpp04_param:/home/zzw/ws01_plumbing/install/base_interfaces_demo:/opt/ros/humble LD_LIBRARY_PATH=/home/zzw/ws01_plumbing/install/base_interfaces_demo/lib:${LD_LIBRARY_PATH} PYTHONPATH=/home/zzw/ws01_plumbing/install/py03_action/lib/python3.10/site-packages:/home/zzw/ws01_plumbing/install/py02_service/lib/python3.10/site-packages:/home/zzw/ws01_plumbing/install/py01_topic/lib/python3.10/site-packages:/home/zzw/ws01_plumbing/install/py04_param/lib/python3.10/site-packages:/home/zzw/ws01_plumbing/install/base_interfaces_demo/local/lib/python3.10/dist-packages:${PYTHONPATH} /usr/bin/cmake --build /home/zzw/ws01_plumbing/build/tutorails_plumbing -- -j8 -l8
[2.064s] Invoked command in '/home/zzw/ws01_plumbing/build/tutorails_plumbing' returned '0': AMENT_PREFIX_PATH=/home/zzw/ws01_plumbing/install/py03_action:/home/zzw/ws01_plumbing/install/py02_service:/home/zzw/ws01_plumbing/install/py01_topic:/home/zzw/ws01_plumbing/install/cpp03_action:/home/zzw/ws01_plumbing/install/cpp02_service:/home/zzw/ws01_plumbing/install/cpp01_topic:/home/zzw/ws01_plumbing/install/py04_param:/home/zzw/ws01_plumbing/install/cpp04_param:/home/zzw/ws01_plumbing/install/base_interfaces_demo:${AMENT_PREFIX_PATH} CMAKE_PREFIX_PATH=/home/zzw/ws01_plumbing/install/cpp03_action:/home/zzw/ws01_plumbing/install/cpp02_service:/home/zzw/ws01_plumbing/install/cpp01_topic:/home/zzw/ws01_plumbing/install/cpp04_param:/home/zzw/ws01_plumbing/install/base_interfaces_demo:/opt/ros/humble LD_LIBRARY_PATH=/home/zzw/ws01_plumbing/install/base_interfaces_demo/lib:${LD_LIBRARY_PATH} PYTHONPATH=/home/zzw/ws01_plumbing/install/py03_action/lib/python3.10/site-packages:/home/zzw/ws01_plumbing/install/py02_service/lib/python3.10/site-packages:/home/zzw/ws01_plumbing/install/py01_topic/lib/python3.10/site-packages:/home/zzw/ws01_plumbing/install/py04_param/lib/python3.10/site-packages:/home/zzw/ws01_plumbing/install/base_interfaces_demo/local/lib/python3.10/dist-packages:${PYTHONPATH} /usr/bin/cmake --build /home/zzw/ws01_plumbing/build/tutorails_plumbing -- -j8 -l8
[2.090s] Invoking command in '/home/zzw/ws01_plumbing/build/tutorails_plumbing': AMENT_PREFIX_PATH=/home/zzw/ws01_plumbing/install/py03_action:/home/zzw/ws01_plumbing/install/py02_service:/home/zzw/ws01_plumbing/install/py01_topic:/home/zzw/ws01_plumbing/install/cpp03_action:/home/zzw/ws01_plumbing/install/cpp02_service:/home/zzw/ws01_plumbing/install/cpp01_topic:/home/zzw/ws01_plumbing/install/py04_param:/home/zzw/ws01_plumbing/install/cpp04_param:/home/zzw/ws01_plumbing/install/base_interfaces_demo:${AMENT_PREFIX_PATH} CMAKE_PREFIX_PATH=/home/zzw/ws01_plumbing/install/cpp03_action:/home/zzw/ws01_plumbing/install/cpp02_service:/home/zzw/ws01_plumbing/install/cpp01_topic:/home/zzw/ws01_plumbing/install/cpp04_param:/home/zzw/ws01_plumbing/install/base_interfaces_demo:/opt/ros/humble LD_LIBRARY_PATH=/home/zzw/ws01_plumbing/install/base_interfaces_demo/lib:${LD_LIBRARY_PATH} PYTHONPATH=/home/zzw/ws01_plumbing/install/py03_action/lib/python3.10/site-packages:/home/zzw/ws01_plumbing/install/py02_service/lib/python3.10/site-packages:/home/zzw/ws01_plumbing/install/py01_topic/lib/python3.10/site-packages:/home/zzw/ws01_plumbing/install/py04_param/lib/python3.10/site-packages:/home/zzw/ws01_plumbing/install/base_interfaces_demo/local/lib/python3.10/dist-packages:${PYTHONPATH} /usr/bin/cmake --install /home/zzw/ws01_plumbing/build/tutorails_plumbing
[2.096s] -- Install configuration: ""
[2.096s] -- Installing: /home/zzw/ws01_plumbing/install/tutorails_plumbing/share/ament_index/resource_index/package_run_dependencies/tutorails_plumbing
[2.096s] -- Installing: /home/zzw/ws01_plumbing/install/tutorails_plumbing/share/ament_index/resource_index/parent_prefix_path/tutorails_plumbing
[2.097s] -- Installing: /home/zzw/ws01_plumbing/install/tutorails_plumbing/share/tutorails_plumbing/environment/ament_prefix_path.sh
[2.097s] -- Installing: /home/zzw/ws01_plumbing/install/tutorails_plumbing/share/tutorails_plumbing/environment/ament_prefix_path.dsv
[2.098s] -- Installing: /home/zzw/ws01_plumbing/install/tutorails_plumbing/share/tutorails_plumbing/environment/path.sh
[2.098s] -- Installing: /home/zzw/ws01_plumbing/install/tutorails_plumbing/share/tutorails_plumbing/environment/path.dsv
[2.098s] -- Installing: /home/zzw/ws01_plumbing/install/tutorails_plumbing/share/tutorails_plumbing/local_setup.bash
[2.098s] -- Installing: /home/zzw/ws01_plumbing/install/tutorails_plumbing/share/tutorails_plumbing/local_setup.sh
[2.099s] -- Installing: /home/zzw/ws01_plumbing/install/tutorails_plumbing/share/tutorails_plumbing/local_setup.zsh
[2.099s] -- Installing: /home/zzw/ws01_plumbing/install/tutorails_plumbing/share/tutorails_plumbing/local_setup.dsv
[2.099s] -- Installing: /home/zzw/ws01_plumbing/install/tutorails_plumbing/share/tutorails_plumbing/package.dsv
[2.100s] -- Installing: /home/zzw/ws01_plumbing/install/tutorails_plumbing/share/ament_index/resource_index/packages/tutorails_plumbing
[2.100s] -- Installing: /home/zzw/ws01_plumbing/install/tutorails_plumbing/share/tutorails_plumbing/cmake/tutorails_plumbingConfig.cmake
[2.100s] -- Installing: /home/zzw/ws01_plumbing/install/tutorails_plumbing/share/tutorails_plumbing/cmake/tutorails_plumbingConfig-version.cmake
[2.100s] -- Installing: /home/zzw/ws01_plumbing/install/tutorails_plumbing/share/tutorails_plumbing/package.xml
[2.105s] Invoked command in '/home/zzw/ws01_plumbing/build/tutorails_plumbing' returned '0': AMENT_PREFIX_PATH=/home/zzw/ws01_plumbing/install/py03_action:/home/zzw/ws01_plumbing/install/py02_service:/home/zzw/ws01_plumbing/install/py01_topic:/home/zzw/ws01_plumbing/install/cpp03_action:/home/zzw/ws01_plumbing/install/cpp02_service:/home/zzw/ws01_plumbing/install/cpp01_topic:/home/zzw/ws01_plumbing/install/py04_param:/home/zzw/ws01_plumbing/install/cpp04_param:/home/zzw/ws01_plumbing/install/base_interfaces_demo:${AMENT_PREFIX_PATH} CMAKE_PREFIX_PATH=/home/zzw/ws01_plumbing/install/cpp03_action:/home/zzw/ws01_plumbing/install/cpp02_service:/home/zzw/ws01_plumbing/install/cpp01_topic:/home/zzw/ws01_plumbing/install/cpp04_param:/home/zzw/ws01_plumbing/install/base_interfaces_demo:/opt/ros/humble LD_LIBRARY_PATH=/home/zzw/ws01_plumbing/install/base_interfaces_demo/lib:${LD_LIBRARY_PATH} PYTHONPATH=/home/zzw/ws01_plumbing/install/py03_action/lib/python3.10/site-packages:/home/zzw/ws01_plumbing/install/py02_service/lib/python3.10/site-packages:/home/zzw/ws01_plumbing/install/py01_topic/lib/python3.10/site-packages:/home/zzw/ws01_plumbing/install/py04_param/lib/python3.10/site-packages:/home/zzw/ws01_plumbing/install/base_interfaces_demo/local/lib/python3.10/dist-packages:${PYTHONPATH} /usr/bin/cmake --install /home/zzw/ws01_plumbing/build/tutorails_plumbing
