[0.475s] Invoking command in '/home/zzw/ws01_plumbing/build/cpp06_time': CMAKE_PREFIX_PATH=/opt/ros/humble /usr/bin/cmake /home/zzw/ws01_plumbing/src/cpp06_time -DCMAKE_INSTALL_PREFIX=/home/zzw/ws01_plumbing/install/cpp06_time
[1.427s] -- The C compiler identification is GNU 11.3.0
[1.429s] -- The CXX compiler identification is GNU 11.3.0
[1.429s] -- Detecting C compiler ABI info
[1.430s] -- Detecting C compiler ABI info - done
[1.430s] -- Check for working C compiler: /usr/bin/cc - skipped
[1.431s] -- Detecting C compile features
[1.431s] -- Detecting C compile features - done
[1.431s] -- Detecting CXX compiler ABI info
[1.432s] -- Detecting CXX compiler ABI info - done
[1.432s] -- Check for working CXX compiler: /usr/bin/c++ - skipped
[1.433s] -- Detecting CXX compile features
[1.433s] -- Detecting CXX compile features - done
[1.434s] -- Found ament_cmake: 1.3.2 (/opt/ros/humble/share/ament_cmake/cmake)
[1.434s] -- Found Python3: /usr/bin/python3.10 (found version "3.10.6") found components: Interpreter 
[1.435s] -- Found rclcpp: 16.0.1 (/opt/ros/humble/share/rclcpp/cmake)
[1.511s] -- Found rosidl_generator_c: 3.1.3 (/opt/ros/humble/share/rosidl_generator_c/cmake)
[1.520s] -- Found rosidl_adapter: 3.1.3 (/opt/ros/humble/share/rosidl_adapter/cmake)
[1.552s] -- Found rosidl_generator_cpp: 3.1.3 (/opt/ros/humble/share/rosidl_generator_cpp/cmake)
[1.604s] -- Using all available rosidl_typesupport_c: rosidl_typesupport_fastrtps_c;rosidl_typesupport_introspection_c
[1.655s] -- Using all available rosidl_typesupport_cpp: rosidl_typesupport_fastrtps_cpp;rosidl_typesupport_introspection_cpp
[1.914s] -- Found rmw_implementation_cmake: 6.1.0 (/opt/ros/humble/share/rmw_implementation_cmake/cmake)
[1.934s] -- Found rmw_fastrtps_cpp: 6.2.1 (/opt/ros/humble/share/rmw_fastrtps_cpp/cmake)
[2.353s] -- Found OpenSSL: /usr/lib/x86_64-linux-gnu/libcrypto.so (found version "3.0.2")  
[2.423s] -- Found FastRTPS: /opt/ros/humble/include  
[2.523s] -- Using RMW implementation 'rmw_fastrtps_cpp' as default
[3.072s] -- Found ament_lint_auto: 0.12.4 (/opt/ros/humble/share/ament_lint_auto/cmake)
[3.311s] -- Added test 'cppcheck' to perform static code analysis on C / C++ code
[3.312s] -- Configured cppcheck include dirs: $<BUILD_INTERFACE:/home/zzw/ws01_plumbing/src/cpp06_time/include>
[3.312s] -- Configured cppcheck exclude dirs and/or files: 
[3.315s] -- Added test 'lint_cmake' to check CMake code style
[3.316s] -- Added test 'uncrustify' to check C / C++ code style
[3.317s] -- Configured uncrustify additional arguments: 
[3.319s] -- Added test 'xmllint' to check XML markup files
[3.322s] -- Configuring done
[3.350s] -- Generating done
[3.353s] -- Build files have been written to: /home/zzw/ws01_plumbing/build/cpp06_time
[3.379s] Invoked command in '/home/zzw/ws01_plumbing/build/cpp06_time' returned '0': CMAKE_PREFIX_PATH=/opt/ros/humble /usr/bin/cmake /home/zzw/ws01_plumbing/src/cpp06_time -DCMAKE_INSTALL_PREFIX=/home/zzw/ws01_plumbing/install/cpp06_time
[3.382s] Invoking command in '/home/zzw/ws01_plumbing/build/cpp06_time': CMAKE_PREFIX_PATH=/opt/ros/humble /usr/bin/cmake --build /home/zzw/ws01_plumbing/build/cpp06_time -- -j8 -l8
[3.456s] [ 50%] [32mBuilding CXX object CMakeFiles/demo01_time.dir/src/demo01_time.cpp.o[0m
[26.012s] [100%] [32m[1mLinking CXX executable demo01_time[0m
[27.157s] [100%] Built target demo01_time
[27.209s] Invoked command in '/home/zzw/ws01_plumbing/build/cpp06_time' returned '0': CMAKE_PREFIX_PATH=/opt/ros/humble /usr/bin/cmake --build /home/zzw/ws01_plumbing/build/cpp06_time -- -j8 -l8
[27.308s] Invoking command in '/home/zzw/ws01_plumbing/build/cpp06_time': CMAKE_PREFIX_PATH=/opt/ros/humble /usr/bin/cmake --install /home/zzw/ws01_plumbing/build/cpp06_time
[27.331s] -- Install configuration: ""
[27.364s] -- Installing: /home/zzw/ws01_plumbing/install/cpp06_time/lib/cpp06_time/demo01_time
[27.365s] -- Set runtime path of "/home/zzw/ws01_plumbing/install/cpp06_time/lib/cpp06_time/demo01_time" to ""
[27.371s] -- Installing: /home/zzw/ws01_plumbing/install/cpp06_time/share/ament_index/resource_index/package_run_dependencies/cpp06_time
[27.372s] -- Installing: /home/zzw/ws01_plumbing/install/cpp06_time/share/ament_index/resource_index/parent_prefix_path/cpp06_time
[27.519s] -- Installing: /home/zzw/ws01_plumbing/install/cpp06_time/share/cpp06_time/environment/ament_prefix_path.sh
[27.519s] -- Installing: /home/zzw/ws01_plumbing/install/cpp06_time/share/cpp06_time/environment/ament_prefix_path.dsv
[27.541s] -- Installing: /home/zzw/ws01_plumbing/install/cpp06_time/share/cpp06_time/environment/path.sh
[27.542s] -- Installing: /home/zzw/ws01_plumbing/install/cpp06_time/share/cpp06_time/environment/path.dsv
[27.543s] -- Installing: /home/zzw/ws01_plumbing/install/cpp06_time/share/cpp06_time/local_setup.bash
[27.543s] -- Installing: /home/zzw/ws01_plumbing/install/cpp06_time/share/cpp06_time/local_setup.sh
[27.544s] -- Installing: /home/zzw/ws01_plumbing/install/cpp06_time/share/cpp06_time/local_setup.zsh
[27.558s] -- Installing: /home/zzw/ws01_plumbing/install/cpp06_time/share/cpp06_time/local_setup.dsv
[27.578s] -- Installing: /home/zzw/ws01_plumbing/install/cpp06_time/share/cpp06_time/package.dsv
[27.591s] -- Installing: /home/zzw/ws01_plumbing/install/cpp06_time/share/ament_index/resource_index/packages/cpp06_time
[27.593s] -- Installing: /home/zzw/ws01_plumbing/install/cpp06_time/share/cpp06_time/cmake/cpp06_timeConfig.cmake
[27.594s] -- Installing: /home/zzw/ws01_plumbing/install/cpp06_time/share/cpp06_time/cmake/cpp06_timeConfig-version.cmake
[27.606s] -- Installing: /home/zzw/ws01_plumbing/install/cpp06_time/share/cpp06_time/package.xml
[27.642s] Invoked command in '/home/zzw/ws01_plumbing/build/cpp06_time' returned '0': CMAKE_PREFIX_PATH=/opt/ros/humble /usr/bin/cmake --install /home/zzw/ws01_plumbing/build/cpp06_time
