[3.479s] Invoking command in '/home/zzw/ws01_plumbing/src/py05_names': PYTHONPATH=/home/zzw/ws01_plumbing/build/py05_names/prefix_override:/home/zzw/ws01_plumbing/install/py05_names/lib/python3.10/site-packages:${PYTHONPATH} /usr/bin/python3 setup.py egg_info --egg-base ../../build/py05_names build --build-base /home/zzw/ws01_plumbing/build/py05_names/build install --record /home/zzw/ws01_plumbing/build/py05_names/install.log --single-version-externally-managed
[4.132s] running egg_info
[4.144s] writing ../../build/py05_names/py05_names.egg-info/PKG-INFO
[4.146s] writing dependency_links to ../../build/py05_names/py05_names.egg-info/dependency_links.txt
[4.148s] writing entry points to ../../build/py05_names/py05_names.egg-info/entry_points.txt
[4.149s] writing requirements to ../../build/py05_names/py05_names.egg-info/requires.txt
[4.150s] writing top-level names to ../../build/py05_names/py05_names.egg-info/top_level.txt
[4.150s] reading manifest file '../../build/py05_names/py05_names.egg-info/SOURCES.txt'
[4.151s] writing manifest file '../../build/py05_names/py05_names.egg-info/SOURCES.txt'
[4.151s] running build
[4.152s] running build_py
[4.161s] running install
[4.162s] /usr/lib/python3/dist-packages/setuptools/command/install.py:34: SetuptoolsDeprecationWarning: setup.py install is deprecated. Use build and pip and other standards-based tools.
[4.162s]   warnings.warn(
[4.163s] running install_lib
[4.165s] running install_data
[4.165s] running install_egg_info
[4.169s] removing '/home/zzw/ws01_plumbing/install/py05_names/lib/python3.10/site-packages/py05_names-0.0.0-py3.10.egg-info' (and everything under it)
[4.170s] Copying ../../build/py05_names/py05_names.egg-info to /home/zzw/ws01_plumbing/install/py05_names/lib/python3.10/site-packages/py05_names-0.0.0-py3.10.egg-info
[4.178s] running install_scripts
[4.298s] Installing demo01_names_py script to /home/zzw/ws01_plumbing/install/py05_names/lib/py05_names
[4.299s] writing list of installed files to '/home/zzw/ws01_plumbing/build/py05_names/install.log'
[4.620s] Invoked command in '/home/zzw/ws01_plumbing/src/py05_names' returned '0': PYTHONPATH=/home/zzw/ws01_plumbing/build/py05_names/prefix_override:/home/zzw/ws01_plumbing/install/py05_names/lib/python3.10/site-packages:${PYTHONPATH} /usr/bin/python3 setup.py egg_info --egg-base ../../build/py05_names build --build-base /home/zzw/ws01_plumbing/build/py05_names/build install --record /home/zzw/ws01_plumbing/build/py05_names/install.log --single-version-externally-managed
