[1.915s] Invoking command in '/home/zzw/ws01_plumbing/src/py03_action': AMENT_PREFIX_PATH=/home/zzw/ws01_plumbing/install/base_interfaces_demo:${AMENT_PREFIX_PATH} CMAKE_PREFIX_PATH=/home/zzw/ws01_plumbing/install/base_interfaces_demo LD_LIBRARY_PATH=/home/zzw/ws01_plumbing/install/base_interfaces_demo/lib:${LD_LIBRARY_PATH} PYTHONPATH=/home/zzw/ws01_plumbing/build/py03_action/prefix_override:/home/zzw/ws01_plumbing/install/py03_action/lib/python3.10/site-packages:/home/zzw/ws01_plumbing/install/base_interfaces_demo/local/lib/python3.10/dist-packages:${PYTHONPATH} /usr/bin/python3 setup.py egg_info --egg-base ../../build/py03_action build --build-base /home/zzw/ws01_plumbing/build/py03_action/build install --record /home/zzw/ws01_plumbing/build/py03_action/install.log --single-version-externally-managed
[2.350s] running egg_info
[2.351s] writing ../../build/py03_action/py03_action.egg-info/PKG-INFO
[2.352s] writing dependency_links to ../../build/py03_action/py03_action.egg-info/dependency_links.txt
[2.352s] writing entry points to ../../build/py03_action/py03_action.egg-info/entry_points.txt
[2.353s] writing requirements to ../../build/py03_action/py03_action.egg-info/requires.txt
[2.353s] writing top-level names to ../../build/py03_action/py03_action.egg-info/top_level.txt
[2.354s] reading manifest file '../../build/py03_action/py03_action.egg-info/SOURCES.txt'
[2.389s] writing manifest file '../../build/py03_action/py03_action.egg-info/SOURCES.txt'
[2.389s] running build
[2.389s] running build_py
[2.390s] running install
[2.390s] /usr/lib/python3/dist-packages/setuptools/command/install.py:34: SetuptoolsDeprecationWarning: setup.py install is deprecated. Use build and pip and other standards-based tools.
[2.391s]   warnings.warn(
[2.391s] running install_lib
[2.394s] running install_data
[2.396s] running install_egg_info
[2.400s] removing '/home/zzw/ws01_plumbing/install/py03_action/lib/python3.10/site-packages/py03_action-0.0.0-py3.10.egg-info' (and everything under it)
[2.404s] Copying ../../build/py03_action/py03_action.egg-info to /home/zzw/ws01_plumbing/install/py03_action/lib/python3.10/site-packages/py03_action-0.0.0-py3.10.egg-info
[2.406s] running install_scripts
[2.464s] Installing demo01_action_server_py script to /home/zzw/ws01_plumbing/install/py03_action/lib/py03_action
[2.466s] Installing demo02_action_client_py script to /home/zzw/ws01_plumbing/install/py03_action/lib/py03_action
[2.467s] writing list of installed files to '/home/zzw/ws01_plumbing/build/py03_action/install.log'
[2.521s] Invoked command in '/home/zzw/ws01_plumbing/src/py03_action' returned '0': AMENT_PREFIX_PATH=/home/zzw/ws01_plumbing/install/base_interfaces_demo:${AMENT_PREFIX_PATH} CMAKE_PREFIX_PATH=/home/zzw/ws01_plumbing/install/base_interfaces_demo LD_LIBRARY_PATH=/home/zzw/ws01_plumbing/install/base_interfaces_demo/lib:${LD_LIBRARY_PATH} PYTHONPATH=/home/zzw/ws01_plumbing/build/py03_action/prefix_override:/home/zzw/ws01_plumbing/install/py03_action/lib/python3.10/site-packages:/home/zzw/ws01_plumbing/install/base_interfaces_demo/local/lib/python3.10/dist-packages:${PYTHONPATH} /usr/bin/python3 setup.py egg_info --egg-base ../../build/py03_action build --build-base /home/zzw/ws01_plumbing/build/py03_action/build install --record /home/zzw/ws01_plumbing/build/py03_action/install.log --single-version-externally-managed
