[1.461s] Invoking command in '/home/zzw/ws01_plumbing/build/cpp01_topic': AMENT_PREFIX_PATH=/home/zzw/ws01_plumbing/install/base_interfaces_demo:${AMENT_PREFIX_PATH} CMAKE_PREFIX_PATH=/home/zzw/ws01_plumbing/install/base_interfaces_demo:/opt/ros/humble LD_LIBRARY_PATH=/home/zzw/ws01_plumbing/install/base_interfaces_demo/lib:${LD_LIBRARY_PATH} PYTHONPATH=/home/zzw/ws01_plumbing/install/base_interfaces_demo/local/lib/python3.10/dist-packages:${PYTHONPATH} /usr/bin/cmake --build /home/zzw/ws01_plumbing/build/cpp01_topic -- -j8 -l8
[1.742s] [ 25%] Built target demo03_talker_stu
[1.759s] [ 50%] Built target demo01_talker_str
[1.759s] [ 75%] Built target demo02_listener_str
[1.790s] [100%] Built target demo04_listener_stu
[2.218s] Invoked command in '/home/zzw/ws01_plumbing/build/cpp01_topic' returned '0': AMENT_PREFIX_PATH=/home/zzw/ws01_plumbing/install/base_interfaces_demo:${AMENT_PREFIX_PATH} CMAKE_PREFIX_PATH=/home/zzw/ws01_plumbing/install/base_interfaces_demo:/opt/ros/humble LD_LIBRARY_PATH=/home/zzw/ws01_plumbing/install/base_interfaces_demo/lib:${LD_LIBRARY_PATH} PYTHONPATH=/home/zzw/ws01_plumbing/install/base_interfaces_demo/local/lib/python3.10/dist-packages:${PYTHONPATH} /usr/bin/cmake --build /home/zzw/ws01_plumbing/build/cpp01_topic -- -j8 -l8
[3.390s] Invoking command in '/home/zzw/ws01_plumbing/build/cpp01_topic': AMENT_PREFIX_PATH=/home/zzw/ws01_plumbing/install/base_interfaces_demo:${AMENT_PREFIX_PATH} CMAKE_PREFIX_PATH=/home/zzw/ws01_plumbing/install/base_interfaces_demo:/opt/ros/humble LD_LIBRARY_PATH=/home/zzw/ws01_plumbing/install/base_interfaces_demo/lib:${LD_LIBRARY_PATH} PYTHONPATH=/home/zzw/ws01_plumbing/install/base_interfaces_demo/local/lib/python3.10/dist-packages:${PYTHONPATH} /usr/bin/cmake --install /home/zzw/ws01_plumbing/build/cpp01_topic
[3.415s] -- Install configuration: ""
[3.417s] -- Up-to-date: /home/zzw/ws01_plumbing/install/cpp01_topic/lib/cpp01_topic/demo01_talker_str
[3.419s] -- Up-to-date: /home/zzw/ws01_plumbing/install/cpp01_topic/lib/cpp01_topic/demo02_listener_str
[3.422s] -- Up-to-date: /home/zzw/ws01_plumbing/install/cpp01_topic/lib/cpp01_topic/demo03_talker_stu
[3.425s] -- Up-to-date: /home/zzw/ws01_plumbing/install/cpp01_topic/lib/cpp01_topic/demo04_listener_stu
[3.426s] -- Up-to-date: /home/zzw/ws01_plumbing/install/cpp01_topic/share/ament_index/resource_index/package_run_dependencies/cpp01_topic
[3.427s] -- Up-to-date: /home/zzw/ws01_plumbing/install/cpp01_topic/share/ament_index/resource_index/parent_prefix_path/cpp01_topic
[3.427s] -- Up-to-date: /home/zzw/ws01_plumbing/install/cpp01_topic/share/cpp01_topic/environment/ament_prefix_path.sh
[3.428s] -- Up-to-date: /home/zzw/ws01_plumbing/install/cpp01_topic/share/cpp01_topic/environment/ament_prefix_path.dsv
[3.428s] -- Up-to-date: /home/zzw/ws01_plumbing/install/cpp01_topic/share/cpp01_topic/environment/path.sh
[3.429s] -- Up-to-date: /home/zzw/ws01_plumbing/install/cpp01_topic/share/cpp01_topic/environment/path.dsv
[3.431s] -- Up-to-date: /home/zzw/ws01_plumbing/install/cpp01_topic/share/cpp01_topic/local_setup.bash
[3.431s] -- Up-to-date: /home/zzw/ws01_plumbing/install/cpp01_topic/share/cpp01_topic/local_setup.sh
[3.432s] -- Up-to-date: /home/zzw/ws01_plumbing/install/cpp01_topic/share/cpp01_topic/local_setup.zsh
[3.432s] -- Up-to-date: /home/zzw/ws01_plumbing/install/cpp01_topic/share/cpp01_topic/local_setup.dsv
[3.433s] -- Installing: /home/zzw/ws01_plumbing/install/cpp01_topic/share/cpp01_topic/package.dsv
[3.449s] -- Up-to-date: /home/zzw/ws01_plumbing/install/cpp01_topic/share/ament_index/resource_index/packages/cpp01_topic
[3.466s] -- Up-to-date: /home/zzw/ws01_plumbing/install/cpp01_topic/share/cpp01_topic/cmake/cpp01_topicConfig.cmake
[3.467s] -- Up-to-date: /home/zzw/ws01_plumbing/install/cpp01_topic/share/cpp01_topic/cmake/cpp01_topicConfig-version.cmake
[3.468s] -- Up-to-date: /home/zzw/ws01_plumbing/install/cpp01_topic/share/cpp01_topic/package.xml
[3.516s] Invoked command in '/home/zzw/ws01_plumbing/build/cpp01_topic' returned '0': AMENT_PREFIX_PATH=/home/zzw/ws01_plumbing/install/base_interfaces_demo:${AMENT_PREFIX_PATH} CMAKE_PREFIX_PATH=/home/zzw/ws01_plumbing/install/base_interfaces_demo:/opt/ros/humble LD_LIBRARY_PATH=/home/zzw/ws01_plumbing/install/base_interfaces_demo/lib:${LD_LIBRARY_PATH} PYTHONPATH=/home/zzw/ws01_plumbing/install/base_interfaces_demo/local/lib/python3.10/dist-packages:${PYTHONPATH} /usr/bin/cmake --install /home/zzw/ws01_plumbing/build/cpp01_topic
