[2.879s] Invoking command in '/home/zzw/ws01_plumbing/build/cpp07_exercise': AMENT_PREFIX_PATH=/home/zzw/ws01_plumbing/install/base_interfaces_demo:${AMENT_PREFIX_PATH} CMAKE_PREFIX_PATH=/home/zzw/ws01_plumbing/install/base_interfaces_demo:/opt/ros/humble LD_LIBRARY_PATH=/home/zzw/ws01_plumbing/install/base_interfaces_demo/lib:${LD_LIBRARY_PATH} PYTHONPATH=/home/zzw/ws01_plumbing/install/base_interfaces_demo/local/lib/python3.10/dist-packages:${PYTHONPATH} /usr/bin/cmake --build /home/zzw/ws01_plumbing/build/cpp07_exercise -- -j8 -l8
[3.077s] [ 33%] Built target exer03_client
[3.077s] [ 66%] Built target exer01_pub_sub
[3.093s] [100%] Built target exer02_server
[3.137s] Invoked command in '/home/zzw/ws01_plumbing/build/cpp07_exercise' returned '0': AMENT_PREFIX_PATH=/home/zzw/ws01_plumbing/install/base_interfaces_demo:${AMENT_PREFIX_PATH} CMAKE_PREFIX_PATH=/home/zzw/ws01_plumbing/install/base_interfaces_demo:/opt/ros/humble LD_LIBRARY_PATH=/home/zzw/ws01_plumbing/install/base_interfaces_demo/lib:${LD_LIBRARY_PATH} PYTHONPATH=/home/zzw/ws01_plumbing/install/base_interfaces_demo/local/lib/python3.10/dist-packages:${PYTHONPATH} /usr/bin/cmake --build /home/zzw/ws01_plumbing/build/cpp07_exercise -- -j8 -l8
[3.311s] Invoking command in '/home/zzw/ws01_plumbing/build/cpp07_exercise': AMENT_PREFIX_PATH=/home/zzw/ws01_plumbing/install/base_interfaces_demo:${AMENT_PREFIX_PATH} CMAKE_PREFIX_PATH=/home/zzw/ws01_plumbing/install/base_interfaces_demo:/opt/ros/humble LD_LIBRARY_PATH=/home/zzw/ws01_plumbing/install/base_interfaces_demo/lib:${LD_LIBRARY_PATH} PYTHONPATH=/home/zzw/ws01_plumbing/install/base_interfaces_demo/local/lib/python3.10/dist-packages:${PYTHONPATH} /usr/bin/cmake --install /home/zzw/ws01_plumbing/build/cpp07_exercise
[3.349s] -- Install configuration: ""
[3.351s] -- Up-to-date: /home/zzw/ws01_plumbing/install/cpp07_exercise/lib/cpp07_exercise/exer01_pub_sub
[3.353s] -- Up-to-date: /home/zzw/ws01_plumbing/install/cpp07_exercise/lib/cpp07_exercise/exer02_server
[3.354s] -- Up-to-date: /home/zzw/ws01_plumbing/install/cpp07_exercise/lib/cpp07_exercise/exer03_client
[3.356s] -- Up-to-date: /home/zzw/ws01_plumbing/install/cpp07_exercise/share/cpp07_exercise/launch
[3.357s] -- Up-to-date: /home/zzw/ws01_plumbing/install/cpp07_exercise/share/cpp07_exercise/launch/exer03_client_launch.py
[3.357s] -- Up-to-date: /home/zzw/ws01_plumbing/install/cpp07_exercise/share/cpp07_exercise/launch/exer01_pub_sub_launch.py
[3.358s] -- Up-to-date: /home/zzw/ws01_plumbing/install/cpp07_exercise/share/cpp07_exercise/launch/exer02_server_launch.py
[3.359s] -- Up-to-date: /home/zzw/ws01_plumbing/install/cpp07_exercise/share/ament_index/resource_index/package_run_dependencies/cpp07_exercise
[3.360s] -- Up-to-date: /home/zzw/ws01_plumbing/install/cpp07_exercise/share/ament_index/resource_index/parent_prefix_path/cpp07_exercise
[3.360s] -- Up-to-date: /home/zzw/ws01_plumbing/install/cpp07_exercise/share/cpp07_exercise/environment/ament_prefix_path.sh
[3.360s] -- Up-to-date: /home/zzw/ws01_plumbing/install/cpp07_exercise/share/cpp07_exercise/environment/ament_prefix_path.dsv
[3.361s] -- Up-to-date: /home/zzw/ws01_plumbing/install/cpp07_exercise/share/cpp07_exercise/environment/path.sh
[3.361s] -- Up-to-date: /home/zzw/ws01_plumbing/install/cpp07_exercise/share/cpp07_exercise/environment/path.dsv
[3.362s] -- Up-to-date: /home/zzw/ws01_plumbing/install/cpp07_exercise/share/cpp07_exercise/local_setup.bash
[3.363s] -- Up-to-date: /home/zzw/ws01_plumbing/install/cpp07_exercise/share/cpp07_exercise/local_setup.sh
[3.364s] -- Up-to-date: /home/zzw/ws01_plumbing/install/cpp07_exercise/share/cpp07_exercise/local_setup.zsh
[3.364s] -- Up-to-date: /home/zzw/ws01_plumbing/install/cpp07_exercise/share/cpp07_exercise/local_setup.dsv
[3.365s] -- Installing: /home/zzw/ws01_plumbing/install/cpp07_exercise/share/cpp07_exercise/package.dsv
[3.373s] -- Up-to-date: /home/zzw/ws01_plumbing/install/cpp07_exercise/share/ament_index/resource_index/packages/cpp07_exercise
[3.374s] -- Up-to-date: /home/zzw/ws01_plumbing/install/cpp07_exercise/share/cpp07_exercise/cmake/cpp07_exerciseConfig.cmake
[3.374s] -- Up-to-date: /home/zzw/ws01_plumbing/install/cpp07_exercise/share/cpp07_exercise/cmake/cpp07_exerciseConfig-version.cmake
[3.375s] -- Up-to-date: /home/zzw/ws01_plumbing/install/cpp07_exercise/share/cpp07_exercise/package.xml
[3.384s] Invoked command in '/home/zzw/ws01_plumbing/build/cpp07_exercise' returned '0': AMENT_PREFIX_PATH=/home/zzw/ws01_plumbing/install/base_interfaces_demo:${AMENT_PREFIX_PATH} CMAKE_PREFIX_PATH=/home/zzw/ws01_plumbing/install/base_interfaces_demo:/opt/ros/humble LD_LIBRARY_PATH=/home/zzw/ws01_plumbing/install/base_interfaces_demo/lib:${LD_LIBRARY_PATH} PYTHONPATH=/home/zzw/ws01_plumbing/install/base_interfaces_demo/local/lib/python3.10/dist-packages:${PYTHONPATH} /usr/bin/cmake --install /home/zzw/ws01_plumbing/build/cpp07_exercise
