[4.345s] Invoking command in '/home/zzw/ws01_plumbing/src/py02_service': AMENT_PREFIX_PATH=/home/zzw/ws01_plumbing/install/base_interfaces_demo:${AMENT_PREFIX_PATH} CMAKE_PREFIX_PATH=/home/zzw/ws01_plumbing/install/base_interfaces_demo LD_LIBRARY_PATH=/home/zzw/ws01_plumbing/install/base_interfaces_demo/lib:${LD_LIBRARY_PATH} PYTHONPATH=/home/zzw/ws01_plumbing/build/py02_service/prefix_override:/home/zzw/ws01_plumbing/install/py02_service/lib/python3.10/site-packages:/home/zzw/ws01_plumbing/install/base_interfaces_demo/local/lib/python3.10/dist-packages:${PYTHONPATH} /usr/bin/python3 setup.py egg_info --egg-base ../../build/py02_service build --build-base /home/zzw/ws01_plumbing/build/py02_service/build install --record /home/zzw/ws01_plumbing/build/py02_service/install.log --single-version-externally-managed
[4.842s] running egg_info
[4.847s] writing ../../build/py02_service/py02_service.egg-info/PKG-INFO
[4.848s] writing dependency_links to ../../build/py02_service/py02_service.egg-info/dependency_links.txt
[4.848s] writing entry points to ../../build/py02_service/py02_service.egg-info/entry_points.txt
[4.849s] writing requirements to ../../build/py02_service/py02_service.egg-info/requires.txt
[4.850s] writing top-level names to ../../build/py02_service/py02_service.egg-info/top_level.txt
[4.856s] reading manifest file '../../build/py02_service/py02_service.egg-info/SOURCES.txt'
[4.861s] writing manifest file '../../build/py02_service/py02_service.egg-info/SOURCES.txt'
[4.862s] running build
[4.862s] running build_py
[4.863s] running install
[4.863s] /usr/lib/python3/dist-packages/setuptools/command/install.py:34: SetuptoolsDeprecationWarning: setup.py install is deprecated. Use build and pip and other standards-based tools.
[4.864s]   warnings.warn(
[4.865s] running install_lib
[4.868s] running install_data
[4.870s] running install_egg_info
[4.873s] removing '/home/zzw/ws01_plumbing/install/py02_service/lib/python3.10/site-packages/py02_service-0.0.0-py3.10.egg-info' (and everything under it)
[4.875s] Copying ../../build/py02_service/py02_service.egg-info to /home/zzw/ws01_plumbing/install/py02_service/lib/python3.10/site-packages/py02_service-0.0.0-py3.10.egg-info
[4.891s] running install_scripts
[4.938s] Installing demo01_server_py script to /home/zzw/ws01_plumbing/install/py02_service/lib/py02_service
[4.939s] Installing demo02_client_py script to /home/zzw/ws01_plumbing/install/py02_service/lib/py02_service
[4.940s] writing list of installed files to '/home/zzw/ws01_plumbing/build/py02_service/install.log'
[5.012s] Invoked command in '/home/zzw/ws01_plumbing/src/py02_service' returned '0': AMENT_PREFIX_PATH=/home/zzw/ws01_plumbing/install/base_interfaces_demo:${AMENT_PREFIX_PATH} CMAKE_PREFIX_PATH=/home/zzw/ws01_plumbing/install/base_interfaces_demo LD_LIBRARY_PATH=/home/zzw/ws01_plumbing/install/base_interfaces_demo/lib:${LD_LIBRARY_PATH} PYTHONPATH=/home/zzw/ws01_plumbing/build/py02_service/prefix_override:/home/zzw/ws01_plumbing/install/py02_service/lib/python3.10/site-packages:/home/zzw/ws01_plumbing/install/base_interfaces_demo/local/lib/python3.10/dist-packages:${PYTHONPATH} /usr/bin/python3 setup.py egg_info --egg-base ../../build/py02_service build --build-base /home/zzw/ws01_plumbing/build/py02_service/build install --record /home/zzw/ws01_plumbing/build/py02_service/install.log --single-version-externally-managed
