[1.818s] Invoking command in '/home/zzw/ws01_plumbing/src/py02_service': AMENT_PREFIX_PATH=/home/zzw/ws01_plumbing/install/base_interfaces_demo:${AMENT_PREFIX_PATH} CMAKE_PREFIX_PATH=/home/zzw/ws01_plumbing/install/base_interfaces_demo LD_LIBRARY_PATH=/home/zzw/ws01_plumbing/install/base_interfaces_demo/lib:${LD_LIBRARY_PATH} PYTHONPATH=/home/zzw/ws01_plumbing/build/py02_service/prefix_override:/home/zzw/ws01_plumbing/install/py02_service/lib/python3.10/site-packages:/home/zzw/ws01_plumbing/install/base_interfaces_demo/local/lib/python3.10/dist-packages:${PYTHONPATH} /usr/bin/python3 setup.py egg_info --egg-base ../../build/py02_service build --build-base /home/zzw/ws01_plumbing/build/py02_service/build install --record /home/zzw/ws01_plumbing/build/py02_service/install.log --single-version-externally-managed
[2.310s] running egg_info
[2.312s] writing ../../build/py02_service/py02_service.egg-info/PKG-INFO
[2.312s] writing dependency_links to ../../build/py02_service/py02_service.egg-info/dependency_links.txt
[2.313s] writing entry points to ../../build/py02_service/py02_service.egg-info/entry_points.txt
[2.313s] writing requirements to ../../build/py02_service/py02_service.egg-info/requires.txt
[2.314s] writing top-level names to ../../build/py02_service/py02_service.egg-info/top_level.txt
[2.317s] reading manifest file '../../build/py02_service/py02_service.egg-info/SOURCES.txt'
[2.356s] writing manifest file '../../build/py02_service/py02_service.egg-info/SOURCES.txt'
[2.356s] running build
[2.356s] running build_py
[2.357s] running install
[2.358s] /usr/lib/python3/dist-packages/setuptools/command/install.py:34: SetuptoolsDeprecationWarning: setup.py install is deprecated. Use build and pip and other standards-based tools.
[2.358s]   warnings.warn(
[2.358s] running install_lib
[2.360s] running install_data
[2.361s] running install_egg_info
[2.363s] removing '/home/zzw/ws01_plumbing/install/py02_service/lib/python3.10/site-packages/py02_service-0.0.0-py3.10.egg-info' (and everything under it)
[2.384s] Copying ../../build/py02_service/py02_service.egg-info to /home/zzw/ws01_plumbing/install/py02_service/lib/python3.10/site-packages/py02_service-0.0.0-py3.10.egg-info
[2.387s] running install_scripts
[2.421s] Installing demo01_server_py script to /home/zzw/ws01_plumbing/install/py02_service/lib/py02_service
[2.422s] Installing demo02_client_py script to /home/zzw/ws01_plumbing/install/py02_service/lib/py02_service
[2.423s] writing list of installed files to '/home/zzw/ws01_plumbing/build/py02_service/install.log'
[2.505s] Invoked command in '/home/zzw/ws01_plumbing/src/py02_service' returned '0': AMENT_PREFIX_PATH=/home/zzw/ws01_plumbing/install/base_interfaces_demo:${AMENT_PREFIX_PATH} CMAKE_PREFIX_PATH=/home/zzw/ws01_plumbing/install/base_interfaces_demo LD_LIBRARY_PATH=/home/zzw/ws01_plumbing/install/base_interfaces_demo/lib:${LD_LIBRARY_PATH} PYTHONPATH=/home/zzw/ws01_plumbing/build/py02_service/prefix_override:/home/zzw/ws01_plumbing/install/py02_service/lib/python3.10/site-packages:/home/zzw/ws01_plumbing/install/base_interfaces_demo/local/lib/python3.10/dist-packages:${PYTHONPATH} /usr/bin/python3 setup.py egg_info --egg-base ../../build/py02_service build --build-base /home/zzw/ws01_plumbing/build/py02_service/build install --record /home/zzw/ws01_plumbing/build/py02_service/install.log --single-version-externally-managed
